0.000000000000000000e+00 1.580000000000000071e+01
1.024000000000000000e+03 1.669999999999999929e+01
2.048000000000000000e+03 5.489999999999999858e+01
3.072000000000000000e+03 4.510000000000000142e+01
4.096000000000000000e+03 4.589999999999999858e+01
5.120000000000000000e+03 7.779999999999999716e+01
6.144000000000000000e+03 5.329999999999999716e+01
7.168000000000000000e+03 8.590000000000000568e+01
8.192000000000000000e+03 1.568000000000000114e+02
9.216000000000000000e+03 1.257000000000000028e+02
1.024000000000000000e+04 5.350000000000000000e+01
1.126400000000000000e+04 5.750000000000000000e+01
1.228800000000000000e+04 7.229999999999999716e+01
1.331200000000000000e+04 1.150000000000000000e+02
1.433600000000000000e+04 1.584000000000000057e+02
1.536000000000000000e+04 3.019999999999999929e+01
1.638400000000000000e+04 5.410000000000000142e+01
1.740800000000000000e+04 1.629000000000000057e+02
1.843200000000000000e+04 1.959000000000000057e+02
1.945600000000000000e+04 1.773000000000000114e+02
2.048000000000000000e+04 1.247999999999999972e+02
2.150400000000000000e+04 7.440000000000000568e+01
2.252800000000000000e+04 9.720000000000000284e+01
2.355200000000000000e+04 3.720000000000000284e+01
2.457600000000000000e+04 1.841999999999999886e+02
2.560000000000000000e+04 2.450999999999999943e+02
2.662400000000000000e+04 2.294000000000000057e+02
2.764800000000000000e+04 2.164000000000000057e+02
2.867200000000000000e+04 2.213000000000000114e+02
2.969600000000000000e+04 2.420999999999999943e+02
3.072000000000000000e+04 2.338000000000000114e+02
3.174400000000000000e+04 2.140000000000000000e+02
3.276800000000000000e+04 1.219000000000000057e+02
3.379200000000000000e+04 1.496999999999999886e+02
3.481600000000000000e+04 2.601000000000000227e+02
3.584000000000000000e+04 1.878000000000000114e+02
3.686400000000000000e+04 2.170999999999999943e+02
3.788800000000000000e+04 2.484000000000000057e+02
3.891200000000000000e+04 4.915000000000000000e+02
3.993600000000000000e+04 2.738000000000000114e+02
4.096000000000000000e+04 3.956000000000000227e+02
4.198400000000000000e+04 2.038000000000000114e+02
4.300800000000000000e+04 1.120999999999999943e+02
4.403200000000000000e+04 6.809999999999999432e+01
4.505600000000000000e+04 1.530999999999999943e+02
4.608000000000000000e+04 3.021999999999999886e+02
4.710400000000000000e+04 3.226000000000000227e+02
4.812800000000000000e+04 4.686000000000000227e+02
4.915200000000000000e+04 1.020999999999999943e+02
5.017600000000000000e+04 3.420000000000000284e+01
5.120000000000000000e+04 1.150000000000000000e+02
5.222400000000000000e+04 1.878000000000000114e+02
5.324800000000000000e+04 2.095000000000000000e+02
5.427200000000000000e+04 7.579999999999999716e+01
5.529600000000000000e+04 8.540000000000000568e+01
5.632000000000000000e+04 1.618000000000000114e+02
5.734400000000000000e+04 1.383000000000000114e+02
5.836800000000000000e+04 1.465000000000000000e+02
5.939200000000000000e+04 2.016999999999999886e+02
6.041600000000000000e+04 3.453000000000000114e+02
6.144000000000000000e+04 2.988000000000000114e+02
6.246400000000000000e+04 3.698999999999999773e+02
6.348800000000000000e+04 2.000000000000000000e+02
6.451200000000000000e+04 3.966999999999999886e+02
6.553600000000000000e+04 3.340000000000000000e+02
6.656000000000000000e+04 3.706999999999999886e+02
6.758400000000000000e+04 3.458000000000000114e+02
6.860800000000000000e+04 4.843999999999999773e+02
6.963200000000000000e+04 2.903000000000000114e+02
7.065600000000000000e+04 2.330000000000000000e+02
7.168000000000000000e+04 2.435000000000000000e+02
7.270400000000000000e+04 5.000000000000000000e+02
7.372800000000000000e+04 4.783000000000000114e+02
7.475200000000000000e+04 5.000000000000000000e+02
7.577600000000000000e+04 5.000000000000000000e+02
7.680000000000000000e+04 2.170000000000000000e+02
7.782400000000000000e+04 7.450000000000000000e+01
7.884800000000000000e+04 7.520000000000000284e+01
7.987200000000000000e+04 5.000000000000000000e+02
8.089600000000000000e+04 4.700000000000000000e+02
8.192000000000000000e+04 4.808000000000000114e+02
8.294400000000000000e+04 4.215000000000000000e+02
8.396800000000000000e+04 2.898999999999999773e+02
8.499200000000000000e+04 3.726000000000000227e+02
8.601600000000000000e+04 2.756999999999999886e+02
8.704000000000000000e+04 3.170000000000000000e+02
8.806400000000000000e+04 2.776999999999999886e+02
8.908800000000000000e+04 2.376999999999999886e+02
9.011200000000000000e+04 1.604000000000000057e+02
9.113600000000000000e+04 5.170000000000000284e+01
9.216000000000000000e+04 3.189999999999999858e+01
9.318400000000000000e+04 1.313000000000000114e+02
9.420800000000000000e+04 3.891999999999999886e+02
9.523200000000000000e+04 3.140000000000000000e+02
9.625600000000000000e+04 1.410000000000000000e+02
9.728000000000000000e+04 5.000000000000000000e+02
9.830400000000000000e+04 4.300000000000000000e+02
9.932800000000000000e+04 1.260000000000000000e+02
1.003520000000000000e+05 5.000000000000000000e+02
1.013760000000000000e+05 5.000000000000000000e+02
