0.000000000000000000e+00 2.080000000000000071e+01
1.024000000000000000e+03 5.320000000000000284e+01
2.048000000000000000e+03 2.800000000000000000e+01
3.072000000000000000e+03 4.720000000000000284e+01
4.096000000000000000e+03 2.900000000000000000e+01
5.120000000000000000e+03 4.360000000000000142e+01
6.144000000000000000e+03 5.550000000000000000e+01
7.168000000000000000e+03 8.459999999999999432e+01
8.192000000000000000e+03 6.100000000000000000e+01
9.216000000000000000e+03 1.099000000000000057e+02
1.024000000000000000e+04 1.254000000000000057e+02
1.126400000000000000e+04 1.325999999999999943e+02
1.228800000000000000e+04 1.476999999999999886e+02
1.331200000000000000e+04 1.355000000000000000e+02
1.433600000000000000e+04 1.390999999999999943e+02
1.536000000000000000e+04 5.729999999999999716e+01
1.638400000000000000e+04 4.350000000000000000e+01
1.740800000000000000e+04 2.025000000000000000e+02
1.843200000000000000e+04 1.476999999999999886e+02
1.945600000000000000e+04 1.075999999999999943e+02
2.048000000000000000e+04 8.040000000000000568e+01
2.150400000000000000e+04 1.092000000000000028e+02
2.252800000000000000e+04 1.495999999999999943e+02
2.355200000000000000e+04 1.298000000000000114e+02
2.457600000000000000e+04 1.329000000000000057e+02
2.560000000000000000e+04 3.798999999999999773e+02
2.662400000000000000e+04 1.280000000000000000e+02
2.764800000000000000e+04 7.490000000000000568e+01
2.867200000000000000e+04 1.040999999999999943e+02
2.969600000000000000e+04 2.425999999999999943e+02
3.072000000000000000e+04 2.225000000000000000e+02
3.174400000000000000e+04 1.845999999999999943e+02
3.276800000000000000e+04 3.691000000000000227e+02
3.379200000000000000e+04 2.658999999999999773e+02
3.481600000000000000e+04 2.246999999999999886e+02
3.584000000000000000e+04 1.464000000000000057e+02
3.686400000000000000e+04 4.321000000000000227e+02
3.788800000000000000e+04 2.193000000000000114e+02
3.891200000000000000e+04 2.343000000000000114e+02
3.993600000000000000e+04 1.418000000000000114e+02
4.096000000000000000e+04 3.320000000000000284e+01
4.198400000000000000e+04 8.550000000000000000e+01
4.300800000000000000e+04 1.250000000000000000e+02
4.403200000000000000e+04 5.610000000000000142e+01
4.505600000000000000e+04 1.262999999999999972e+02
4.608000000000000000e+04 3.091000000000000227e+02
4.710400000000000000e+04 2.685000000000000000e+02
4.812800000000000000e+04 2.948000000000000114e+02
4.915200000000000000e+04 1.675999999999999943e+02
5.017600000000000000e+04 3.993999999999999773e+02
5.120000000000000000e+04 3.748999999999999773e+02
5.222400000000000000e+04 2.990000000000000000e+02
5.324800000000000000e+04 3.536000000000000227e+02
5.427200000000000000e+04 3.391000000000000227e+02
5.529600000000000000e+04 1.824000000000000057e+02
5.632000000000000000e+04 1.000999999999999943e+02
5.734400000000000000e+04 1.673000000000000114e+02
5.836800000000000000e+04 8.379999999999999716e+01
5.939200000000000000e+04 2.338000000000000114e+02
6.041600000000000000e+04 3.165000000000000000e+02
6.144000000000000000e+04 1.600999999999999943e+02
6.246400000000000000e+04 1.643000000000000114e+02
6.348800000000000000e+04 1.920000000000000000e+02
6.451200000000000000e+04 2.006999999999999886e+02
6.553600000000000000e+04 4.588999999999999773e+02
6.656000000000000000e+04 4.040000000000000000e+02
6.758400000000000000e+04 1.505999999999999943e+02
6.860800000000000000e+04 2.953000000000000114e+02
6.963200000000000000e+04 1.095000000000000000e+02
7.065600000000000000e+04 1.798000000000000114e+02
7.168000000000000000e+04 1.818000000000000114e+02
7.270400000000000000e+04 1.304000000000000057e+02
7.372800000000000000e+04 1.699000000000000057e+02
7.475200000000000000e+04 2.289000000000000057e+02
7.577600000000000000e+04 1.489000000000000057e+02
7.680000000000000000e+04 1.658000000000000114e+02
7.782400000000000000e+04 2.773999999999999773e+02
7.884800000000000000e+04 2.134000000000000057e+02
7.987200000000000000e+04 1.436999999999999886e+02
8.089600000000000000e+04 1.272999999999999972e+02
8.192000000000000000e+04 2.823999999999999773e+02
8.294400000000000000e+04 2.873999999999999773e+02
8.396800000000000000e+04 2.451999999999999886e+02
8.499200000000000000e+04 1.978000000000000114e+02
8.601600000000000000e+04 3.573999999999999773e+02
8.704000000000000000e+04 3.993000000000000114e+02
8.806400000000000000e+04 4.436999999999999886e+02
8.908800000000000000e+04 4.278000000000000114e+02
9.011200000000000000e+04 3.801000000000000227e+02
9.113600000000000000e+04 3.711000000000000227e+02
9.216000000000000000e+04 3.456000000000000227e+02
9.318400000000000000e+04 3.148999999999999773e+02
9.420800000000000000e+04 3.515000000000000000e+02
9.523200000000000000e+04 2.958000000000000114e+02
9.625600000000000000e+04 4.083999999999999773e+02
9.728000000000000000e+04 5.000000000000000000e+02
9.830400000000000000e+04 4.208999999999999773e+02
9.932800000000000000e+04 2.115000000000000000e+02
1.003520000000000000e+05 2.190999999999999943e+02
1.013760000000000000e+05 2.656999999999999886e+02
