0.000000000000000000e+00 2.500000000000000000e+01
1.024000000000000000e+03 4.950000000000000000e+01
2.048000000000000000e+03 2.669999999999999929e+01
3.072000000000000000e+03 4.400000000000000000e+01
4.096000000000000000e+03 5.310000000000000142e+01
5.120000000000000000e+03 4.379999999999999716e+01
6.144000000000000000e+03 5.139999999999999858e+01
7.168000000000000000e+03 7.690000000000000568e+01
8.192000000000000000e+03 3.929999999999999716e+01
9.216000000000000000e+03 6.200000000000000000e+01
1.024000000000000000e+04 5.800000000000000000e+01
1.126400000000000000e+04 7.050000000000000000e+01
1.228800000000000000e+04 5.989999999999999858e+01
1.331200000000000000e+04 8.559999999999999432e+01
1.433600000000000000e+04 8.529999999999999716e+01
1.536000000000000000e+04 4.970000000000000284e+01
1.638400000000000000e+04 9.920000000000000284e+01
1.740800000000000000e+04 1.275000000000000000e+02
1.843200000000000000e+04 1.142000000000000028e+02
1.945600000000000000e+04 2.353000000000000114e+02
2.048000000000000000e+04 9.540000000000000568e+01
2.150400000000000000e+04 1.055999999999999943e+02
2.252800000000000000e+04 1.944000000000000057e+02
2.355200000000000000e+04 8.650000000000000000e+01
2.457600000000000000e+04 3.979999999999999716e+01
2.560000000000000000e+04 1.718000000000000114e+02
2.662400000000000000e+04 1.376999999999999886e+02
2.764800000000000000e+04 1.229000000000000057e+02
2.867200000000000000e+04 1.114000000000000057e+02
2.969600000000000000e+04 8.800000000000000000e+01
3.072000000000000000e+04 2.211999999999999886e+02
3.174400000000000000e+04 2.406999999999999886e+02
3.276800000000000000e+04 3.686999999999999886e+02
3.379200000000000000e+04 1.270999999999999943e+02
3.481600000000000000e+04 2.124000000000000057e+02
3.584000000000000000e+04 1.619000000000000057e+02
3.686400000000000000e+04 1.755000000000000000e+02
3.788800000000000000e+04 3.661999999999999886e+02
3.891200000000000000e+04 1.150000000000000000e+02
3.993600000000000000e+04 2.880000000000000000e+02
4.096000000000000000e+04 4.661000000000000227e+02
4.198400000000000000e+04 2.356999999999999886e+02
4.300800000000000000e+04 1.669000000000000057e+02
4.403200000000000000e+04 1.245000000000000000e+02
4.505600000000000000e+04 7.700000000000000000e+01
4.608000000000000000e+04 1.709000000000000057e+02
4.710400000000000000e+04 2.549000000000000057e+02
4.812800000000000000e+04 2.328000000000000114e+02
4.915200000000000000e+04 2.628999999999999773e+02
5.017600000000000000e+04 1.604000000000000057e+02
5.120000000000000000e+04 4.233999999999999773e+02
5.222400000000000000e+04 6.579999999999999716e+01
5.324800000000000000e+04 1.490999999999999943e+02
5.427200000000000000e+04 5.000000000000000000e+02
5.529600000000000000e+04 2.838000000000000114e+02
5.632000000000000000e+04 4.155000000000000000e+02
5.734400000000000000e+04 1.813000000000000114e+02
5.836800000000000000e+04 1.683000000000000114e+02
5.939200000000000000e+04 1.175999999999999943e+02
6.041600000000000000e+04 1.082000000000000028e+02
6.144000000000000000e+04 7.229999999999999716e+01
6.246400000000000000e+04 7.829999999999999716e+01
6.348800000000000000e+04 1.092999999999999972e+02
6.451200000000000000e+04 2.110999999999999943e+02
6.553600000000000000e+04 2.965000000000000000e+02
6.656000000000000000e+04 3.313000000000000114e+02
6.758400000000000000e+04 2.953999999999999773e+02
6.860800000000000000e+04 3.098000000000000114e+02
6.963200000000000000e+04 3.276000000000000227e+02
7.065600000000000000e+04 4.568000000000000114e+02
7.168000000000000000e+04 2.248000000000000114e+02
7.270400000000000000e+04 1.889000000000000057e+02
7.372800000000000000e+04 4.980000000000000000e+02
7.475200000000000000e+04 2.175000000000000000e+02
7.577600000000000000e+04 1.361999999999999886e+02
7.680000000000000000e+04 2.018000000000000114e+02
7.782400000000000000e+04 4.255000000000000000e+02
7.884800000000000000e+04 3.443999999999999773e+02
7.987200000000000000e+04 3.363999999999999773e+02
8.089600000000000000e+04 3.813999999999999773e+02
8.192000000000000000e+04 4.133000000000000114e+02
8.294400000000000000e+04 4.913999999999999773e+02
8.396800000000000000e+04 2.563999999999999773e+02
8.499200000000000000e+04 3.473000000000000114e+02
8.601600000000000000e+04 3.798000000000000114e+02
8.704000000000000000e+04 2.563999999999999773e+02
8.806400000000000000e+04 9.950000000000000000e+01
8.908800000000000000e+04 1.107000000000000028e+02
9.011200000000000000e+04 1.285999999999999943e+02
9.113600000000000000e+04 1.219000000000000057e+02
9.216000000000000000e+04 1.330999999999999943e+02
9.318400000000000000e+04 3.889999999999999858e+01
9.420800000000000000e+04 4.760000000000000142e+01
9.523200000000000000e+04 1.371999999999999886e+02
9.625600000000000000e+04 1.262999999999999972e+02
9.728000000000000000e+04 1.145999999999999943e+02
9.830400000000000000e+04 1.698000000000000114e+02
9.932800000000000000e+04 2.150000000000000000e+02
1.003520000000000000e+05 2.469000000000000057e+02
1.013760000000000000e+05 1.595999999999999943e+02
