0.000000000000000000e+00 1.989999999999999858e+01
1.024000000000000000e+03 2.500000000000000000e+01
2.048000000000000000e+03 4.110000000000000142e+01
3.072000000000000000e+03 4.900000000000000000e+01
4.096000000000000000e+03 5.060000000000000142e+01
5.120000000000000000e+03 5.429999999999999716e+01
6.144000000000000000e+03 3.410000000000000142e+01
7.168000000000000000e+03 5.870000000000000284e+01
8.192000000000000000e+03 4.489999999999999858e+01
9.216000000000000000e+03 5.789999999999999858e+01
1.024000000000000000e+04 4.989999999999999858e+01
1.126400000000000000e+04 7.879999999999999716e+01
1.228800000000000000e+04 5.170000000000000284e+01
1.331200000000000000e+04 9.359999999999999432e+01
1.433600000000000000e+04 8.770000000000000284e+01
1.536000000000000000e+04 1.129000000000000057e+02
1.638400000000000000e+04 1.411999999999999886e+02
1.740800000000000000e+04 8.459999999999999432e+01
1.843200000000000000e+04 1.075000000000000000e+02
1.945600000000000000e+04 9.040000000000000568e+01
2.048000000000000000e+04 5.270000000000000284e+01
2.150400000000000000e+04 3.879999999999999716e+01
2.252800000000000000e+04 3.560000000000000142e+01
2.355200000000000000e+04 9.609999999999999432e+01
2.457600000000000000e+04 1.353000000000000114e+02
2.560000000000000000e+04 1.333000000000000114e+02
2.662400000000000000e+04 2.125999999999999943e+02
2.764800000000000000e+04 6.579999999999999716e+01
2.867200000000000000e+04 1.854000000000000057e+02
2.969600000000000000e+04 1.923000000000000114e+02
3.072000000000000000e+04 2.225000000000000000e+02
3.174400000000000000e+04 1.296999999999999886e+02
3.276800000000000000e+04 2.453000000000000114e+02
3.379200000000000000e+04 1.658000000000000114e+02
3.481600000000000000e+04 2.680000000000000000e+02
3.584000000000000000e+04 1.094000000000000057e+02
3.686400000000000000e+04 2.210000000000000000e+02
3.788800000000000000e+04 1.104000000000000057e+02
3.891200000000000000e+04 1.751999999999999886e+02
3.993600000000000000e+04 1.726999999999999886e+02
4.096000000000000000e+04 2.159000000000000057e+02
4.198400000000000000e+04 1.082999999999999972e+02
4.300800000000000000e+04 2.434000000000000057e+02
4.403200000000000000e+04 2.388000000000000114e+02
4.505600000000000000e+04 1.913000000000000114e+02
4.608000000000000000e+04 3.500000000000000000e+01
4.710400000000000000e+04 1.690999999999999943e+02
4.812800000000000000e+04 1.828000000000000114e+02
4.915200000000000000e+04 2.310000000000000000e+02
5.017600000000000000e+04 1.308000000000000114e+02
5.120000000000000000e+04 1.240999999999999943e+02
5.222400000000000000e+04 3.061000000000000227e+02
5.324800000000000000e+04 2.788999999999999773e+02
5.427200000000000000e+04 1.272000000000000028e+02
5.529600000000000000e+04 9.959999999999999432e+01
5.632000000000000000e+04 4.539999999999999858e+01
5.734400000000000000e+04 5.379999999999999716e+01
5.836800000000000000e+04 2.431999999999999886e+02
5.939200000000000000e+04 1.296999999999999886e+02
6.041600000000000000e+04 3.141000000000000227e+02
6.144000000000000000e+04 1.805000000000000000e+02
6.246400000000000000e+04 3.286000000000000227e+02
6.348800000000000000e+04 1.488000000000000114e+02
6.451200000000000000e+04 2.541999999999999886e+02
6.553600000000000000e+04 1.314000000000000057e+02
6.656000000000000000e+04 3.678000000000000114e+02
6.758400000000000000e+04 2.393000000000000114e+02
6.860800000000000000e+04 1.430999999999999943e+02
6.963200000000000000e+04 1.835999999999999943e+02
7.065600000000000000e+04 2.468000000000000114e+02
7.168000000000000000e+04 1.285000000000000000e+02
7.270400000000000000e+04 8.509999999999999432e+01
7.372800000000000000e+04 9.690000000000000568e+01
7.475200000000000000e+04 4.829999999999999716e+01
7.577600000000000000e+04 1.185000000000000000e+02
7.680000000000000000e+04 2.508000000000000114e+02
7.782400000000000000e+04 1.805999999999999943e+02
7.884800000000000000e+04 2.421999999999999886e+02
7.987200000000000000e+04 2.296999999999999886e+02
8.089600000000000000e+04 1.285999999999999943e+02
8.192000000000000000e+04 2.438000000000000114e+02
8.294400000000000000e+04 2.633000000000000114e+02
8.396800000000000000e+04 2.520999999999999943e+02
8.499200000000000000e+04 2.598999999999999773e+02
8.601600000000000000e+04 2.235999999999999943e+02
8.704000000000000000e+04 2.476999999999999886e+02
8.806400000000000000e+04 2.550999999999999943e+02
8.908800000000000000e+04 2.304000000000000057e+02
9.011200000000000000e+04 2.250999999999999943e+02
9.113600000000000000e+04 2.485000000000000000e+02
9.216000000000000000e+04 2.528000000000000114e+02
9.318400000000000000e+04 1.499000000000000057e+02
9.420800000000000000e+04 3.061999999999999886e+02
9.523200000000000000e+04 3.676999999999999886e+02
9.625600000000000000e+04 2.519000000000000057e+02
9.728000000000000000e+04 4.296000000000000227e+02
9.830400000000000000e+04 3.633999999999999773e+02
9.932800000000000000e+04 2.756000000000000227e+02
1.003520000000000000e+05 1.598000000000000114e+02
1.013760000000000000e+05 1.260999999999999943e+02
