0.000000000000000000e+00 2.460000000000000142e+01
1.024000000000000000e+03 2.489999999999999858e+01
2.048000000000000000e+03 4.110000000000000142e+01
3.072000000000000000e+03 6.310000000000000142e+01
4.096000000000000000e+03 7.890000000000000568e+01
5.120000000000000000e+03 7.370000000000000284e+01
6.144000000000000000e+03 3.910000000000000142e+01
7.168000000000000000e+03 3.300000000000000000e+01
8.192000000000000000e+03 4.139999999999999858e+01
9.216000000000000000e+03 1.242000000000000028e+02
1.024000000000000000e+04 1.429000000000000057e+02
1.126400000000000000e+04 1.611999999999999886e+02
1.228800000000000000e+04 8.050000000000000000e+01
1.331200000000000000e+04 1.340999999999999943e+02
1.433600000000000000e+04 4.550000000000000000e+01
1.536000000000000000e+04 1.534000000000000057e+02
1.638400000000000000e+04 1.840999999999999943e+02
1.740800000000000000e+04 1.408000000000000114e+02
1.843200000000000000e+04 1.215000000000000000e+02
1.945600000000000000e+04 1.455000000000000000e+02
2.048000000000000000e+04 1.505999999999999943e+02
2.150400000000000000e+04 1.716999999999999886e+02
2.252800000000000000e+04 1.811999999999999886e+02
2.355200000000000000e+04 1.212999999999999972e+02
2.457600000000000000e+04 6.020000000000000284e+01
2.560000000000000000e+04 1.441999999999999886e+02
2.662400000000000000e+04 7.529999999999999716e+01
2.764800000000000000e+04 1.629000000000000057e+02
2.867200000000000000e+04 1.470999999999999943e+02
2.969600000000000000e+04 1.165999999999999943e+02
3.072000000000000000e+04 4.220000000000000284e+01
3.174400000000000000e+04 3.001000000000000227e+02
3.276800000000000000e+04 2.124000000000000057e+02
3.379200000000000000e+04 1.465000000000000000e+02
3.481600000000000000e+04 3.610000000000000000e+02
3.584000000000000000e+04 2.275999999999999943e+02
3.686400000000000000e+04 2.668000000000000114e+02
3.788800000000000000e+04 3.411000000000000227e+02
3.891200000000000000e+04 1.655000000000000000e+02
3.993600000000000000e+04 3.473999999999999773e+02
4.096000000000000000e+04 4.125000000000000000e+02
4.198400000000000000e+04 3.360000000000000000e+02
4.300800000000000000e+04 2.710000000000000000e+02
4.403200000000000000e+04 2.705000000000000000e+02
4.505600000000000000e+04 4.021000000000000227e+02
4.608000000000000000e+04 2.476999999999999886e+02
4.710400000000000000e+04 2.044000000000000057e+02
4.812800000000000000e+04 2.341999999999999886e+02
4.915200000000000000e+04 3.173000000000000114e+02
5.017600000000000000e+04 3.863000000000000114e+02
5.120000000000000000e+04 2.244000000000000057e+02
5.222400000000000000e+04 2.550999999999999943e+02
5.324800000000000000e+04 8.150000000000000000e+01
5.427200000000000000e+04 1.460000000000000000e+02
5.529600000000000000e+04 1.072000000000000028e+02
5.632000000000000000e+04 2.014000000000000057e+02
5.734400000000000000e+04 3.086999999999999886e+02
5.836800000000000000e+04 1.440000000000000000e+02
5.939200000000000000e+04 1.376999999999999886e+02
6.041600000000000000e+04 1.092000000000000028e+02
6.144000000000000000e+04 8.590000000000000568e+01
6.246400000000000000e+04 1.092000000000000028e+02
6.348800000000000000e+04 6.389999999999999858e+01
6.451200000000000000e+04 1.863000000000000114e+02
6.553600000000000000e+04 1.545000000000000000e+02
6.656000000000000000e+04 2.489000000000000057e+02
6.758400000000000000e+04 1.150000000000000000e+02
6.860800000000000000e+04 4.501999999999999886e+02
6.963200000000000000e+04 3.840000000000000000e+02
7.065600000000000000e+04 3.601999999999999886e+02
7.168000000000000000e+04 3.735000000000000000e+02
7.270400000000000000e+04 3.083999999999999773e+02
7.372800000000000000e+04 3.678000000000000114e+02
7.475200000000000000e+04 4.766999999999999886e+02
7.577600000000000000e+04 2.535999999999999943e+02
7.680000000000000000e+04 1.805000000000000000e+02
7.782400000000000000e+04 2.454000000000000057e+02
7.884800000000000000e+04 2.031999999999999886e+02
7.987200000000000000e+04 2.998999999999999773e+02
8.089600000000000000e+04 2.065999999999999943e+02
8.192000000000000000e+04 3.490000000000000000e+02
8.294400000000000000e+04 4.755000000000000000e+02
8.396800000000000000e+04 3.243999999999999773e+02
8.499200000000000000e+04 2.858999999999999773e+02
8.601600000000000000e+04 1.187000000000000028e+02
8.704000000000000000e+04 1.990000000000000000e+02
8.806400000000000000e+04 1.526999999999999886e+02
8.908800000000000000e+04 1.904000000000000057e+02
9.011200000000000000e+04 2.819999999999999929e+01
9.113600000000000000e+04 1.283000000000000114e+02
9.216000000000000000e+04 2.259000000000000057e+02
9.318400000000000000e+04 3.568000000000000114e+02
9.420800000000000000e+04 2.948999999999999773e+02
9.523200000000000000e+04 2.773999999999999773e+02
9.625600000000000000e+04 2.045999999999999943e+02
9.728000000000000000e+04 2.071999999999999886e+02
9.830400000000000000e+04 1.940999999999999943e+02
9.932800000000000000e+04 1.214000000000000057e+02
1.003520000000000000e+05 1.834000000000000057e+02
1.013760000000000000e+05 1.920999999999999943e+02
