0.000000000000000000e+00 1.209999999999999964e+01
1.024000000000000000e+03 3.860000000000000142e+01
2.048000000000000000e+03 4.300000000000000000e+01
3.072000000000000000e+03 2.219999999999999929e+01
4.096000000000000000e+03 3.210000000000000142e+01
5.120000000000000000e+03 2.939999999999999858e+01
6.144000000000000000e+03 5.650000000000000000e+01
7.168000000000000000e+03 5.200000000000000000e+01
8.192000000000000000e+03 5.560000000000000142e+01
9.216000000000000000e+03 6.129999999999999716e+01
1.024000000000000000e+04 7.029999999999999716e+01
1.126400000000000000e+04 8.229999999999999716e+01
1.228800000000000000e+04 1.085000000000000000e+02
1.331200000000000000e+04 1.706999999999999886e+02
1.433600000000000000e+04 1.904000000000000057e+02
1.536000000000000000e+04 2.258000000000000114e+02
1.638400000000000000e+04 7.659999999999999432e+01
1.740800000000000000e+04 2.265000000000000000e+02
1.843200000000000000e+04 1.594000000000000057e+02
1.945600000000000000e+04 1.881999999999999886e+02
2.048000000000000000e+04 1.092000000000000028e+02
2.150400000000000000e+04 1.563000000000000114e+02
2.252800000000000000e+04 2.439000000000000057e+02
2.355200000000000000e+04 1.816999999999999886e+02
2.457600000000000000e+04 1.645000000000000000e+02
2.560000000000000000e+04 1.720000000000000000e+02
2.662400000000000000e+04 2.706999999999999886e+02
2.764800000000000000e+04 2.833999999999999773e+02
2.867200000000000000e+04 4.206999999999999886e+02
2.969600000000000000e+04 2.951999999999999886e+02
3.072000000000000000e+04 2.155000000000000000e+02
3.174400000000000000e+04 3.005000000000000000e+02
3.276800000000000000e+04 2.651000000000000227e+02
3.379200000000000000e+04 2.948999999999999773e+02
3.481600000000000000e+04 2.646999999999999886e+02
3.584000000000000000e+04 1.674000000000000057e+02
3.686400000000000000e+04 2.798000000000000114e+02
3.788800000000000000e+04 2.319000000000000057e+02
3.891200000000000000e+04 2.688000000000000114e+02
3.993600000000000000e+04 2.785000000000000000e+02
4.096000000000000000e+04 4.316999999999999886e+02
4.198400000000000000e+04 1.926999999999999886e+02
4.300800000000000000e+04 2.656000000000000227e+02
4.403200000000000000e+04 3.566000000000000227e+02
4.505600000000000000e+04 2.214000000000000057e+02
4.608000000000000000e+04 1.380000000000000000e+02
4.710400000000000000e+04 2.409000000000000057e+02
4.812800000000000000e+04 4.318000000000000114e+02
4.915200000000000000e+04 6.900000000000000000e+01
5.017600000000000000e+04 1.025999999999999943e+02
5.120000000000000000e+04 2.039000000000000057e+02
5.222400000000000000e+04 2.698000000000000114e+02
5.324800000000000000e+04 2.355999999999999943e+02
5.427200000000000000e+04 2.019000000000000057e+02
5.529600000000000000e+04 2.440999999999999943e+02
5.632000000000000000e+04 2.095999999999999943e+02
5.734400000000000000e+04 4.276000000000000227e+02
5.836800000000000000e+04 1.210999999999999943e+02
5.939200000000000000e+04 1.425999999999999943e+02
6.041600000000000000e+04 3.453999999999999773e+02
6.144000000000000000e+04 3.706999999999999886e+02
6.246400000000000000e+04 6.990000000000000568e+01
6.348800000000000000e+04 1.431999999999999886e+02
6.451200000000000000e+04 1.135999999999999943e+02
6.553600000000000000e+04 1.386999999999999886e+02
6.656000000000000000e+04 1.275999999999999943e+02
6.758400000000000000e+04 1.400000000000000000e+02
6.860800000000000000e+04 4.958000000000000114e+02
6.963200000000000000e+04 1.708000000000000114e+02
7.065600000000000000e+04 2.646000000000000227e+02
7.168000000000000000e+04 2.235000000000000000e+02
7.270400000000000000e+04 2.678000000000000114e+02
7.372800000000000000e+04 2.134000000000000057e+02
7.475200000000000000e+04 1.990999999999999943e+02
7.577600000000000000e+04 1.164000000000000057e+02
7.680000000000000000e+04 1.368000000000000114e+02
7.782400000000000000e+04 1.975999999999999943e+02
7.884800000000000000e+04 1.433000000000000114e+02
7.987200000000000000e+04 1.611999999999999886e+02
8.089600000000000000e+04 1.560999999999999943e+02
8.192000000000000000e+04 1.204000000000000057e+02
8.294400000000000000e+04 2.671000000000000227e+02
8.396800000000000000e+04 1.252999999999999972e+02
8.499200000000000000e+04 2.070999999999999943e+02
8.601600000000000000e+04 2.160999999999999943e+02
8.704000000000000000e+04 2.065999999999999943e+02
8.806400000000000000e+04 1.615999999999999943e+02
8.908800000000000000e+04 1.671999999999999886e+02
9.011200000000000000e+04 1.042000000000000028e+02
9.113600000000000000e+04 1.279000000000000057e+02
9.216000000000000000e+04 1.355000000000000000e+02
9.318400000000000000e+04 1.601999999999999886e+02
9.420800000000000000e+04 1.513000000000000114e+02
9.523200000000000000e+04 1.559000000000000057e+02
9.625600000000000000e+04 9.020000000000000284e+01
9.728000000000000000e+04 1.885000000000000000e+02
9.830400000000000000e+04 8.770000000000000284e+01
9.932800000000000000e+04 1.734000000000000057e+02
1.003520000000000000e+05 6.670000000000000284e+01
1.013760000000000000e+05 1.505000000000000000e+02
