0.000000000000000000e+00 1.569999999999999929e+01
1.024000000000000000e+03 2.069999999999999929e+01
2.048000000000000000e+03 5.370000000000000284e+01
3.072000000000000000e+03 5.060000000000000142e+01
4.096000000000000000e+03 3.339999999999999858e+01
5.120000000000000000e+03 4.950000000000000000e+01
6.144000000000000000e+03 3.720000000000000284e+01
7.168000000000000000e+03 4.960000000000000142e+01
8.192000000000000000e+03 5.550000000000000000e+01
9.216000000000000000e+03 4.610000000000000142e+01
1.024000000000000000e+04 6.570000000000000284e+01
1.126400000000000000e+04 6.650000000000000000e+01
1.228800000000000000e+04 8.059999999999999432e+01
1.331200000000000000e+04 4.650000000000000000e+01
1.433600000000000000e+04 1.040999999999999943e+02
1.536000000000000000e+04 3.510000000000000142e+01
1.638400000000000000e+04 6.270000000000000284e+01
1.740800000000000000e+04 6.900000000000000000e+01
1.843200000000000000e+04 5.120000000000000284e+01
1.945600000000000000e+04 1.874000000000000057e+02
2.048000000000000000e+04 2.354000000000000057e+02
2.150400000000000000e+04 2.516999999999999886e+02
2.252800000000000000e+04 1.182999999999999972e+02
2.355200000000000000e+04 1.550000000000000000e+02
2.457600000000000000e+04 3.970000000000000284e+01
2.560000000000000000e+04 2.711000000000000227e+02
2.662400000000000000e+04 1.290000000000000000e+02
2.764800000000000000e+04 5.150000000000000000e+01
2.867200000000000000e+04 9.900000000000000000e+01
2.969600000000000000e+04 1.174000000000000057e+02
3.072000000000000000e+04 1.448000000000000114e+02
3.174400000000000000e+04 3.036000000000000227e+02
3.276800000000000000e+04 2.588999999999999773e+02
3.379200000000000000e+04 1.843000000000000114e+02
3.481600000000000000e+04 2.475999999999999943e+02
3.584000000000000000e+04 3.058999999999999773e+02
3.686400000000000000e+04 2.259000000000000057e+02
3.788800000000000000e+04 2.758999999999999773e+02
3.891200000000000000e+04 4.600000000000000000e+02
3.993600000000000000e+04 3.338999999999999773e+02
4.096000000000000000e+04 2.289000000000000057e+02
4.198400000000000000e+04 2.210999999999999943e+02
4.300800000000000000e+04 2.276999999999999886e+02
4.403200000000000000e+04 2.628999999999999773e+02
4.505600000000000000e+04 2.626999999999999886e+02
4.608000000000000000e+04 1.110000000000000000e+02
4.710400000000000000e+04 1.104000000000000057e+02
4.812800000000000000e+04 2.008000000000000114e+02
4.915200000000000000e+04 2.070999999999999943e+02
5.017600000000000000e+04 1.057999999999999972e+02
5.120000000000000000e+04 1.020999999999999943e+02
5.222400000000000000e+04 1.743000000000000114e+02
5.324800000000000000e+04 3.069999999999999929e+01
5.427200000000000000e+04 3.019999999999999929e+01
5.529600000000000000e+04 1.102999999999999972e+02
5.632000000000000000e+04 1.484000000000000057e+02
5.734400000000000000e+04 1.489000000000000057e+02
5.836800000000000000e+04 4.046000000000000227e+02
5.939200000000000000e+04 1.270999999999999943e+02
6.041600000000000000e+04 1.946999999999999886e+02
6.144000000000000000e+04 5.000000000000000000e+02
6.246400000000000000e+04 5.000000000000000000e+02
6.348800000000000000e+04 4.925000000000000000e+02
6.451200000000000000e+04 4.846999999999999886e+02
6.553600000000000000e+04 3.116000000000000227e+02
6.656000000000000000e+04 2.540000000000000000e+02
6.758400000000000000e+04 3.698000000000000114e+02
6.860800000000000000e+04 2.168000000000000114e+02
6.963200000000000000e+04 3.358999999999999773e+02
7.065600000000000000e+04 4.271000000000000227e+02
7.168000000000000000e+04 2.411999999999999886e+02
7.270400000000000000e+04 2.326999999999999886e+02
7.372800000000000000e+04 3.223000000000000114e+02
7.475200000000000000e+04 1.450999999999999943e+02
7.577600000000000000e+04 2.438000000000000114e+02
7.680000000000000000e+04 1.094000000000000057e+02
7.782400000000000000e+04 1.155999999999999943e+02
7.884800000000000000e+04 1.097999999999999972e+02
7.987200000000000000e+04 1.470000000000000000e+02
8.089600000000000000e+04 1.708000000000000114e+02
8.192000000000000000e+04 1.656999999999999886e+02
8.294400000000000000e+04 1.309000000000000057e+02
8.396800000000000000e+04 2.226999999999999886e+02
8.499200000000000000e+04 4.928999999999999773e+02
8.601600000000000000e+04 2.368000000000000114e+02
8.704000000000000000e+04 4.151999999999999886e+02
8.806400000000000000e+04 5.000000000000000000e+02
8.908800000000000000e+04 3.571999999999999886e+02
9.011200000000000000e+04 4.270000000000000000e+02
9.113600000000000000e+04 4.183999999999999773e+02
9.216000000000000000e+04 3.473000000000000114e+02
9.318400000000000000e+04 4.483999999999999773e+02
9.420800000000000000e+04 1.520000000000000000e+02
9.523200000000000000e+04 2.469999999999999929e+01
9.625600000000000000e+04 1.210000000000000000e+02
9.728000000000000000e+04 8.020000000000000284e+01
9.830400000000000000e+04 4.860000000000000142e+01
9.932800000000000000e+04 1.124000000000000057e+02
1.003520000000000000e+05 8.159999999999999432e+01
1.013760000000000000e+05 1.069000000000000057e+02
