0.000000000000000000e+00 3.399999999999999911e+00
1.024000000000000000e+03 7.700000000000000178e+00
2.048000000000000000e+03 8.699999999999999289e+00
3.072000000000000000e+03 7.400000000000000355e+00
4.096000000000000000e+03 9.599999999999999645e+00
5.120000000000000000e+03 8.500000000000000000e+00
6.144000000000000000e+03 9.699999999999999289e+00
7.168000000000000000e+03 9.000000000000000000e+00
8.192000000000000000e+03 1.000000000000000000e+01
9.216000000000000000e+03 8.800000000000000711e+00
1.024000000000000000e+04 9.800000000000000711e+00
1.126400000000000000e+04 5.599999999999999645e+00
1.228800000000000000e+04 8.900000000000000355e+00
1.331200000000000000e+04 1.209999999999999964e+01
1.433600000000000000e+04 1.409999999999999964e+01
1.536000000000000000e+04 1.630000000000000071e+01
1.638400000000000000e+04 1.440000000000000036e+01
1.740800000000000000e+04 1.040000000000000036e+01
1.843200000000000000e+04 2.239999999999999858e+01
1.945600000000000000e+04 2.510000000000000142e+01
2.048000000000000000e+04 4.679999999999999716e+01
2.150400000000000000e+04 4.579999999999999716e+01
2.252800000000000000e+04 4.020000000000000284e+01
2.355200000000000000e+04 5.689999999999999858e+01
2.457600000000000000e+04 3.500000000000000000e+01
2.560000000000000000e+04 4.720000000000000284e+01
2.662400000000000000e+04 2.050000000000000000e+01
2.764800000000000000e+04 2.210000000000000142e+01
2.867200000000000000e+04 2.089999999999999858e+01
2.969600000000000000e+04 5.189999999999999858e+01
3.072000000000000000e+04 2.260000000000000142e+01
3.174400000000000000e+04 3.060000000000000142e+01
3.276800000000000000e+04 2.750000000000000000e+01
3.379200000000000000e+04 5.179999999999999716e+01
3.481600000000000000e+04 1.540000000000000036e+01
3.584000000000000000e+04 2.919999999999999929e+01
3.686400000000000000e+04 4.270000000000000284e+01
3.788800000000000000e+04 3.229999999999999716e+01
3.891200000000000000e+04 3.360000000000000142e+01
3.993600000000000000e+04 4.310000000000000142e+01
4.096000000000000000e+04 3.229999999999999716e+01
4.198400000000000000e+04 5.539999999999999858e+01
4.300800000000000000e+04 3.470000000000000284e+01
4.403200000000000000e+04 2.180000000000000071e+01
4.505600000000000000e+04 1.630000000000000071e+01
4.608000000000000000e+04 3.300000000000000000e+01
4.710400000000000000e+04 2.139999999999999858e+01
4.812800000000000000e+04 2.560000000000000142e+01
4.915200000000000000e+04 2.710000000000000142e+01
5.017600000000000000e+04 1.660000000000000142e+01
5.120000000000000000e+04 1.989999999999999858e+01
5.222400000000000000e+04 1.619999999999999929e+01
5.324800000000000000e+04 1.269999999999999929e+01
5.427200000000000000e+04 2.150000000000000000e+01
5.529600000000000000e+04 2.350000000000000000e+01
5.632000000000000000e+04 1.960000000000000142e+01
5.734400000000000000e+04 1.669999999999999929e+01
5.836800000000000000e+04 1.440000000000000036e+01
5.939200000000000000e+04 2.110000000000000142e+01
6.041600000000000000e+04 2.289999999999999858e+01
6.144000000000000000e+04 1.930000000000000071e+01
6.246400000000000000e+04 2.589999999999999858e+01
6.348800000000000000e+04 2.019999999999999929e+01
6.451200000000000000e+04 1.700000000000000000e+01
6.553600000000000000e+04 1.569999999999999929e+01
6.656000000000000000e+04 1.240000000000000036e+01
6.758400000000000000e+04 1.660000000000000142e+01
6.860800000000000000e+04 2.680000000000000071e+01
6.963200000000000000e+04 2.410000000000000142e+01
7.065600000000000000e+04 2.430000000000000071e+01
7.168000000000000000e+04 3.239999999999999858e+01
7.270400000000000000e+04 3.160000000000000142e+01
7.372800000000000000e+04 3.350000000000000000e+01
7.475200000000000000e+04 4.670000000000000284e+01
7.577600000000000000e+04 3.350000000000000000e+01
7.680000000000000000e+04 3.320000000000000284e+01
7.782400000000000000e+04 2.860000000000000142e+01
7.884800000000000000e+04 7.229999999999999716e+01
7.987200000000000000e+04 4.739999999999999858e+01
8.089600000000000000e+04 4.229999999999999716e+01
8.192000000000000000e+04 4.960000000000000142e+01
8.294400000000000000e+04 3.489999999999999858e+01
8.396800000000000000e+04 4.450000000000000000e+01
8.499200000000000000e+04 3.500000000000000000e+01
8.601600000000000000e+04 6.540000000000000568e+01
8.704000000000000000e+04 5.939999999999999858e+01
8.806400000000000000e+04 3.750000000000000000e+01
8.908800000000000000e+04 3.220000000000000284e+01
9.011200000000000000e+04 3.710000000000000142e+01
9.113600000000000000e+04 6.100000000000000000e+01
9.216000000000000000e+04 3.370000000000000284e+01
9.318400000000000000e+04 5.470000000000000284e+01
9.420800000000000000e+04 1.220000000000000000e+02
9.523200000000000000e+04 2.880000000000000071e+01
9.625600000000000000e+04 1.860000000000000142e+01
9.728000000000000000e+04 1.750000000000000000e+01
9.830400000000000000e+04 3.450000000000000000e+01
9.932800000000000000e+04 2.969999999999999929e+01
1.003520000000000000e+05 1.969999999999999929e+01
1.013760000000000000e+05 5.089999999999999858e+01
