0.000000000000000000e+00 1.200000000000000000e+01
1.024000000000000000e+03 3.389999999999999858e+01
2.048000000000000000e+03 4.310000000000000142e+01
3.072000000000000000e+03 3.080000000000000071e+01
4.096000000000000000e+03 2.800000000000000000e+01
5.120000000000000000e+03 5.150000000000000000e+01
6.144000000000000000e+03 7.659999999999999432e+01
7.168000000000000000e+03 8.579999999999999716e+01
8.192000000000000000e+03 7.629999999999999716e+01
9.216000000000000000e+03 2.165999999999999943e+02
1.024000000000000000e+04 2.970000000000000000e+02
1.126400000000000000e+04 2.016999999999999886e+02
1.228800000000000000e+04 4.033000000000000114e+02
1.331200000000000000e+04 1.539000000000000057e+02
1.433600000000000000e+04 1.923000000000000114e+02
1.536000000000000000e+04 1.257000000000000028e+02
1.638400000000000000e+04 2.531999999999999886e+02
1.740800000000000000e+04 2.365000000000000000e+02
1.843200000000000000e+04 2.229000000000000057e+02
1.945600000000000000e+04 4.543999999999999773e+02
2.048000000000000000e+04 3.043999999999999773e+02
2.150400000000000000e+04 1.699000000000000057e+02
2.252800000000000000e+04 2.008000000000000114e+02
2.355200000000000000e+04 2.181999999999999886e+02
2.457600000000000000e+04 3.305000000000000000e+02
2.560000000000000000e+04 1.247000000000000028e+02
2.662400000000000000e+04 1.595999999999999943e+02
2.764800000000000000e+04 1.776999999999999886e+02
2.867200000000000000e+04 3.001000000000000227e+02
2.969600000000000000e+04 2.145999999999999943e+02
3.072000000000000000e+04 2.079000000000000057e+02
3.174400000000000000e+04 1.785000000000000000e+02
3.276800000000000000e+04 1.890000000000000000e+02
3.379200000000000000e+04 1.513000000000000114e+02
3.481600000000000000e+04 1.509000000000000057e+02
3.584000000000000000e+04 1.340000000000000000e+02
3.686400000000000000e+04 1.410000000000000000e+02
3.788800000000000000e+04 1.453000000000000114e+02
3.891200000000000000e+04 1.376999999999999886e+02
3.993600000000000000e+04 1.513000000000000114e+02
4.096000000000000000e+04 1.440000000000000000e+02
4.198400000000000000e+04 1.571999999999999886e+02
4.300800000000000000e+04 1.510999999999999943e+02
4.403200000000000000e+04 1.644000000000000057e+02
4.505600000000000000e+04 9.279999999999999716e+01
4.608000000000000000e+04 1.510000000000000000e+02
4.710400000000000000e+04 1.219000000000000057e+02
4.812800000000000000e+04 1.480000000000000000e+02
4.915200000000000000e+04 2.189000000000000057e+02
5.017600000000000000e+04 1.859000000000000057e+02
5.120000000000000000e+04 1.284000000000000057e+02
5.222400000000000000e+04 1.184000000000000057e+02
5.324800000000000000e+04 1.260000000000000000e+02
5.427200000000000000e+04 1.255999999999999943e+02
5.529600000000000000e+04 1.410000000000000000e+02
5.632000000000000000e+04 1.262000000000000028e+02
5.734400000000000000e+04 9.240000000000000568e+01
5.836800000000000000e+04 1.648000000000000114e+02
5.939200000000000000e+04 1.286999999999999886e+02
6.041600000000000000e+04 1.324000000000000057e+02
6.144000000000000000e+04 1.454000000000000057e+02
6.246400000000000000e+04 1.350999999999999943e+02
6.348800000000000000e+04 1.404000000000000057e+02
6.451200000000000000e+04 1.420999999999999943e+02
6.553600000000000000e+04 1.042999999999999972e+02
6.656000000000000000e+04 1.425000000000000000e+02
6.758400000000000000e+04 1.237999999999999972e+02
6.860800000000000000e+04 1.588000000000000114e+02
6.963200000000000000e+04 1.420000000000000000e+02
7.065600000000000000e+04 1.311999999999999886e+02
7.168000000000000000e+04 1.525999999999999943e+02
7.270400000000000000e+04 9.959999999999999432e+01
7.372800000000000000e+04 1.400999999999999943e+02
7.475200000000000000e+04 1.197999999999999972e+02
7.577600000000000000e+04 1.429000000000000057e+02
7.680000000000000000e+04 1.360000000000000000e+02
7.782400000000000000e+04 1.643000000000000114e+02
7.884800000000000000e+04 1.403000000000000114e+02
7.987200000000000000e+04 2.053000000000000114e+02
8.089600000000000000e+04 1.378000000000000114e+02
8.192000000000000000e+04 1.137000000000000028e+02
8.294400000000000000e+04 1.280999999999999943e+02
8.396800000000000000e+04 1.210999999999999943e+02
8.499200000000000000e+04 9.609999999999999432e+01
8.601600000000000000e+04 1.065999999999999943e+02
8.704000000000000000e+04 1.871999999999999886e+02
8.806400000000000000e+04 1.565999999999999943e+02
8.908800000000000000e+04 1.536999999999999886e+02
9.011200000000000000e+04 1.506999999999999886e+02
9.113600000000000000e+04 1.471999999999999886e+02
9.216000000000000000e+04 1.386999999999999886e+02
9.318400000000000000e+04 1.374000000000000057e+02
9.420800000000000000e+04 1.355999999999999943e+02
9.523200000000000000e+04 1.395999999999999943e+02
9.625600000000000000e+04 1.350000000000000000e+02
9.728000000000000000e+04 1.284000000000000057e+02
9.830400000000000000e+04 1.378000000000000114e+02
9.932800000000000000e+04 1.415000000000000000e+02
1.003520000000000000e+05 1.396999999999999886e+02
1.013760000000000000e+05 1.235999999999999943e+02
