0.000000000000000000e+00 3.100000000000000089e+00
1.024000000000000000e+03 4.200000000000000178e+00
2.048000000000000000e+03 3.399999999999999911e+00
3.072000000000000000e+03 8.400000000000000355e+00
4.096000000000000000e+03 6.299999999999999822e+00
5.120000000000000000e+03 1.669999999999999929e+01
6.144000000000000000e+03 9.900000000000000355e+00
7.168000000000000000e+03 1.650000000000000000e+01
8.192000000000000000e+03 1.059999999999999964e+01
9.216000000000000000e+03 2.389999999999999858e+01
1.024000000000000000e+04 2.310000000000000142e+01
1.126400000000000000e+04 1.250000000000000000e+01
1.228800000000000000e+04 2.519999999999999929e+01
1.331200000000000000e+04 2.050000000000000000e+01
1.433600000000000000e+04 1.950000000000000000e+01
1.536000000000000000e+04 2.260000000000000142e+01
1.638400000000000000e+04 3.060000000000000142e+01
1.740800000000000000e+04 2.610000000000000142e+01
1.843200000000000000e+04 2.130000000000000071e+01
1.945600000000000000e+04 3.229999999999999716e+01
2.048000000000000000e+04 2.030000000000000071e+01
2.150400000000000000e+04 8.000000000000000000e+00
2.252800000000000000e+04 1.719999999999999929e+01
2.355200000000000000e+04 1.019999999999999929e+01
2.457600000000000000e+04 2.010000000000000142e+01
2.560000000000000000e+04 1.760000000000000142e+01
2.662400000000000000e+04 1.969999999999999929e+01
2.764800000000000000e+04 2.660000000000000142e+01
2.867200000000000000e+04 2.560000000000000142e+01
2.969600000000000000e+04 1.730000000000000071e+01
3.072000000000000000e+04 1.259999999999999964e+01
3.174400000000000000e+04 1.650000000000000000e+01
3.276800000000000000e+04 1.330000000000000071e+01
3.379200000000000000e+04 1.209999999999999964e+01
3.481600000000000000e+04 7.000000000000000000e+00
3.584000000000000000e+04 1.280000000000000071e+01
3.686400000000000000e+04 5.200000000000000178e+00
3.788800000000000000e+04 1.400000000000000000e+01
3.891200000000000000e+04 1.610000000000000142e+01
3.993600000000000000e+04 1.480000000000000071e+01
4.096000000000000000e+04 1.080000000000000071e+01
4.198400000000000000e+04 1.240000000000000036e+01
4.300800000000000000e+04 1.730000000000000071e+01
4.403200000000000000e+04 1.300000000000000000e+01
4.505600000000000000e+04 2.050000000000000000e+01
4.608000000000000000e+04 2.769999999999999929e+01
4.710400000000000000e+04 3.200000000000000000e+01
4.812800000000000000e+04 2.450000000000000000e+01
4.915200000000000000e+04 2.469999999999999929e+01
5.017600000000000000e+04 4.000000000000000000e+01
5.120000000000000000e+04 2.039999999999999858e+01
5.222400000000000000e+04 2.360000000000000142e+01
5.324800000000000000e+04 2.350000000000000000e+01
5.427200000000000000e+04 4.989999999999999858e+01
5.529600000000000000e+04 2.169999999999999929e+01
5.632000000000000000e+04 7.609999999999999432e+01
5.734400000000000000e+04 2.880000000000000071e+01
5.836800000000000000e+04 5.779999999999999716e+01
5.939200000000000000e+04 8.490000000000000568e+01
6.041600000000000000e+04 4.139999999999999858e+01
6.144000000000000000e+04 3.100000000000000000e+01
6.246400000000000000e+04 6.110000000000000142e+01
6.348800000000000000e+04 4.639999999999999858e+01
6.451200000000000000e+04 6.740000000000000568e+01
6.553600000000000000e+04 5.229999999999999716e+01
6.656000000000000000e+04 3.429999999999999716e+01
6.758400000000000000e+04 1.383000000000000114e+02
6.860800000000000000e+04 3.903999999999999773e+02
6.963200000000000000e+04 8.150000000000000000e+01
7.065600000000000000e+04 4.750000000000000000e+01
7.168000000000000000e+04 1.715999999999999943e+02
7.270400000000000000e+04 1.479000000000000057e+02
7.372800000000000000e+04 3.608000000000000114e+02
7.475200000000000000e+04 1.197999999999999972e+02
7.577600000000000000e+04 4.325000000000000000e+02
7.680000000000000000e+04 2.039999999999999858e+01
7.782400000000000000e+04 3.643000000000000114e+02
7.884800000000000000e+04 2.210000000000000142e+01
7.987200000000000000e+04 2.319999999999999929e+01
8.089600000000000000e+04 3.169999999999999929e+01
8.192000000000000000e+04 5.679999999999999716e+01
8.294400000000000000e+04 2.719999999999999929e+01
8.396800000000000000e+04 1.590000000000000036e+01
8.499200000000000000e+04 1.330000000000000071e+01
8.601600000000000000e+04 2.469999999999999929e+01
8.704000000000000000e+04 7.599999999999999645e+00
8.806400000000000000e+04 3.910000000000000142e+01
8.908800000000000000e+04 2.130000000000000071e+01
9.011200000000000000e+04 1.669999999999999929e+01
9.113600000000000000e+04 2.360000000000000142e+01
9.216000000000000000e+04 1.669999999999999929e+01
9.318400000000000000e+04 2.850000000000000000e+01
9.420800000000000000e+04 6.129999999999999716e+01
9.523200000000000000e+04 2.030000000000000071e+01
9.625600000000000000e+04 2.510000000000000142e+01
9.728000000000000000e+04 6.490000000000000568e+01
9.830400000000000000e+04 1.331999999999999886e+02
9.932800000000000000e+04 6.920000000000000284e+01
1.003520000000000000e+05 8.650000000000000000e+01
1.013760000000000000e+05 6.220000000000000284e+01
