0.000000000000000000e+00 5.799999999999999822e+00
1.024000000000000000e+03 5.799999999999999822e+00
2.048000000000000000e+03 4.900000000000000355e+00
3.072000000000000000e+03 5.500000000000000000e+00
4.096000000000000000e+03 8.800000000000000711e+00
5.120000000000000000e+03 1.059999999999999964e+01
6.144000000000000000e+03 1.240000000000000036e+01
7.168000000000000000e+03 7.200000000000000178e+00
8.192000000000000000e+03 1.069999999999999929e+01
9.216000000000000000e+03 1.850000000000000000e+01
1.024000000000000000e+04 2.189999999999999858e+01
1.126400000000000000e+04 1.789999999999999858e+01
1.228800000000000000e+04 2.060000000000000142e+01
1.331200000000000000e+04 2.389999999999999858e+01
1.433600000000000000e+04 2.380000000000000071e+01
1.536000000000000000e+04 2.019999999999999929e+01
1.638400000000000000e+04 2.100000000000000000e+01
1.740800000000000000e+04 2.039999999999999858e+01
1.843200000000000000e+04 4.920000000000000284e+01
1.945600000000000000e+04 3.539999999999999858e+01
2.048000000000000000e+04 3.310000000000000142e+01
2.150400000000000000e+04 2.250000000000000000e+01
2.252800000000000000e+04 4.360000000000000142e+01
2.355200000000000000e+04 4.239999999999999858e+01
2.457600000000000000e+04 4.570000000000000284e+01
2.560000000000000000e+04 3.080000000000000071e+01
2.662400000000000000e+04 2.919999999999999929e+01
2.764800000000000000e+04 3.150000000000000000e+01
2.867200000000000000e+04 2.569999999999999929e+01
2.969600000000000000e+04 2.639999999999999858e+01
3.072000000000000000e+04 3.539999999999999858e+01
3.174400000000000000e+04 3.779999999999999716e+01
3.276800000000000000e+04 2.810000000000000142e+01
3.379200000000000000e+04 1.860000000000000142e+01
3.481600000000000000e+04 4.010000000000000142e+01
3.584000000000000000e+04 2.719999999999999929e+01
3.686400000000000000e+04 2.230000000000000071e+01
3.788800000000000000e+04 3.150000000000000000e+01
3.891200000000000000e+04 5.860000000000000142e+01
3.993600000000000000e+04 7.629999999999999716e+01
4.096000000000000000e+04 3.570000000000000284e+01
4.198400000000000000e+04 3.010000000000000142e+01
4.300800000000000000e+04 4.200000000000000000e+01
4.403200000000000000e+04 3.839999999999999858e+01
4.505600000000000000e+04 5.229999999999999716e+01
4.608000000000000000e+04 5.770000000000000284e+01
4.710400000000000000e+04 5.579999999999999716e+01
4.812800000000000000e+04 2.010000000000000142e+01
4.915200000000000000e+04 5.179999999999999716e+01
5.017600000000000000e+04 6.150000000000000000e+01
5.120000000000000000e+04 5.379999999999999716e+01
5.222400000000000000e+04 5.010000000000000142e+01
5.324800000000000000e+04 2.769999999999999929e+01
5.427200000000000000e+04 4.860000000000000142e+01
5.529600000000000000e+04 6.370000000000000284e+01
5.632000000000000000e+04 4.910000000000000142e+01
5.734400000000000000e+04 3.629999999999999716e+01
5.836800000000000000e+04 6.979999999999999716e+01
5.939200000000000000e+04 6.089999999999999858e+01
6.041600000000000000e+04 3.639999999999999858e+01
6.144000000000000000e+04 4.029999999999999716e+01
6.246400000000000000e+04 6.250000000000000000e+01
6.348800000000000000e+04 4.700000000000000000e+01
6.451200000000000000e+04 1.830000000000000071e+01
6.553600000000000000e+04 2.730000000000000071e+01
6.656000000000000000e+04 4.350000000000000000e+01
6.758400000000000000e+04 5.729999999999999716e+01
6.860800000000000000e+04 3.939999999999999858e+01
6.963200000000000000e+04 5.050000000000000000e+01
7.065600000000000000e+04 4.950000000000000000e+01
7.168000000000000000e+04 4.629999999999999716e+01
7.270400000000000000e+04 5.789999999999999858e+01
7.372800000000000000e+04 5.010000000000000142e+01
7.475200000000000000e+04 4.379999999999999716e+01
7.577600000000000000e+04 3.679999999999999716e+01
7.680000000000000000e+04 6.470000000000000284e+01
7.782400000000000000e+04 7.590000000000000568e+01
7.884800000000000000e+04 3.689999999999999858e+01
7.987200000000000000e+04 3.900000000000000000e+01
8.089600000000000000e+04 7.690000000000000568e+01
8.192000000000000000e+04 4.520000000000000284e+01
8.294400000000000000e+04 8.120000000000000284e+01
8.396800000000000000e+04 5.870000000000000284e+01
8.499200000000000000e+04 8.220000000000000284e+01
8.601600000000000000e+04 4.060000000000000142e+01
8.704000000000000000e+04 4.800000000000000000e+01
8.806400000000000000e+04 2.650000000000000000e+01
8.908800000000000000e+04 4.679999999999999716e+01
9.011200000000000000e+04 4.529999999999999716e+01
9.113600000000000000e+04 3.800000000000000000e+01
9.216000000000000000e+04 6.779999999999999716e+01
9.318400000000000000e+04 9.190000000000000568e+01
9.420800000000000000e+04 9.870000000000000284e+01
9.523200000000000000e+04 6.840000000000000568e+01
9.625600000000000000e+04 8.129999999999999716e+01
9.728000000000000000e+04 7.270000000000000284e+01
9.830400000000000000e+04 3.970000000000000284e+01
9.932800000000000000e+04 7.220000000000000284e+01
1.003520000000000000e+05 6.729999999999999716e+01
1.013760000000000000e+05 4.460000000000000142e+01
