0.000000000000000000e+00 1.500000000000000000e+01
1.024000000000000000e+03 2.469999999999999929e+01
2.048000000000000000e+03 3.370000000000000284e+01
3.072000000000000000e+03 3.479999999999999716e+01
4.096000000000000000e+03 6.250000000000000000e+01
5.120000000000000000e+03 3.770000000000000284e+01
6.144000000000000000e+03 7.800000000000000000e+01
7.168000000000000000e+03 6.650000000000000000e+01
8.192000000000000000e+03 6.329999999999999716e+01
9.216000000000000000e+03 7.720000000000000284e+01
1.024000000000000000e+04 9.890000000000000568e+01
1.126400000000000000e+04 8.350000000000000000e+01
1.228800000000000000e+04 9.220000000000000284e+01
1.331200000000000000e+04 1.315000000000000000e+02
1.433600000000000000e+04 9.600000000000000000e+01
1.536000000000000000e+04 9.840000000000000568e+01
1.638400000000000000e+04 1.092000000000000028e+02
1.740800000000000000e+04 1.975000000000000000e+02
1.843200000000000000e+04 1.344000000000000057e+02
1.945600000000000000e+04 1.569000000000000057e+02
2.048000000000000000e+04 1.450999999999999943e+02
2.150400000000000000e+04 1.551999999999999886e+02
2.252800000000000000e+04 1.770000000000000000e+02
2.355200000000000000e+04 1.659000000000000057e+02
2.457600000000000000e+04 2.370999999999999943e+02
2.560000000000000000e+04 3.311999999999999886e+02
2.662400000000000000e+04 1.960000000000000000e+02
2.764800000000000000e+04 2.040999999999999943e+02
2.867200000000000000e+04 3.288999999999999773e+02
2.969600000000000000e+04 1.594000000000000057e+02
3.072000000000000000e+04 4.071999999999999886e+02
3.174400000000000000e+04 2.641999999999999886e+02
3.276800000000000000e+04 2.435999999999999943e+02
3.379200000000000000e+04 2.091999999999999886e+02
3.481600000000000000e+04 9.220000000000000284e+01
3.584000000000000000e+04 2.753000000000000114e+02
3.686400000000000000e+04 2.063000000000000114e+02
3.788800000000000000e+04 1.385999999999999943e+02
3.891200000000000000e+04 3.415000000000000000e+02
3.993600000000000000e+04 3.096000000000000227e+02
4.096000000000000000e+04 1.731999999999999886e+02
4.198400000000000000e+04 2.354000000000000057e+02
4.300800000000000000e+04 4.221999999999999886e+02
4.403200000000000000e+04 4.468000000000000114e+02
4.505600000000000000e+04 2.019000000000000057e+02
4.608000000000000000e+04 3.666000000000000227e+02
4.710400000000000000e+04 4.953999999999999773e+02
4.812800000000000000e+04 4.893999999999999773e+02
4.915200000000000000e+04 2.241999999999999886e+02
5.017600000000000000e+04 5.000000000000000000e+02
5.120000000000000000e+04 4.091999999999999886e+02
5.222400000000000000e+04 5.000000000000000000e+02
5.324800000000000000e+04 1.356999999999999886e+02
5.427200000000000000e+04 4.841000000000000227e+02
5.529600000000000000e+04 2.021999999999999886e+02
5.632000000000000000e+04 5.000000000000000000e+02
5.734400000000000000e+04 2.693999999999999773e+02
5.836800000000000000e+04 1.546999999999999886e+02
5.939200000000000000e+04 2.348000000000000114e+02
6.041600000000000000e+04 1.390999999999999943e+02
6.144000000000000000e+04 2.895000000000000000e+02
6.246400000000000000e+04 5.000000000000000000e+02
6.348800000000000000e+04 4.745000000000000000e+02
6.451200000000000000e+04 3.628000000000000114e+02
6.553600000000000000e+04 5.000000000000000000e+02
6.656000000000000000e+04 4.928999999999999773e+02
6.758400000000000000e+04 4.246999999999999886e+02
6.860800000000000000e+04 1.758000000000000114e+02
6.963200000000000000e+04 4.948000000000000114e+02
7.065600000000000000e+04 1.725999999999999943e+02
7.168000000000000000e+04 2.180999999999999943e+02
7.270400000000000000e+04 4.066999999999999886e+02
7.372800000000000000e+04 4.971999999999999886e+02
7.475200000000000000e+04 1.600000000000000000e+02
7.577600000000000000e+04 5.000000000000000000e+02
7.680000000000000000e+04 2.053000000000000114e+02
7.782400000000000000e+04 4.631999999999999886e+02
7.884800000000000000e+04 2.071999999999999886e+02
7.987200000000000000e+04 1.804000000000000057e+02
8.089600000000000000e+04 1.591999999999999886e+02
8.192000000000000000e+04 1.175000000000000000e+02
8.294400000000000000e+04 5.000000000000000000e+02
8.396800000000000000e+04 4.818000000000000114e+02
8.499200000000000000e+04 3.786000000000000227e+02
8.601600000000000000e+04 3.803999999999999773e+02
8.704000000000000000e+04 3.296999999999999886e+02
8.806400000000000000e+04 1.945000000000000000e+02
8.908800000000000000e+04 3.526999999999999886e+02
9.011200000000000000e+04 3.650000000000000000e+02
9.113600000000000000e+04 4.825000000000000000e+02
9.216000000000000000e+04 1.371999999999999886e+02
9.318400000000000000e+04 1.520000000000000000e+02
9.420800000000000000e+04 1.416999999999999886e+02
9.523200000000000000e+04 1.950000000000000000e+02
9.625600000000000000e+04 4.946999999999999886e+02
9.728000000000000000e+04 1.540999999999999943e+02
9.830400000000000000e+04 5.470000000000000284e+01
9.932800000000000000e+04 1.688000000000000114e+02
1.003520000000000000e+05 1.465000000000000000e+02
1.013760000000000000e+05 1.635999999999999943e+02
