0.000000000000000000e+00 3.200000000000000178e+00
1.024000000000000000e+03 7.900000000000000355e+00
2.048000000000000000e+03 9.800000000000000711e+00
3.072000000000000000e+03 8.699999999999999289e+00
4.096000000000000000e+03 1.150000000000000000e+01
5.120000000000000000e+03 5.700000000000000178e+00
6.144000000000000000e+03 1.230000000000000071e+01
7.168000000000000000e+03 1.540000000000000036e+01
8.192000000000000000e+03 1.200000000000000000e+01
9.216000000000000000e+03 1.069999999999999929e+01
1.024000000000000000e+04 1.180000000000000071e+01
1.126400000000000000e+04 1.380000000000000071e+01
1.228800000000000000e+04 1.719999999999999929e+01
1.331200000000000000e+04 1.600000000000000000e+01
1.433600000000000000e+04 1.190000000000000036e+01
1.536000000000000000e+04 1.880000000000000071e+01
1.638400000000000000e+04 1.169999999999999929e+01
1.740800000000000000e+04 1.969999999999999929e+01
1.843200000000000000e+04 2.200000000000000000e+01
1.945600000000000000e+04 2.419999999999999929e+01
2.048000000000000000e+04 2.169999999999999929e+01
2.150400000000000000e+04 2.710000000000000142e+01
2.252800000000000000e+04 2.310000000000000142e+01
2.355200000000000000e+04 2.700000000000000000e+01
2.457600000000000000e+04 2.269999999999999929e+01
2.560000000000000000e+04 2.639999999999999858e+01
2.662400000000000000e+04 1.739999999999999858e+01
2.764800000000000000e+04 2.130000000000000071e+01
2.867200000000000000e+04 2.119999999999999929e+01
2.969600000000000000e+04 1.780000000000000071e+01
3.072000000000000000e+04 1.480000000000000071e+01
3.174400000000000000e+04 2.239999999999999858e+01
3.276800000000000000e+04 2.280000000000000071e+01
3.379200000000000000e+04 2.539999999999999858e+01
3.481600000000000000e+04 2.450000000000000000e+01
3.584000000000000000e+04 2.330000000000000071e+01
3.686400000000000000e+04 2.869999999999999929e+01
3.788800000000000000e+04 2.460000000000000142e+01
3.891200000000000000e+04 2.530000000000000071e+01
3.993600000000000000e+04 2.919999999999999929e+01
4.096000000000000000e+04 3.479999999999999716e+01
4.198400000000000000e+04 3.750000000000000000e+01
4.300800000000000000e+04 2.710000000000000142e+01
4.403200000000000000e+04 2.600000000000000000e+01
4.505600000000000000e+04 2.639999999999999858e+01
4.608000000000000000e+04 3.160000000000000142e+01
4.710400000000000000e+04 2.960000000000000142e+01
4.812800000000000000e+04 3.019999999999999929e+01
4.915200000000000000e+04 2.719999999999999929e+01
5.017600000000000000e+04 3.019999999999999929e+01
5.120000000000000000e+04 1.689999999999999858e+01
5.222400000000000000e+04 3.489999999999999858e+01
5.324800000000000000e+04 2.100000000000000000e+01
5.427200000000000000e+04 5.379999999999999716e+01
5.529600000000000000e+04 2.139999999999999858e+01
5.632000000000000000e+04 2.610000000000000142e+01
5.734400000000000000e+04 3.610000000000000142e+01
5.836800000000000000e+04 5.510000000000000142e+01
5.939200000000000000e+04 3.379999999999999716e+01
6.041600000000000000e+04 5.139999999999999858e+01
6.144000000000000000e+04 6.770000000000000284e+01
6.246400000000000000e+04 4.610000000000000142e+01
6.348800000000000000e+04 4.189999999999999858e+01
6.451200000000000000e+04 5.510000000000000142e+01
6.553600000000000000e+04 4.570000000000000284e+01
6.656000000000000000e+04 3.300000000000000000e+01
6.758400000000000000e+04 8.290000000000000568e+01
6.860800000000000000e+04 7.600000000000000000e+01
6.963200000000000000e+04 7.359999999999999432e+01
7.065600000000000000e+04 3.660000000000000142e+01
7.168000000000000000e+04 1.029000000000000057e+02
7.270400000000000000e+04 1.045000000000000000e+02
7.372800000000000000e+04 3.339999999999999858e+01
7.475200000000000000e+04 3.589999999999999858e+01
7.577600000000000000e+04 3.929999999999999716e+01
7.680000000000000000e+04 6.320000000000000284e+01
7.782400000000000000e+04 5.879999999999999716e+01
7.884800000000000000e+04 3.489999999999999858e+01
7.987200000000000000e+04 5.600000000000000000e+01
8.089600000000000000e+04 6.150000000000000000e+01
8.192000000000000000e+04 1.014000000000000057e+02
8.294400000000000000e+04 8.729999999999999716e+01
8.396800000000000000e+04 3.110000000000000142e+01
8.499200000000000000e+04 4.839999999999999858e+01
8.601600000000000000e+04 3.910000000000000142e+01
8.704000000000000000e+04 6.229999999999999716e+01
8.806400000000000000e+04 5.079999999999999716e+01
8.908800000000000000e+04 1.880000000000000071e+01
9.011200000000000000e+04 4.139999999999999858e+01
9.113600000000000000e+04 6.759999999999999432e+01
9.216000000000000000e+04 3.160000000000000142e+01
9.318400000000000000e+04 6.740000000000000568e+01
9.420800000000000000e+04 5.279999999999999716e+01
9.523200000000000000e+04 9.309999999999999432e+01
9.625600000000000000e+04 3.870000000000000284e+01
9.728000000000000000e+04 4.560000000000000142e+01
9.830400000000000000e+04 8.079999999999999716e+01
9.932800000000000000e+04 4.460000000000000142e+01
1.003520000000000000e+05 8.559999999999999432e+01
1.013760000000000000e+05 5.760000000000000142e+01
