0.000000000000000000e+00 1.600000000000000000e+01
1.024000000000000000e+03 2.830000000000000071e+01
2.048000000000000000e+03 4.729999999999999716e+01
3.072000000000000000e+03 5.600000000000000000e+01
4.096000000000000000e+03 4.339999999999999858e+01
5.120000000000000000e+03 7.970000000000000284e+01
6.144000000000000000e+03 8.740000000000000568e+01
7.168000000000000000e+03 1.380000000000000000e+02
8.192000000000000000e+03 1.062000000000000028e+02
9.216000000000000000e+03 2.356999999999999886e+02
1.024000000000000000e+04 1.985000000000000000e+02
1.126400000000000000e+04 7.540000000000000568e+01
1.228800000000000000e+04 1.535000000000000000e+02
1.331200000000000000e+04 1.369000000000000057e+02
1.433600000000000000e+04 1.420999999999999943e+02
1.536000000000000000e+04 1.495000000000000000e+02
1.638400000000000000e+04 2.313000000000000114e+02
1.740800000000000000e+04 1.690000000000000000e+02
1.843200000000000000e+04 1.230999999999999943e+02
1.945600000000000000e+04 1.536999999999999886e+02
2.048000000000000000e+04 1.165000000000000000e+02
2.150400000000000000e+04 1.903000000000000114e+02
2.252800000000000000e+04 1.335000000000000000e+02
2.355200000000000000e+04 1.100999999999999943e+02
2.457600000000000000e+04 2.110999999999999943e+02
2.560000000000000000e+04 2.653999999999999773e+02
2.662400000000000000e+04 1.743000000000000114e+02
2.764800000000000000e+04 1.344000000000000057e+02
2.867200000000000000e+04 1.869000000000000057e+02
2.969600000000000000e+04 1.811999999999999886e+02
3.072000000000000000e+04 2.340000000000000000e+02
3.174400000000000000e+04 1.323000000000000114e+02
3.276800000000000000e+04 1.675000000000000000e+02
3.379200000000000000e+04 4.796000000000000227e+02
3.481600000000000000e+04 2.109000000000000057e+02
3.584000000000000000e+04 1.055000000000000000e+02
3.686400000000000000e+04 5.810000000000000142e+01
3.788800000000000000e+04 5.150000000000000000e+01
3.891200000000000000e+04 4.710000000000000142e+01
3.993600000000000000e+04 3.970000000000000284e+01
4.096000000000000000e+04 4.729999999999999716e+01
4.198400000000000000e+04 3.570000000000000284e+01
4.300800000000000000e+04 3.760000000000000142e+01
4.403200000000000000e+04 3.789999999999999858e+01
4.505600000000000000e+04 4.570000000000000284e+01
4.608000000000000000e+04 4.270000000000000284e+01
4.710400000000000000e+04 3.960000000000000142e+01
4.812800000000000000e+04 4.520000000000000284e+01
4.915200000000000000e+04 4.920000000000000284e+01
5.017600000000000000e+04 6.100000000000000000e+01
5.120000000000000000e+04 5.460000000000000142e+01
5.222400000000000000e+04 9.629999999999999716e+01
5.324800000000000000e+04 4.100000000000000000e+01
5.427200000000000000e+04 4.879999999999999716e+01
5.529600000000000000e+04 8.050000000000000000e+01
5.632000000000000000e+04 5.310000000000000142e+01
5.734400000000000000e+04 3.810000000000000142e+01
5.836800000000000000e+04 2.430000000000000071e+01
5.939200000000000000e+04 2.550000000000000000e+01
6.041600000000000000e+04 2.960000000000000142e+01
6.144000000000000000e+04 5.420000000000000284e+01
6.246400000000000000e+04 5.689999999999999858e+01
6.348800000000000000e+04 1.137999999999999972e+02
6.451200000000000000e+04 8.959999999999999432e+01
6.553600000000000000e+04 9.059999999999999432e+01
6.656000000000000000e+04 1.771999999999999886e+02
6.758400000000000000e+04 9.750000000000000000e+01
6.860800000000000000e+04 1.042999999999999972e+02
6.963200000000000000e+04 1.095000000000000000e+02
7.065600000000000000e+04 9.359999999999999432e+01
7.168000000000000000e+04 1.760000000000000142e+01
7.270400000000000000e+04 2.030000000000000071e+01
7.372800000000000000e+04 1.710000000000000142e+01
7.475200000000000000e+04 2.210000000000000142e+01
7.577600000000000000e+04 1.037000000000000028e+02
7.680000000000000000e+04 1.969999999999999929e+01
7.782400000000000000e+04 9.470000000000000284e+01
7.884800000000000000e+04 3.180000000000000000e+02
7.987200000000000000e+04 1.511999999999999886e+02
8.089600000000000000e+04 1.374000000000000057e+02
8.192000000000000000e+04 1.429000000000000057e+02
8.294400000000000000e+04 1.790999999999999943e+02
8.396800000000000000e+04 1.518000000000000114e+02
8.499200000000000000e+04 1.491999999999999886e+02
8.601600000000000000e+04 1.340000000000000000e+02
8.704000000000000000e+04 1.469000000000000057e+02
8.806400000000000000e+04 1.639000000000000057e+02
8.908800000000000000e+04 1.505999999999999943e+02
9.011200000000000000e+04 1.441999999999999886e+02
9.113600000000000000e+04 1.514000000000000057e+02
9.216000000000000000e+04 1.980000000000000000e+02
9.318400000000000000e+04 1.576999999999999886e+02
9.420800000000000000e+04 1.374000000000000057e+02
9.523200000000000000e+04 1.167000000000000028e+02
9.625600000000000000e+04 1.390000000000000000e+02
9.728000000000000000e+04 1.459000000000000057e+02
9.830400000000000000e+04 1.315999999999999943e+02
9.932800000000000000e+04 1.174000000000000057e+02
1.003520000000000000e+05 1.869999999999999929e+01
1.013760000000000000e+05 1.618000000000000114e+02
