0.000000000000000000e+00 3.010000000000000142e+01
1.024000000000000000e+03 3.800000000000000000e+01
2.048000000000000000e+03 3.800000000000000000e+01
3.072000000000000000e+03 2.989999999999999858e+01
4.096000000000000000e+03 4.210000000000000142e+01
5.120000000000000000e+03 4.279999999999999716e+01
6.144000000000000000e+03 4.520000000000000284e+01
7.168000000000000000e+03 4.489999999999999858e+01
8.192000000000000000e+03 6.320000000000000284e+01
9.216000000000000000e+03 6.409999999999999432e+01
1.024000000000000000e+04 6.729999999999999716e+01
1.126400000000000000e+04 1.057000000000000028e+02
1.228800000000000000e+04 1.579000000000000057e+02
1.331200000000000000e+04 1.269000000000000057e+02
1.433600000000000000e+04 2.145999999999999943e+02
1.536000000000000000e+04 1.060000000000000000e+02
1.638400000000000000e+04 2.621999999999999886e+02
1.740800000000000000e+04 2.153000000000000114e+02
1.843200000000000000e+04 2.746000000000000227e+02
1.945600000000000000e+04 1.728000000000000114e+02
2.048000000000000000e+04 2.501999999999999886e+02
2.150400000000000000e+04 3.235000000000000000e+02
2.252800000000000000e+04 1.149000000000000057e+02
2.355200000000000000e+04 2.053000000000000114e+02
2.457600000000000000e+04 1.708000000000000114e+02
2.560000000000000000e+04 1.232000000000000028e+02
2.662400000000000000e+04 9.940000000000000568e+01
2.764800000000000000e+04 3.193000000000000114e+02
2.867200000000000000e+04 1.480000000000000000e+02
2.969600000000000000e+04 1.285000000000000000e+02
3.072000000000000000e+04 2.461999999999999886e+02
3.174400000000000000e+04 2.568000000000000114e+02
3.276800000000000000e+04 1.955999999999999943e+02
3.379200000000000000e+04 1.390999999999999943e+02
3.481600000000000000e+04 1.650999999999999943e+02
3.584000000000000000e+04 1.606999999999999886e+02
3.686400000000000000e+04 5.000000000000000000e+02
3.788800000000000000e+04 2.645000000000000000e+02
3.891200000000000000e+04 2.443000000000000114e+02
3.993600000000000000e+04 1.650000000000000000e+02
4.096000000000000000e+04 2.415000000000000000e+02
4.198400000000000000e+04 4.426000000000000227e+02
4.300800000000000000e+04 5.000000000000000000e+02
4.403200000000000000e+04 4.988000000000000114e+02
4.505600000000000000e+04 2.631999999999999886e+02
4.608000000000000000e+04 2.826999999999999886e+02
4.710400000000000000e+04 2.916000000000000227e+02
4.812800000000000000e+04 4.308999999999999773e+02
4.915200000000000000e+04 4.691000000000000227e+02
5.017600000000000000e+04 3.948999999999999773e+02
5.120000000000000000e+04 2.350000000000000000e+02
5.222400000000000000e+04 3.971000000000000227e+02
5.324800000000000000e+04 3.253999999999999773e+02
5.427200000000000000e+04 5.000000000000000000e+02
5.529600000000000000e+04 3.216999999999999886e+02
5.632000000000000000e+04 3.478000000000000114e+02
5.734400000000000000e+04 1.391999999999999886e+02
5.836800000000000000e+04 3.415000000000000000e+02
5.939200000000000000e+04 5.000000000000000000e+02
6.041600000000000000e+04 3.183999999999999773e+02
6.144000000000000000e+04 4.478999999999999773e+02
6.246400000000000000e+04 2.160999999999999943e+02
6.348800000000000000e+04 2.365999999999999943e+02
6.451200000000000000e+04 2.398000000000000114e+02
6.553600000000000000e+04 2.938999999999999773e+02
6.656000000000000000e+04 1.990999999999999943e+02
6.758400000000000000e+04 1.303000000000000114e+02
6.860800000000000000e+04 2.166999999999999886e+02
6.963200000000000000e+04 5.000000000000000000e+02
7.065600000000000000e+04 1.516999999999999886e+02
7.168000000000000000e+04 2.166999999999999886e+02
7.270400000000000000e+04 3.341999999999999886e+02
7.372800000000000000e+04 1.207999999999999972e+02
7.475200000000000000e+04 1.280000000000000000e+02
7.577600000000000000e+04 2.801000000000000227e+02
7.680000000000000000e+04 4.105000000000000000e+02
7.782400000000000000e+04 2.743000000000000114e+02
7.884800000000000000e+04 5.000000000000000000e+02
7.987200000000000000e+04 2.290000000000000000e+02
8.089600000000000000e+04 4.390000000000000000e+02
8.192000000000000000e+04 1.485000000000000000e+02
8.294400000000000000e+04 1.466999999999999886e+02
8.396800000000000000e+04 1.981999999999999886e+02
8.499200000000000000e+04 2.125999999999999943e+02
8.601600000000000000e+04 1.125999999999999943e+02
8.704000000000000000e+04 1.520999999999999943e+02
8.806400000000000000e+04 1.475000000000000000e+02
8.908800000000000000e+04 1.566999999999999886e+02
9.011200000000000000e+04 1.285999999999999943e+02
9.113600000000000000e+04 1.122000000000000028e+02
9.216000000000000000e+04 8.000000000000000000e+01
9.318400000000000000e+04 1.649000000000000057e+02
9.420800000000000000e+04 1.710999999999999943e+02
9.523200000000000000e+04 1.311999999999999886e+02
9.625600000000000000e+04 1.711999999999999886e+02
9.728000000000000000e+04 2.255000000000000000e+02
9.830400000000000000e+04 2.179000000000000057e+02
9.932800000000000000e+04 1.320999999999999943e+02
1.003520000000000000e+05 1.895999999999999943e+02
1.013760000000000000e+05 1.064000000000000057e+02
