0.000000000000000000e+00 1.590000000000000036e+01
1.024000000000000000e+03 1.490000000000000036e+01
2.048000000000000000e+03 2.080000000000000071e+01
3.072000000000000000e+03 4.389999999999999858e+01
4.096000000000000000e+03 6.229999999999999716e+01
5.120000000000000000e+03 5.060000000000000142e+01
6.144000000000000000e+03 5.310000000000000142e+01
7.168000000000000000e+03 5.379999999999999716e+01
8.192000000000000000e+03 5.320000000000000284e+01
9.216000000000000000e+03 6.200000000000000000e+01
1.024000000000000000e+04 5.789999999999999858e+01
1.126400000000000000e+04 4.100000000000000000e+01
1.228800000000000000e+04 9.040000000000000568e+01
1.331200000000000000e+04 9.779999999999999716e+01
1.433600000000000000e+04 1.150000000000000000e+02
1.536000000000000000e+04 1.102999999999999972e+02
1.638400000000000000e+04 5.229999999999999716e+01
1.740800000000000000e+04 7.050000000000000000e+01
1.843200000000000000e+04 6.060000000000000142e+01
1.945600000000000000e+04 8.750000000000000000e+01
2.048000000000000000e+04 3.789999999999999858e+01
2.150400000000000000e+04 7.109999999999999432e+01
2.252800000000000000e+04 8.729999999999999716e+01
2.355200000000000000e+04 1.050000000000000000e+02
2.457600000000000000e+04 7.920000000000000284e+01
2.560000000000000000e+04 1.069000000000000057e+02
2.662400000000000000e+04 1.539000000000000057e+02
2.764800000000000000e+04 1.365000000000000000e+02
2.867200000000000000e+04 9.440000000000000568e+01
2.969600000000000000e+04 1.104000000000000057e+02
3.072000000000000000e+04 8.050000000000000000e+01
3.174400000000000000e+04 9.670000000000000284e+01
3.276800000000000000e+04 6.970000000000000284e+01
3.379200000000000000e+04 8.470000000000000284e+01
3.481600000000000000e+04 7.029999999999999716e+01
3.584000000000000000e+04 5.460000000000000142e+01
3.686400000000000000e+04 9.820000000000000284e+01
3.788800000000000000e+04 1.670999999999999943e+02
3.891200000000000000e+04 1.257999999999999972e+02
3.993600000000000000e+04 1.480999999999999943e+02
4.096000000000000000e+04 1.257999999999999972e+02
4.198400000000000000e+04 1.300000000000000000e+02
4.300800000000000000e+04 2.586999999999999886e+02
4.403200000000000000e+04 1.290999999999999943e+02
4.505600000000000000e+04 1.355999999999999943e+02
4.608000000000000000e+04 2.583999999999999773e+02
4.710400000000000000e+04 1.110000000000000000e+02
4.812800000000000000e+04 1.315000000000000000e+02
4.915200000000000000e+04 8.650000000000000000e+01
5.017600000000000000e+04 2.291999999999999886e+02
5.120000000000000000e+04 1.540999999999999943e+02
5.222400000000000000e+04 1.886999999999999886e+02
5.324800000000000000e+04 1.695000000000000000e+02
5.427200000000000000e+04 1.057000000000000028e+02
5.529600000000000000e+04 1.449000000000000057e+02
5.632000000000000000e+04 1.122999999999999972e+02
5.734400000000000000e+04 1.431999999999999886e+02
5.836800000000000000e+04 2.544000000000000057e+02
5.939200000000000000e+04 2.110000000000000000e+02
6.041600000000000000e+04 2.155999999999999943e+02
6.144000000000000000e+04 2.553000000000000114e+02
6.246400000000000000e+04 1.710999999999999943e+02
6.348800000000000000e+04 2.305000000000000000e+02
6.451200000000000000e+04 2.781000000000000227e+02
6.553600000000000000e+04 3.183000000000000114e+02
6.656000000000000000e+04 3.288000000000000114e+02
6.758400000000000000e+04 4.368000000000000114e+02
6.860800000000000000e+04 3.953000000000000114e+02
6.963200000000000000e+04 1.067999999999999972e+02
7.065600000000000000e+04 1.117999999999999972e+02
7.168000000000000000e+04 1.659000000000000057e+02
7.270400000000000000e+04 1.119000000000000057e+02
7.372800000000000000e+04 8.279999999999999716e+01
7.475200000000000000e+04 3.158000000000000114e+02
7.577600000000000000e+04 2.973000000000000114e+02
7.680000000000000000e+04 4.288000000000000114e+02
7.782400000000000000e+04 1.814000000000000057e+02
7.884800000000000000e+04 1.793000000000000114e+02
7.987200000000000000e+04 1.303000000000000114e+02
8.089600000000000000e+04 1.755000000000000000e+02
8.192000000000000000e+04 2.700000000000000000e+02
8.294400000000000000e+04 1.560999999999999943e+02
8.396800000000000000e+04 1.823000000000000114e+02
8.499200000000000000e+04 3.131000000000000227e+02
8.601600000000000000e+04 3.116000000000000227e+02
8.704000000000000000e+04 2.815000000000000000e+02
8.806400000000000000e+04 3.338999999999999773e+02
8.908800000000000000e+04 1.714000000000000057e+02
9.011200000000000000e+04 1.305000000000000000e+02
9.113600000000000000e+04 1.703000000000000114e+02
9.216000000000000000e+04 2.113000000000000114e+02
9.318400000000000000e+04 2.244000000000000057e+02
9.420800000000000000e+04 2.489000000000000057e+02
9.523200000000000000e+04 4.503000000000000114e+02
9.625600000000000000e+04 2.253000000000000114e+02
9.728000000000000000e+04 1.563000000000000114e+02
9.830400000000000000e+04 7.090000000000000568e+01
9.932800000000000000e+04 2.048000000000000114e+02
1.003520000000000000e+05 1.628000000000000114e+02
1.013760000000000000e+05 1.910999999999999943e+02
