0.000000000000000000e+00 1.650000000000000000e+01
1.024000000000000000e+03 1.559999999999999964e+01
2.048000000000000000e+03 3.250000000000000000e+01
3.072000000000000000e+03 2.900000000000000000e+01
4.096000000000000000e+03 2.960000000000000142e+01
5.120000000000000000e+03 4.729999999999999716e+01
6.144000000000000000e+03 5.160000000000000142e+01
7.168000000000000000e+03 5.200000000000000000e+01
8.192000000000000000e+03 4.170000000000000284e+01
9.216000000000000000e+03 7.209999999999999432e+01
1.024000000000000000e+04 1.055999999999999943e+02
1.126400000000000000e+04 8.209999999999999432e+01
1.228800000000000000e+04 8.259999999999999432e+01
1.331200000000000000e+04 5.400000000000000000e+01
1.433600000000000000e+04 1.047999999999999972e+02
1.536000000000000000e+04 8.090000000000000568e+01
1.638400000000000000e+04 1.315999999999999943e+02
1.740800000000000000e+04 1.180000000000000000e+02
1.843200000000000000e+04 1.284000000000000057e+02
1.945600000000000000e+04 1.460000000000000000e+02
2.048000000000000000e+04 1.575000000000000000e+02
2.150400000000000000e+04 1.553000000000000114e+02
2.252800000000000000e+04 1.262999999999999972e+02
2.355200000000000000e+04 2.011999999999999886e+02
2.457600000000000000e+04 1.640000000000000000e+02
2.560000000000000000e+04 4.688999999999999773e+02
2.662400000000000000e+04 1.057000000000000028e+02
2.764800000000000000e+04 1.923000000000000114e+02
2.867200000000000000e+04 2.340000000000000000e+02
2.969600000000000000e+04 1.631999999999999886e+02
3.072000000000000000e+04 2.591999999999999886e+02
3.174400000000000000e+04 2.778999999999999773e+02
3.276800000000000000e+04 1.109000000000000057e+02
3.379200000000000000e+04 1.240999999999999943e+02
3.481600000000000000e+04 4.310000000000000142e+01
3.584000000000000000e+04 3.691999999999999886e+02
3.686400000000000000e+04 4.461999999999999886e+02
3.788800000000000000e+04 3.228999999999999773e+02
3.891200000000000000e+04 7.840000000000000568e+01
3.993600000000000000e+04 1.120999999999999943e+02
4.096000000000000000e+04 2.215999999999999943e+02
4.198400000000000000e+04 3.660000000000000000e+02
4.300800000000000000e+04 2.993999999999999773e+02
4.403200000000000000e+04 2.301999999999999886e+02
4.505600000000000000e+04 1.100999999999999943e+02
4.608000000000000000e+04 1.170000000000000000e+02
4.710400000000000000e+04 4.479999999999999716e+01
4.812800000000000000e+04 1.035999999999999943e+02
4.915200000000000000e+04 1.169000000000000057e+02
5.017600000000000000e+04 1.070000000000000000e+02
5.120000000000000000e+04 1.182999999999999972e+02
5.222400000000000000e+04 1.092000000000000028e+02
5.324800000000000000e+04 1.701999999999999886e+02
5.427200000000000000e+04 2.031999999999999886e+02
5.529600000000000000e+04 1.215000000000000000e+02
5.632000000000000000e+04 1.002999999999999972e+02
5.734400000000000000e+04 6.529999999999999716e+01
5.836800000000000000e+04 1.778000000000000114e+02
5.939200000000000000e+04 1.335999999999999943e+02
6.041600000000000000e+04 2.035000000000000000e+02
6.144000000000000000e+04 3.636999999999999886e+02
6.246400000000000000e+04 2.713999999999999773e+02
6.348800000000000000e+04 1.313000000000000114e+02
6.451200000000000000e+04 9.109999999999999432e+01
6.553600000000000000e+04 4.310000000000000142e+01
6.656000000000000000e+04 1.475999999999999943e+02
6.758400000000000000e+04 1.523000000000000114e+02
6.860800000000000000e+04 1.277000000000000028e+02
6.963200000000000000e+04 5.000000000000000000e+01
7.065600000000000000e+04 1.316999999999999886e+02
7.168000000000000000e+04 8.720000000000000284e+01
7.270400000000000000e+04 9.090000000000000568e+01
7.372800000000000000e+04 9.040000000000000568e+01
7.475200000000000000e+04 1.341999999999999886e+02
7.577600000000000000e+04 2.111999999999999886e+02
7.680000000000000000e+04 1.910000000000000000e+02
7.782400000000000000e+04 3.415000000000000000e+02
7.884800000000000000e+04 2.094000000000000057e+02
7.987200000000000000e+04 2.291999999999999886e+02
8.089600000000000000e+04 5.000000000000000000e+02
8.192000000000000000e+04 1.385999999999999943e+02
8.294400000000000000e+04 1.993000000000000114e+02
8.396800000000000000e+04 2.585000000000000000e+02
8.499200000000000000e+04 1.300999999999999943e+02
8.601600000000000000e+04 1.603000000000000114e+02
8.704000000000000000e+04 2.725000000000000000e+02
8.806400000000000000e+04 4.771999999999999886e+02
8.908800000000000000e+04 4.221999999999999886e+02
9.011200000000000000e+04 2.269000000000000057e+02
9.113600000000000000e+04 3.371999999999999886e+02
9.216000000000000000e+04 2.893999999999999773e+02
9.318400000000000000e+04 3.230000000000000000e+02
9.420800000000000000e+04 1.170000000000000000e+02
9.523200000000000000e+04 3.371000000000000227e+02
9.625600000000000000e+04 2.796000000000000227e+02
9.728000000000000000e+04 3.348999999999999773e+02
9.830400000000000000e+04 1.675999999999999943e+02
9.932800000000000000e+04 3.421000000000000227e+02
1.003520000000000000e+05 2.100000000000000000e+02
1.013760000000000000e+05 1.763000000000000114e+02
