0.000000000000000000e+00 2.680000000000000071e+01
1.024000000000000000e+03 3.960000000000000142e+01
2.048000000000000000e+03 4.400000000000000000e+01
3.072000000000000000e+03 4.310000000000000142e+01
4.096000000000000000e+03 6.220000000000000284e+01
5.120000000000000000e+03 6.909999999999999432e+01
6.144000000000000000e+03 9.650000000000000000e+01
7.168000000000000000e+03 4.739999999999999858e+01
8.192000000000000000e+03 8.059999999999999432e+01
9.216000000000000000e+03 1.293000000000000114e+02
1.024000000000000000e+04 6.929999999999999716e+01
1.126400000000000000e+04 5.289999999999999858e+01
1.228800000000000000e+04 1.237999999999999972e+02
1.331200000000000000e+04 1.140999999999999943e+02
1.433600000000000000e+04 7.559999999999999432e+01
1.536000000000000000e+04 6.579999999999999716e+01
1.638400000000000000e+04 1.718000000000000114e+02
1.740800000000000000e+04 1.784000000000000057e+02
1.843200000000000000e+04 2.251999999999999886e+02
1.945600000000000000e+04 1.167999999999999972e+02
2.048000000000000000e+04 2.559000000000000057e+02
2.150400000000000000e+04 1.194000000000000057e+02
2.252800000000000000e+04 7.920000000000000284e+01
2.355200000000000000e+04 1.167999999999999972e+02
2.457600000000000000e+04 5.679999999999999716e+01
2.560000000000000000e+04 9.459999999999999432e+01
2.662400000000000000e+04 2.310999999999999943e+02
2.764800000000000000e+04 1.339000000000000057e+02
2.867200000000000000e+04 3.091999999999999886e+02
2.969600000000000000e+04 2.269000000000000057e+02
3.072000000000000000e+04 1.766999999999999886e+02
3.174400000000000000e+04 1.494000000000000057e+02
3.276800000000000000e+04 1.865000000000000000e+02
3.379200000000000000e+04 2.270000000000000000e+02
3.481600000000000000e+04 1.225999999999999943e+02
3.584000000000000000e+04 1.766999999999999886e+02
3.686400000000000000e+04 3.138000000000000114e+02
3.788800000000000000e+04 3.438999999999999773e+02
3.891200000000000000e+04 2.956000000000000227e+02
3.993600000000000000e+04 1.680999999999999943e+02
4.096000000000000000e+04 1.666999999999999886e+02
4.198400000000000000e+04 4.700000000000000000e+01
4.300800000000000000e+04 1.449000000000000057e+02
4.403200000000000000e+04 6.189999999999999858e+01
4.505600000000000000e+04 1.890999999999999943e+02
4.608000000000000000e+04 3.120000000000000000e+02
4.710400000000000000e+04 1.935000000000000000e+02
4.812800000000000000e+04 2.648000000000000114e+02
4.915200000000000000e+04 2.408000000000000114e+02
5.017600000000000000e+04 1.394000000000000057e+02
5.120000000000000000e+04 1.415999999999999943e+02
5.222400000000000000e+04 3.888999999999999773e+02
5.324800000000000000e+04 2.551999999999999886e+02
5.427200000000000000e+04 1.690000000000000000e+02
5.529600000000000000e+04 1.085000000000000000e+02
5.632000000000000000e+04 7.790000000000000568e+01
5.734400000000000000e+04 1.395000000000000000e+02
5.836800000000000000e+04 2.668000000000000114e+02
5.939200000000000000e+04 1.295999999999999943e+02
6.041600000000000000e+04 2.290999999999999943e+02
6.144000000000000000e+04 1.691999999999999886e+02
6.246400000000000000e+04 2.391999999999999886e+02
6.348800000000000000e+04 1.648000000000000114e+02
6.451200000000000000e+04 1.185999999999999943e+02
6.553600000000000000e+04 1.346999999999999886e+02
6.656000000000000000e+04 2.066999999999999886e+02
6.758400000000000000e+04 1.313000000000000114e+02
6.860800000000000000e+04 1.985000000000000000e+02
6.963200000000000000e+04 1.154000000000000057e+02
7.065600000000000000e+04 1.405999999999999943e+02
7.168000000000000000e+04 1.535999999999999943e+02
7.270400000000000000e+04 9.759999999999999432e+01
7.372800000000000000e+04 7.370000000000000284e+01
7.475200000000000000e+04 3.289999999999999858e+01
7.577600000000000000e+04 2.169999999999999929e+01
7.680000000000000000e+04 2.519999999999999929e+01
7.782400000000000000e+04 2.000000000000000000e+01
7.884800000000000000e+04 1.880000000000000071e+01
7.987200000000000000e+04 1.630000000000000071e+01
8.089600000000000000e+04 2.410000000000000142e+01
8.192000000000000000e+04 5.720000000000000284e+01
8.294400000000000000e+04 1.304000000000000057e+02
8.396800000000000000e+04 1.157000000000000028e+02
8.499200000000000000e+04 1.105000000000000000e+02
8.601600000000000000e+04 1.005000000000000000e+02
8.704000000000000000e+04 1.600999999999999943e+02
8.806400000000000000e+04 1.708000000000000114e+02
8.908800000000000000e+04 1.718000000000000114e+02
9.011200000000000000e+04 1.361999999999999886e+02
9.113600000000000000e+04 1.651999999999999886e+02
9.216000000000000000e+04 1.265999999999999943e+02
9.318400000000000000e+04 1.155999999999999943e+02
9.420800000000000000e+04 2.566999999999999886e+02
9.523200000000000000e+04 1.979000000000000057e+02
9.625600000000000000e+04 1.172999999999999972e+02
9.728000000000000000e+04 1.057000000000000028e+02
9.830400000000000000e+04 1.685000000000000000e+02
9.932800000000000000e+04 1.082999999999999972e+02
1.003520000000000000e+05 1.515000000000000000e+02
1.013760000000000000e+05 2.433000000000000114e+02
