0.000000000000000000e+00 1.819999999999999929e+01
1.024000000000000000e+03 3.600000000000000000e+01
2.048000000000000000e+03 4.770000000000000284e+01
3.072000000000000000e+03 4.710000000000000142e+01
4.096000000000000000e+03 4.870000000000000284e+01
5.120000000000000000e+03 6.550000000000000000e+01
6.144000000000000000e+03 3.510000000000000142e+01
7.168000000000000000e+03 4.350000000000000000e+01
8.192000000000000000e+03 5.170000000000000284e+01
9.216000000000000000e+03 5.239999999999999858e+01
1.024000000000000000e+04 5.510000000000000142e+01
1.126400000000000000e+04 5.829999999999999716e+01
1.228800000000000000e+04 7.400000000000000000e+01
1.331200000000000000e+04 6.189999999999999858e+01
1.433600000000000000e+04 3.429999999999999716e+01
1.536000000000000000e+04 7.100000000000000000e+01
1.638400000000000000e+04 6.490000000000000568e+01
1.740800000000000000e+04 7.259999999999999432e+01
1.843200000000000000e+04 4.160000000000000142e+01
1.945600000000000000e+04 4.439999999999999858e+01
2.048000000000000000e+04 4.929999999999999716e+01
2.150400000000000000e+04 8.870000000000000284e+01
2.252800000000000000e+04 3.150000000000000000e+01
2.355200000000000000e+04 5.629999999999999716e+01
2.457600000000000000e+04 8.920000000000000284e+01
2.560000000000000000e+04 6.720000000000000284e+01
2.662400000000000000e+04 1.495999999999999943e+02
2.764800000000000000e+04 7.620000000000000284e+01
2.867200000000000000e+04 7.800000000000000000e+01
2.969600000000000000e+04 1.150999999999999943e+02
3.072000000000000000e+04 6.050000000000000000e+01
3.174400000000000000e+04 1.736999999999999886e+02
3.276800000000000000e+04 9.859999999999999432e+01
3.379200000000000000e+04 5.829999999999999716e+01
3.481600000000000000e+04 9.500000000000000000e+01
3.584000000000000000e+04 6.479999999999999716e+01
3.686400000000000000e+04 1.175999999999999943e+02
3.788800000000000000e+04 1.252000000000000028e+02
3.891200000000000000e+04 1.150999999999999943e+02
3.993600000000000000e+04 8.540000000000000568e+01
4.096000000000000000e+04 8.579999999999999716e+01
4.198400000000000000e+04 8.100000000000000000e+01
4.300800000000000000e+04 7.859999999999999432e+01
4.403200000000000000e+04 1.550000000000000000e+02
4.505600000000000000e+04 3.128000000000000114e+02
4.608000000000000000e+04 3.663999999999999773e+02
4.710400000000000000e+04 1.455000000000000000e+02
4.812800000000000000e+04 1.104000000000000057e+02
4.915200000000000000e+04 3.279999999999999716e+01
5.017600000000000000e+04 4.150000000000000000e+01
5.120000000000000000e+04 4.820000000000000284e+01
5.222400000000000000e+04 1.215999999999999943e+02
5.324800000000000000e+04 1.045999999999999943e+02
5.427200000000000000e+04 2.783000000000000114e+02
5.529600000000000000e+04 1.140999999999999943e+02
5.632000000000000000e+04 2.691000000000000227e+02
5.734400000000000000e+04 1.124000000000000057e+02
5.836800000000000000e+04 2.720000000000000000e+02
5.939200000000000000e+04 1.380000000000000000e+02
6.041600000000000000e+04 2.070999999999999943e+02
6.144000000000000000e+04 1.057000000000000028e+02
6.246400000000000000e+04 2.069999999999999929e+01
6.348800000000000000e+04 4.120000000000000284e+01
6.451200000000000000e+04 4.510000000000000142e+01
6.553600000000000000e+04 2.030000000000000000e+02
6.656000000000000000e+04 1.643000000000000114e+02
6.758400000000000000e+04 1.736999999999999886e+02
6.860800000000000000e+04 1.240000000000000000e+02
6.963200000000000000e+04 5.100000000000000000e+01
7.065600000000000000e+04 1.586999999999999886e+02
7.168000000000000000e+04 1.179000000000000057e+02
7.270400000000000000e+04 1.192999999999999972e+02
7.372800000000000000e+04 1.846999999999999886e+02
7.475200000000000000e+04 1.090000000000000000e+02
7.577600000000000000e+04 2.908000000000000114e+02
7.680000000000000000e+04 1.274000000000000057e+02
7.782400000000000000e+04 1.488000000000000114e+02
7.884800000000000000e+04 1.838000000000000114e+02
7.987200000000000000e+04 1.765999999999999943e+02
8.089600000000000000e+04 2.170999999999999943e+02
8.192000000000000000e+04 2.170000000000000000e+02
8.294400000000000000e+04 2.216999999999999886e+02
8.396800000000000000e+04 2.026999999999999886e+02
8.499200000000000000e+04 1.490999999999999943e+02
8.601600000000000000e+04 1.336999999999999886e+02
8.704000000000000000e+04 4.966999999999999886e+02
8.806400000000000000e+04 2.053000000000000114e+02
8.908800000000000000e+04 1.911999999999999886e+02
9.011200000000000000e+04 2.801000000000000227e+02
9.113600000000000000e+04 5.000000000000000000e+02
9.216000000000000000e+04 4.593000000000000114e+02
9.318400000000000000e+04 2.683999999999999773e+02
9.420800000000000000e+04 1.815000000000000000e+02
9.523200000000000000e+04 1.603000000000000114e+02
9.625600000000000000e+04 1.182999999999999972e+02
9.728000000000000000e+04 3.130000000000000071e+01
9.830400000000000000e+04 1.190000000000000000e+02
9.932800000000000000e+04 1.260999999999999943e+02
1.003520000000000000e+05 1.708000000000000114e+02
1.013760000000000000e+05 1.683000000000000114e+02
