0.000000000000000000e+00 3.080000000000000071e+01
1.024000000000000000e+03 3.560000000000000142e+01
2.048000000000000000e+03 3.960000000000000142e+01
3.072000000000000000e+03 3.839999999999999858e+01
4.096000000000000000e+03 3.960000000000000142e+01
5.120000000000000000e+03 3.689999999999999858e+01
6.144000000000000000e+03 7.420000000000000284e+01
7.168000000000000000e+03 5.010000000000000142e+01
8.192000000000000000e+03 4.250000000000000000e+01
9.216000000000000000e+03 9.520000000000000284e+01
1.024000000000000000e+04 2.354000000000000057e+02
1.126400000000000000e+04 1.032000000000000028e+02
1.228800000000000000e+04 2.325000000000000000e+02
1.331200000000000000e+04 6.850000000000000000e+01
1.433600000000000000e+04 1.439000000000000057e+02
1.536000000000000000e+04 9.950000000000000000e+01
1.638400000000000000e+04 1.451999999999999886e+02
1.740800000000000000e+04 1.936999999999999886e+02
1.843200000000000000e+04 1.114000000000000057e+02
1.945600000000000000e+04 1.165999999999999943e+02
2.048000000000000000e+04 2.295999999999999943e+02
2.150400000000000000e+04 1.315999999999999943e+02
2.252800000000000000e+04 2.015999999999999943e+02
2.355200000000000000e+04 2.911999999999999886e+02
2.457600000000000000e+04 1.930000000000000000e+02
2.560000000000000000e+04 1.100999999999999943e+02
2.662400000000000000e+04 2.345000000000000000e+02
2.764800000000000000e+04 4.643000000000000114e+02
2.867200000000000000e+04 3.463999999999999773e+02
2.969600000000000000e+04 4.863000000000000114e+02
3.072000000000000000e+04 2.235000000000000000e+02
3.174400000000000000e+04 3.405000000000000000e+02
3.276800000000000000e+04 4.183999999999999773e+02
3.379200000000000000e+04 2.998000000000000114e+02
3.481600000000000000e+04 1.830000000000000000e+02
3.584000000000000000e+04 3.101000000000000227e+02
3.686400000000000000e+04 2.144000000000000057e+02
3.788800000000000000e+04 2.695000000000000000e+02
3.891200000000000000e+04 2.200999999999999943e+02
3.993600000000000000e+04 1.460000000000000000e+02
4.096000000000000000e+04 5.660000000000000142e+01
4.198400000000000000e+04 6.520000000000000284e+01
4.300800000000000000e+04 1.180000000000000000e+02
4.403200000000000000e+04 1.666999999999999886e+02
4.505600000000000000e+04 1.651999999999999886e+02
4.608000000000000000e+04 1.514000000000000057e+02
4.710400000000000000e+04 1.255999999999999943e+02
4.812800000000000000e+04 6.920000000000000284e+01
4.915200000000000000e+04 5.079999999999999716e+01
5.017600000000000000e+04 2.460000000000000142e+01
5.120000000000000000e+04 4.010000000000000142e+01
5.222400000000000000e+04 1.880000000000000000e+02
5.324800000000000000e+04 8.340000000000000568e+01
5.427200000000000000e+04 2.180000000000000000e+02
5.529600000000000000e+04 1.470999999999999943e+02
5.632000000000000000e+04 1.010000000000000000e+02
5.734400000000000000e+04 1.429000000000000057e+02
5.836800000000000000e+04 6.900000000000000000e+01
5.939200000000000000e+04 1.935999999999999943e+02
6.041600000000000000e+04 1.275000000000000000e+02
6.144000000000000000e+04 2.319000000000000057e+02
6.246400000000000000e+04 2.138000000000000114e+02
6.348800000000000000e+04 2.703000000000000114e+02
6.451200000000000000e+04 2.470999999999999943e+02
6.553600000000000000e+04 2.440000000000000000e+02
6.656000000000000000e+04 1.000000000000000000e+02
6.758400000000000000e+04 1.085999999999999943e+02
6.860800000000000000e+04 1.673000000000000114e+02
6.963200000000000000e+04 2.485999999999999943e+02
7.065600000000000000e+04 3.156999999999999886e+02
7.168000000000000000e+04 3.765000000000000000e+02
7.270400000000000000e+04 2.568000000000000114e+02
7.372800000000000000e+04 2.986999999999999886e+02
7.475200000000000000e+04 4.285000000000000000e+02
7.577600000000000000e+04 5.000000000000000000e+02
7.680000000000000000e+04 4.348000000000000114e+02
7.782400000000000000e+04 3.320000000000000000e+02
7.884800000000000000e+04 4.956000000000000227e+02
7.987200000000000000e+04 5.000000000000000000e+02
8.089600000000000000e+04 5.000000000000000000e+02
8.192000000000000000e+04 2.389000000000000057e+02
8.294400000000000000e+04 2.980000000000000000e+02
8.396800000000000000e+04 2.504000000000000057e+02
8.499200000000000000e+04 2.305999999999999943e+02
8.601600000000000000e+04 4.735000000000000000e+02
8.704000000000000000e+04 3.471000000000000227e+02
8.806400000000000000e+04 2.571000000000000227e+02
8.908800000000000000e+04 4.671999999999999886e+02
9.011200000000000000e+04 1.728000000000000114e+02
9.113600000000000000e+04 2.019000000000000057e+02
9.216000000000000000e+04 2.410999999999999943e+02
9.318400000000000000e+04 4.923000000000000114e+02
9.420800000000000000e+04 4.983999999999999773e+02
9.523200000000000000e+04 2.328000000000000114e+02
9.625600000000000000e+04 4.336000000000000227e+02
9.728000000000000000e+04 4.853000000000000114e+02
9.830400000000000000e+04 2.110000000000000000e+02
9.932800000000000000e+04 2.444000000000000057e+02
1.003520000000000000e+05 3.376000000000000227e+02
1.013760000000000000e+05 1.770999999999999943e+02
