0.000000000000000000e+00 1.739999999999999858e+01
1.024000000000000000e+03 4.110000000000000142e+01
2.048000000000000000e+03 3.810000000000000142e+01
3.072000000000000000e+03 5.039999999999999858e+01
4.096000000000000000e+03 6.229999999999999716e+01
5.120000000000000000e+03 4.189999999999999858e+01
6.144000000000000000e+03 5.179999999999999716e+01
7.168000000000000000e+03 5.260000000000000142e+01
8.192000000000000000e+03 1.085999999999999943e+02
9.216000000000000000e+03 1.314000000000000057e+02
1.024000000000000000e+04 5.770000000000000284e+01
1.126400000000000000e+04 1.765999999999999943e+02
1.228800000000000000e+04 2.210000000000000000e+02
1.331200000000000000e+04 1.335999999999999943e+02
1.433600000000000000e+04 1.863000000000000114e+02
1.536000000000000000e+04 8.240000000000000568e+01
1.638400000000000000e+04 7.859999999999999432e+01
1.740800000000000000e+04 1.418000000000000114e+02
1.843200000000000000e+04 4.579999999999999716e+01
1.945600000000000000e+04 2.530000000000000000e+02
2.048000000000000000e+04 2.150000000000000000e+02
2.150400000000000000e+04 1.536999999999999886e+02
2.252800000000000000e+04 1.755999999999999943e+02
2.355200000000000000e+04 2.235999999999999943e+02
2.457600000000000000e+04 2.755000000000000000e+02
2.560000000000000000e+04 2.908000000000000114e+02
2.662400000000000000e+04 1.760999999999999943e+02
2.764800000000000000e+04 1.663000000000000114e+02
2.867200000000000000e+04 1.755000000000000000e+02
2.969600000000000000e+04 2.091999999999999886e+02
3.072000000000000000e+04 2.176999999999999886e+02
3.174400000000000000e+04 1.420000000000000000e+02
3.276800000000000000e+04 1.850000000000000000e+02
3.379200000000000000e+04 2.771999999999999886e+02
3.481600000000000000e+04 2.836999999999999886e+02
3.584000000000000000e+04 2.459000000000000057e+02
3.686400000000000000e+04 1.077999999999999972e+02
3.788800000000000000e+04 1.311999999999999886e+02
3.891200000000000000e+04 1.055000000000000000e+02
3.993600000000000000e+04 1.350999999999999943e+02
4.096000000000000000e+04 1.252000000000000028e+02
4.198400000000000000e+04 1.311999999999999886e+02
4.300800000000000000e+04 1.373000000000000114e+02
4.403200000000000000e+04 1.540999999999999943e+02
4.505600000000000000e+04 1.559000000000000057e+02
4.608000000000000000e+04 2.090999999999999943e+02
4.710400000000000000e+04 1.334000000000000057e+02
4.812800000000000000e+04 1.474000000000000057e+02
4.915200000000000000e+04 1.119000000000000057e+02
5.017600000000000000e+04 5.739999999999999858e+01
5.120000000000000000e+04 3.489999999999999858e+01
5.222400000000000000e+04 9.740000000000000568e+01
5.324800000000000000e+04 8.890000000000000568e+01
5.427200000000000000e+04 3.850000000000000000e+01
5.529600000000000000e+04 3.939999999999999858e+01
5.632000000000000000e+04 4.810000000000000142e+01
5.734400000000000000e+04 1.349000000000000057e+02
5.836800000000000000e+04 1.898000000000000114e+02
5.939200000000000000e+04 1.010000000000000000e+02
6.041600000000000000e+04 7.540000000000000568e+01
6.144000000000000000e+04 1.272999999999999972e+02
6.246400000000000000e+04 1.405999999999999943e+02
6.348800000000000000e+04 1.175999999999999943e+02
6.451200000000000000e+04 3.670000000000000284e+01
6.553600000000000000e+04 5.610000000000000142e+01
6.656000000000000000e+04 1.515000000000000000e+02
6.758400000000000000e+04 2.359000000000000057e+02
6.860800000000000000e+04 1.433000000000000114e+02
6.963200000000000000e+04 1.850999999999999943e+02
7.065600000000000000e+04 1.920999999999999943e+02
7.168000000000000000e+04 9.859999999999999432e+01
7.270400000000000000e+04 9.370000000000000284e+01
7.372800000000000000e+04 2.536999999999999886e+02
7.475200000000000000e+04 1.703000000000000114e+02
7.577600000000000000e+04 2.580000000000000000e+02
7.680000000000000000e+04 4.916999999999999886e+02
7.782400000000000000e+04 2.395999999999999943e+02
7.884800000000000000e+04 1.002000000000000028e+02
7.987200000000000000e+04 2.510000000000000142e+01
8.089600000000000000e+04 1.660000000000000142e+01
8.192000000000000000e+04 2.210000000000000142e+01
8.294400000000000000e+04 2.560000000000000142e+01
8.396800000000000000e+04 1.092000000000000028e+02
8.499200000000000000e+04 1.539000000000000057e+02
8.601600000000000000e+04 3.081000000000000227e+02
8.704000000000000000e+04 5.000000000000000000e+02
8.806400000000000000e+04 4.798999999999999773e+02
8.908800000000000000e+04 2.831000000000000227e+02
9.011200000000000000e+04 2.000000000000000000e+02
9.113600000000000000e+04 2.685000000000000000e+02
9.216000000000000000e+04 5.000000000000000000e+02
9.318400000000000000e+04 4.861000000000000227e+02
9.420800000000000000e+04 4.853000000000000114e+02
9.523200000000000000e+04 2.601000000000000227e+02
9.625600000000000000e+04 1.400000000000000000e+02
9.728000000000000000e+04 1.514000000000000057e+02
9.830400000000000000e+04 1.330000000000000000e+02
9.932800000000000000e+04 1.195000000000000000e+02
1.003520000000000000e+05 1.496999999999999886e+02
1.013760000000000000e+05 1.044000000000000057e+02
