0.000000000000000000e+00 1.819999999999999929e+01
1.024000000000000000e+03 2.119999999999999929e+01
2.048000000000000000e+03 6.729999999999999716e+01
3.072000000000000000e+03 2.639999999999999858e+01
4.096000000000000000e+03 5.970000000000000284e+01
5.120000000000000000e+03 8.740000000000000568e+01
6.144000000000000000e+03 3.570000000000000284e+01
7.168000000000000000e+03 6.659999999999999432e+01
8.192000000000000000e+03 7.109999999999999432e+01
9.216000000000000000e+03 8.000000000000000000e+01
1.024000000000000000e+04 4.729999999999999716e+01
1.126400000000000000e+04 5.320000000000000284e+01
1.228800000000000000e+04 1.466999999999999886e+02
1.331200000000000000e+04 1.430999999999999943e+02
1.433600000000000000e+04 1.386999999999999886e+02
1.536000000000000000e+04 1.310000000000000000e+02
1.638400000000000000e+04 1.009000000000000057e+02
1.740800000000000000e+04 1.092999999999999972e+02
1.843200000000000000e+04 1.175999999999999943e+02
1.945600000000000000e+04 9.870000000000000284e+01
2.048000000000000000e+04 2.191999999999999886e+02
2.150400000000000000e+04 2.556999999999999886e+02
2.252800000000000000e+04 1.325000000000000000e+02
2.355200000000000000e+04 7.659999999999999432e+01
2.457600000000000000e+04 1.493000000000000114e+02
2.560000000000000000e+04 1.015999999999999943e+02
2.662400000000000000e+04 1.648000000000000114e+02
2.764800000000000000e+04 1.820000000000000000e+02
2.867200000000000000e+04 3.483999999999999773e+02
2.969600000000000000e+04 1.202999999999999972e+02
3.072000000000000000e+04 2.105000000000000000e+02
3.174400000000000000e+04 1.826999999999999886e+02
3.276800000000000000e+04 2.310999999999999943e+02
3.379200000000000000e+04 1.834000000000000057e+02
3.481600000000000000e+04 2.978000000000000114e+02
3.584000000000000000e+04 2.005000000000000000e+02
3.686400000000000000e+04 1.257999999999999972e+02
3.788800000000000000e+04 1.291999999999999886e+02
3.891200000000000000e+04 1.182000000000000028e+02
3.993600000000000000e+04 1.360000000000000000e+02
4.096000000000000000e+04 4.110000000000000142e+01
4.198400000000000000e+04 1.560999999999999943e+02
4.300800000000000000e+04 3.325000000000000000e+02
4.403200000000000000e+04 2.203000000000000114e+02
4.505600000000000000e+04 1.575000000000000000e+02
4.608000000000000000e+04 5.739999999999999858e+01
4.710400000000000000e+04 1.032999999999999972e+02
4.812800000000000000e+04 1.135999999999999943e+02
4.915200000000000000e+04 5.810000000000000142e+01
5.017600000000000000e+04 1.328000000000000114e+02
5.120000000000000000e+04 4.210000000000000142e+01
5.222400000000000000e+04 1.180000000000000000e+02
5.324800000000000000e+04 1.486999999999999886e+02
5.427200000000000000e+04 1.320999999999999943e+02
5.529600000000000000e+04 8.859999999999999432e+01
5.632000000000000000e+04 1.119000000000000057e+02
5.734400000000000000e+04 1.540999999999999943e+02
5.836800000000000000e+04 4.825000000000000000e+02
5.939200000000000000e+04 2.370000000000000000e+02
6.041600000000000000e+04 1.581999999999999886e+02
6.144000000000000000e+04 1.956999999999999886e+02
6.246400000000000000e+04 2.288000000000000114e+02
6.348800000000000000e+04 2.950000000000000000e+02
6.451200000000000000e+04 1.585000000000000000e+02
6.553600000000000000e+04 1.155000000000000000e+02
6.656000000000000000e+04 2.360999999999999943e+02
6.758400000000000000e+04 1.165000000000000000e+02
6.860800000000000000e+04 1.374000000000000057e+02
6.963200000000000000e+04 1.281999999999999886e+02
7.065600000000000000e+04 2.270999999999999943e+02
7.168000000000000000e+04 1.889000000000000057e+02
7.270400000000000000e+04 1.247999999999999972e+02
7.372800000000000000e+04 1.713000000000000114e+02
7.475200000000000000e+04 1.448000000000000114e+02
7.577600000000000000e+04 9.929999999999999716e+01
7.680000000000000000e+04 1.595999999999999943e+02
7.782400000000000000e+04 1.628000000000000114e+02
7.884800000000000000e+04 1.971999999999999886e+02
7.987200000000000000e+04 2.405999999999999943e+02
8.089600000000000000e+04 1.286999999999999886e+02
8.192000000000000000e+04 2.663000000000000114e+02
8.294400000000000000e+04 1.378000000000000114e+02
8.396800000000000000e+04 1.570999999999999943e+02
8.499200000000000000e+04 4.248999999999999773e+02
8.601600000000000000e+04 2.718000000000000114e+02
8.704000000000000000e+04 4.411000000000000227e+02
8.806400000000000000e+04 3.216999999999999886e+02
8.908800000000000000e+04 2.340000000000000000e+02
9.011200000000000000e+04 2.821999999999999886e+02
9.113600000000000000e+04 1.219000000000000057e+02
9.216000000000000000e+04 1.117999999999999972e+02
9.318400000000000000e+04 3.229999999999999716e+01
9.420800000000000000e+04 3.088999999999999773e+02
9.523200000000000000e+04 3.316000000000000227e+02
9.625600000000000000e+04 1.324000000000000057e+02
9.728000000000000000e+04 1.267999999999999972e+02
9.830400000000000000e+04 1.255999999999999943e+02
9.932800000000000000e+04 8.629999999999999716e+01
1.003520000000000000e+05 1.052000000000000028e+02
1.013760000000000000e+05 1.805000000000000000e+02
