0.000000000000000000e+00 1.530000000000000071e+01
1.024000000000000000e+03 1.600000000000000000e+01
2.048000000000000000e+03 4.529999999999999716e+01
3.072000000000000000e+03 5.020000000000000284e+01
4.096000000000000000e+03 4.300000000000000000e+01
5.120000000000000000e+03 4.689999999999999858e+01
6.144000000000000000e+03 5.589999999999999858e+01
7.168000000000000000e+03 3.520000000000000284e+01
8.192000000000000000e+03 4.150000000000000000e+01
9.216000000000000000e+03 4.360000000000000142e+01
1.024000000000000000e+04 6.629999999999999716e+01
1.126400000000000000e+04 4.179999999999999716e+01
1.228800000000000000e+04 4.510000000000000142e+01
1.331200000000000000e+04 7.720000000000000284e+01
1.433600000000000000e+04 1.117000000000000028e+02
1.536000000000000000e+04 4.229999999999999716e+01
1.638400000000000000e+04 1.170999999999999943e+02
1.740800000000000000e+04 1.384000000000000057e+02
1.843200000000000000e+04 6.979999999999999716e+01
1.945600000000000000e+04 1.174000000000000057e+02
2.048000000000000000e+04 1.205000000000000000e+02
2.150400000000000000e+04 5.750000000000000000e+01
2.252800000000000000e+04 8.559999999999999432e+01
2.355200000000000000e+04 6.160000000000000142e+01
2.457600000000000000e+04 1.586999999999999886e+02
2.560000000000000000e+04 8.870000000000000284e+01
2.662400000000000000e+04 1.205000000000000000e+02
2.764800000000000000e+04 1.105999999999999943e+02
2.867200000000000000e+04 6.509999999999999432e+01
2.969600000000000000e+04 1.414000000000000057e+02
3.072000000000000000e+04 1.630999999999999943e+02
3.174400000000000000e+04 6.620000000000000284e+01
3.276800000000000000e+04 2.345999999999999943e+02
3.379200000000000000e+04 1.288000000000000114e+02
3.481600000000000000e+04 1.069000000000000057e+02
3.584000000000000000e+04 3.130000000000000071e+01
3.686400000000000000e+04 4.629999999999999716e+01
3.788800000000000000e+04 5.270000000000000284e+01
3.891200000000000000e+04 2.900000000000000000e+01
3.993600000000000000e+04 2.439999999999999858e+01
4.096000000000000000e+04 2.120999999999999943e+02
4.198400000000000000e+04 1.535000000000000000e+02
4.300800000000000000e+04 3.053000000000000114e+02
4.403200000000000000e+04 2.478000000000000114e+02
4.505600000000000000e+04 1.551999999999999886e+02
4.608000000000000000e+04 2.504000000000000057e+02
4.710400000000000000e+04 2.943999999999999773e+02
4.812800000000000000e+04 2.019000000000000057e+02
4.915200000000000000e+04 1.209000000000000057e+02
5.017600000000000000e+04 1.520000000000000000e+02
5.120000000000000000e+04 8.220000000000000284e+01
5.222400000000000000e+04 3.106000000000000227e+02
5.324800000000000000e+04 3.681999999999999886e+02
5.427200000000000000e+04 1.868000000000000114e+02
5.529600000000000000e+04 1.900000000000000000e+02
5.632000000000000000e+04 1.833000000000000114e+02
5.734400000000000000e+04 1.190999999999999943e+02
5.836800000000000000e+04 1.900999999999999943e+02
5.939200000000000000e+04 1.535999999999999943e+02
6.041600000000000000e+04 2.033000000000000114e+02
6.144000000000000000e+04 1.985000000000000000e+02
6.246400000000000000e+04 2.856999999999999886e+02
6.348800000000000000e+04 1.954000000000000057e+02
6.451200000000000000e+04 1.474000000000000057e+02
6.553600000000000000e+04 1.085999999999999943e+02
6.656000000000000000e+04 8.429999999999999716e+01
6.758400000000000000e+04 1.365999999999999943e+02
6.860800000000000000e+04 1.663000000000000114e+02
6.963200000000000000e+04 2.178000000000000114e+02
7.065600000000000000e+04 5.000000000000000000e+02
7.168000000000000000e+04 2.235999999999999943e+02
7.270400000000000000e+04 1.718000000000000114e+02
7.372800000000000000e+04 4.346999999999999886e+02
7.475200000000000000e+04 5.000000000000000000e+02
7.577600000000000000e+04 3.896000000000000227e+02
7.680000000000000000e+04 3.925000000000000000e+02
7.782400000000000000e+04 1.468000000000000114e+02
7.884800000000000000e+04 2.019000000000000057e+02
7.987200000000000000e+04 4.518999999999999773e+02
8.089600000000000000e+04 3.160000000000000000e+02
8.192000000000000000e+04 1.498000000000000114e+02
8.294400000000000000e+04 1.518000000000000114e+02
8.396800000000000000e+04 2.269000000000000057e+02
8.499200000000000000e+04 8.579999999999999716e+01
8.601600000000000000e+04 1.005999999999999943e+02
8.704000000000000000e+04 1.580000000000000071e+01
8.806400000000000000e+04 9.300000000000000000e+01
8.908800000000000000e+04 1.601999999999999886e+02
9.011200000000000000e+04 1.720000000000000000e+02
9.113600000000000000e+04 3.188999999999999773e+02
9.216000000000000000e+04 1.795000000000000000e+02
9.318400000000000000e+04 2.568000000000000114e+02
9.420800000000000000e+04 3.233999999999999773e+02
9.523200000000000000e+04 1.355000000000000000e+02
9.625600000000000000e+04 1.579000000000000057e+02
9.728000000000000000e+04 9.650000000000000000e+01
9.830400000000000000e+04 1.309000000000000057e+02
9.932800000000000000e+04 1.485000000000000000e+02
1.003520000000000000e+05 1.730000000000000000e+02
1.013760000000000000e+05 1.429000000000000057e+02
