0.000000000000000000e+00 9.699999999999999289e+00
1.024000000000000000e+03 1.309999999999999964e+01
2.048000000000000000e+03 2.839999999999999858e+01
3.072000000000000000e+03 3.779999999999999716e+01
4.096000000000000000e+03 3.729999999999999716e+01
5.120000000000000000e+03 5.860000000000000142e+01
6.144000000000000000e+03 3.350000000000000000e+01
7.168000000000000000e+03 5.270000000000000284e+01
8.192000000000000000e+03 6.709999999999999432e+01
9.216000000000000000e+03 5.629999999999999716e+01
1.024000000000000000e+04 5.389999999999999858e+01
1.126400000000000000e+04 7.150000000000000000e+01
1.228800000000000000e+04 4.039999999999999858e+01
1.331200000000000000e+04 8.740000000000000568e+01
1.433600000000000000e+04 5.939999999999999858e+01
1.536000000000000000e+04 7.670000000000000284e+01
1.638400000000000000e+04 1.114000000000000057e+02
1.740800000000000000e+04 1.359000000000000057e+02
1.843200000000000000e+04 1.399000000000000057e+02
1.945600000000000000e+04 1.290000000000000000e+02
2.048000000000000000e+04 1.137000000000000028e+02
2.150400000000000000e+04 1.195000000000000000e+02
2.252800000000000000e+04 6.900000000000000000e+01
2.355200000000000000e+04 7.570000000000000284e+01
2.457600000000000000e+04 1.184000000000000057e+02
2.560000000000000000e+04 1.087999999999999972e+02
2.662400000000000000e+04 2.210999999999999943e+02
2.764800000000000000e+04 1.790000000000000000e+02
2.867200000000000000e+04 1.641999999999999886e+02
2.969600000000000000e+04 1.725999999999999943e+02
3.072000000000000000e+04 2.314000000000000057e+02
3.174400000000000000e+04 1.318000000000000114e+02
3.276800000000000000e+04 5.079999999999999716e+01
3.379200000000000000e+04 3.236999999999999886e+02
3.481600000000000000e+04 3.038999999999999773e+02
3.584000000000000000e+04 1.429000000000000057e+02
3.686400000000000000e+04 1.162999999999999972e+02
3.788800000000000000e+04 1.768000000000000114e+02
3.891200000000000000e+04 3.593000000000000114e+02
3.993600000000000000e+04 2.923000000000000114e+02
4.096000000000000000e+04 2.361999999999999886e+02
4.198400000000000000e+04 1.420999999999999943e+02
4.300800000000000000e+04 1.784000000000000057e+02
4.403200000000000000e+04 1.378000000000000114e+02
4.505600000000000000e+04 2.215999999999999943e+02
4.608000000000000000e+04 3.286000000000000227e+02
4.710400000000000000e+04 1.759000000000000057e+02
4.812800000000000000e+04 2.956999999999999886e+02
4.915200000000000000e+04 1.739000000000000057e+02
5.017600000000000000e+04 2.978000000000000114e+02
5.120000000000000000e+04 1.695000000000000000e+02
5.222400000000000000e+04 1.085999999999999943e+02
5.324800000000000000e+04 4.861999999999999886e+02
5.427200000000000000e+04 1.723000000000000114e+02
5.529600000000000000e+04 8.100000000000000000e+01
5.632000000000000000e+04 1.439000000000000057e+02
5.734400000000000000e+04 1.295999999999999943e+02
5.836800000000000000e+04 1.456999999999999886e+02
5.939200000000000000e+04 1.555999999999999943e+02
6.041600000000000000e+04 1.728000000000000114e+02
6.144000000000000000e+04 2.708999999999999773e+02
6.246400000000000000e+04 1.588000000000000114e+02
6.348800000000000000e+04 2.406999999999999886e+02
6.451200000000000000e+04 1.606999999999999886e+02
6.553600000000000000e+04 1.252999999999999972e+02
6.656000000000000000e+04 1.117000000000000028e+02
6.758400000000000000e+04 8.329999999999999716e+01
6.860800000000000000e+04 1.590000000000000000e+02
6.963200000000000000e+04 6.300000000000000000e+01
7.065600000000000000e+04 6.740000000000000568e+01
7.168000000000000000e+04 6.609999999999999432e+01
7.270400000000000000e+04 2.760000000000000142e+01
7.372800000000000000e+04 8.179999999999999716e+01
7.475200000000000000e+04 9.290000000000000568e+01
7.577600000000000000e+04 1.187000000000000028e+02
7.680000000000000000e+04 1.878000000000000114e+02
7.782400000000000000e+04 1.998000000000000114e+02
7.884800000000000000e+04 1.796999999999999886e+02
7.987200000000000000e+04 1.921999999999999886e+02
8.089600000000000000e+04 1.939000000000000057e+02
8.192000000000000000e+04 1.939000000000000057e+02
8.294400000000000000e+04 1.605000000000000000e+02
8.396800000000000000e+04 1.371999999999999886e+02
8.499200000000000000e+04 2.726000000000000227e+02
8.601600000000000000e+04 5.000000000000000000e+02
8.704000000000000000e+04 5.000000000000000000e+02
8.806400000000000000e+04 3.068999999999999773e+02
8.908800000000000000e+04 1.614000000000000057e+02
9.011200000000000000e+04 1.060999999999999943e+02
9.113600000000000000e+04 6.450000000000000000e+01
9.216000000000000000e+04 4.401999999999999886e+02
9.318400000000000000e+04 2.973000000000000114e+02
9.420800000000000000e+04 3.966000000000000227e+02
9.523200000000000000e+04 1.976999999999999886e+02
9.625600000000000000e+04 2.473000000000000114e+02
9.728000000000000000e+04 1.854000000000000057e+02
9.830400000000000000e+04 1.245000000000000000e+02
9.932800000000000000e+04 1.730999999999999943e+02
1.003520000000000000e+05 3.943999999999999773e+02
1.013760000000000000e+05 2.438000000000000114e+02
