0.000000000000000000e+00 1.209999999999999964e+01
1.024000000000000000e+03 1.269999999999999929e+01
2.048000000000000000e+03 3.589999999999999858e+01
3.072000000000000000e+03 4.589999999999999858e+01
4.096000000000000000e+03 4.389999999999999858e+01
5.120000000000000000e+03 6.520000000000000284e+01
6.144000000000000000e+03 6.279999999999999716e+01
7.168000000000000000e+03 5.460000000000000142e+01
8.192000000000000000e+03 6.579999999999999716e+01
9.216000000000000000e+03 2.460000000000000142e+01
1.024000000000000000e+04 6.650000000000000000e+01
1.126400000000000000e+04 1.265999999999999943e+02
1.228800000000000000e+04 1.107000000000000028e+02
1.331200000000000000e+04 1.199000000000000057e+02
1.433600000000000000e+04 2.064000000000000057e+02
1.536000000000000000e+04 7.220000000000000284e+01
1.638400000000000000e+04 1.754000000000000057e+02
1.740800000000000000e+04 6.210000000000000142e+01
1.843200000000000000e+04 4.439999999999999858e+01
1.945600000000000000e+04 1.489000000000000057e+02
2.048000000000000000e+04 2.264000000000000057e+02
2.150400000000000000e+04 1.476999999999999886e+02
2.252800000000000000e+04 1.247000000000000028e+02
2.355200000000000000e+04 3.061999999999999886e+02
2.457600000000000000e+04 3.685000000000000000e+02
2.560000000000000000e+04 2.686000000000000227e+02
2.662400000000000000e+04 1.054000000000000057e+02
2.764800000000000000e+04 1.105999999999999943e+02
2.867200000000000000e+04 4.320000000000000284e+01
2.969600000000000000e+04 1.466999999999999886e+02
3.072000000000000000e+04 3.461000000000000227e+02
3.174400000000000000e+04 1.900000000000000000e+02
3.276800000000000000e+04 2.208000000000000114e+02
3.379200000000000000e+04 2.805000000000000000e+02
3.481600000000000000e+04 3.493999999999999773e+02
3.584000000000000000e+04 3.753000000000000114e+02
3.686400000000000000e+04 3.420000000000000000e+02
3.788800000000000000e+04 1.169000000000000057e+02
3.891200000000000000e+04 1.554000000000000057e+02
3.993600000000000000e+04 3.301999999999999886e+02
4.096000000000000000e+04 2.856000000000000227e+02
4.198400000000000000e+04 2.258000000000000114e+02
4.300800000000000000e+04 2.420999999999999943e+02
4.403200000000000000e+04 2.141999999999999886e+02
4.505600000000000000e+04 3.511999999999999886e+02
4.608000000000000000e+04 2.681999999999999886e+02
4.710400000000000000e+04 3.558000000000000114e+02
4.812800000000000000e+04 2.129000000000000057e+02
4.915200000000000000e+04 1.664000000000000057e+02
5.017600000000000000e+04 3.801000000000000227e+02
5.120000000000000000e+04 4.400000000000000000e+02
5.222400000000000000e+04 4.375000000000000000e+02
5.324800000000000000e+04 4.181000000000000227e+02
5.427200000000000000e+04 4.803999999999999773e+02
5.529600000000000000e+04 1.423000000000000114e+02
5.632000000000000000e+04 1.570999999999999943e+02
5.734400000000000000e+04 2.139000000000000057e+02
5.836800000000000000e+04 2.628999999999999773e+02
5.939200000000000000e+04 1.365000000000000000e+02
6.041600000000000000e+04 7.640000000000000568e+01
6.144000000000000000e+04 1.570000000000000000e+02
6.246400000000000000e+04 3.379999999999999716e+01
6.348800000000000000e+04 4.720000000000000284e+01
6.451200000000000000e+04 3.860000000000000142e+01
6.553600000000000000e+04 2.190999999999999943e+02
6.656000000000000000e+04 1.476999999999999886e+02
6.758400000000000000e+04 1.675000000000000000e+02
6.860800000000000000e+04 1.030999999999999943e+02
6.963200000000000000e+04 1.095000000000000000e+02
7.065600000000000000e+04 4.920000000000000284e+01
7.168000000000000000e+04 1.335000000000000000e+02
7.270400000000000000e+04 1.634000000000000057e+02
7.372800000000000000e+04 3.348000000000000114e+02
7.475200000000000000e+04 1.475000000000000000e+02
7.577600000000000000e+04 1.603000000000000114e+02
7.680000000000000000e+04 1.045000000000000000e+02
7.782400000000000000e+04 1.365000000000000000e+02
7.884800000000000000e+04 1.227999999999999972e+02
7.987200000000000000e+04 1.222000000000000028e+02
8.089600000000000000e+04 1.896999999999999886e+02
8.192000000000000000e+04 1.628000000000000114e+02
8.294400000000000000e+04 1.314000000000000057e+02
8.396800000000000000e+04 1.460000000000000000e+02
8.499200000000000000e+04 1.766999999999999886e+02
8.601600000000000000e+04 2.465000000000000000e+02
8.704000000000000000e+04 9.600000000000000000e+01
8.806400000000000000e+04 1.513000000000000114e+02
8.908800000000000000e+04 2.360000000000000142e+01
9.011200000000000000e+04 5.700000000000000000e+01
9.113600000000000000e+04 7.870000000000000284e+01
9.216000000000000000e+04 7.729999999999999716e+01
9.318400000000000000e+04 1.335999999999999943e+02
9.420800000000000000e+04 1.277999999999999972e+02
9.523200000000000000e+04 1.185999999999999943e+02
9.625600000000000000e+04 1.254000000000000057e+02
9.728000000000000000e+04 1.152999999999999972e+02
9.830400000000000000e+04 1.045999999999999943e+02
9.932800000000000000e+04 1.117999999999999972e+02
1.003520000000000000e+05 1.413000000000000114e+02
1.013760000000000000e+05 1.504000000000000057e+02
