0.000000000000000000e+00 1.319999999999999929e+01
1.024000000000000000e+03 1.530000000000000071e+01
2.048000000000000000e+03 9.579999999999999716e+01
3.072000000000000000e+03 4.820000000000000284e+01
4.096000000000000000e+03 7.950000000000000000e+01
5.120000000000000000e+03 6.870000000000000284e+01
6.144000000000000000e+03 1.072999999999999972e+02
7.168000000000000000e+03 6.409999999999999432e+01
8.192000000000000000e+03 8.409999999999999432e+01
9.216000000000000000e+03 7.170000000000000284e+01
1.024000000000000000e+04 6.970000000000000284e+01
1.126400000000000000e+04 7.309999999999999432e+01
1.228800000000000000e+04 6.859999999999999432e+01
1.331200000000000000e+04 7.290000000000000568e+01
1.433600000000000000e+04 8.329999999999999716e+01
1.536000000000000000e+04 6.820000000000000284e+01
1.638400000000000000e+04 8.050000000000000000e+01
1.740800000000000000e+04 1.024000000000000057e+02
1.843200000000000000e+04 5.229999999999999716e+01
1.945600000000000000e+04 9.600000000000000000e+01
2.048000000000000000e+04 7.929999999999999716e+01
2.150400000000000000e+04 8.900000000000000000e+01
2.252800000000000000e+04 7.990000000000000568e+01
2.355200000000000000e+04 8.990000000000000568e+01
2.457600000000000000e+04 8.309999999999999432e+01
2.560000000000000000e+04 2.059000000000000057e+02
2.662400000000000000e+04 2.893999999999999773e+02
2.764800000000000000e+04 2.163000000000000114e+02
2.867200000000000000e+04 3.088000000000000114e+02
2.969600000000000000e+04 3.043000000000000114e+02
3.072000000000000000e+04 4.663999999999999773e+02
3.174400000000000000e+04 4.616999999999999886e+02
3.276800000000000000e+04 1.814000000000000057e+02
3.379200000000000000e+04 2.095999999999999943e+02
3.481600000000000000e+04 1.538000000000000114e+02
3.584000000000000000e+04 1.386999999999999886e+02
3.686400000000000000e+04 2.615000000000000000e+02
3.788800000000000000e+04 3.681000000000000227e+02
3.891200000000000000e+04 4.376999999999999886e+02
3.993600000000000000e+04 2.641000000000000227e+02
4.096000000000000000e+04 3.628999999999999773e+02
4.198400000000000000e+04 2.043000000000000114e+02
4.300800000000000000e+04 2.840000000000000000e+02
4.403200000000000000e+04 4.286999999999999886e+02
4.505600000000000000e+04 4.338000000000000114e+02
4.608000000000000000e+04 4.211000000000000227e+02
4.710400000000000000e+04 2.411999999999999886e+02
4.812800000000000000e+04 1.564000000000000057e+02
4.915200000000000000e+04 3.890000000000000000e+02
5.017600000000000000e+04 4.581000000000000227e+02
5.120000000000000000e+04 2.926999999999999886e+02
5.222400000000000000e+04 2.385999999999999943e+02
5.324800000000000000e+04 2.396999999999999886e+02
5.427200000000000000e+04 5.000000000000000000e+02
5.529600000000000000e+04 4.643999999999999773e+02
5.632000000000000000e+04 3.046000000000000227e+02
5.734400000000000000e+04 1.585999999999999943e+02
5.836800000000000000e+04 1.535000000000000000e+02
5.939200000000000000e+04 2.360999999999999943e+02
6.041600000000000000e+04 3.541999999999999886e+02
6.144000000000000000e+04 5.000000000000000000e+02
6.246400000000000000e+04 4.950000000000000000e+02
6.348800000000000000e+04 5.000000000000000000e+02
6.451200000000000000e+04 4.548000000000000114e+02
6.553600000000000000e+04 1.366999999999999886e+02
6.656000000000000000e+04 2.545999999999999943e+02
6.758400000000000000e+04 2.513000000000000114e+02
6.860800000000000000e+04 2.550000000000000000e+02
6.963200000000000000e+04 3.226000000000000227e+02
7.065600000000000000e+04 4.940000000000000000e+02
7.168000000000000000e+04 2.548000000000000114e+02
7.270400000000000000e+04 1.890999999999999943e+02
7.372800000000000000e+04 4.296000000000000227e+02
7.475200000000000000e+04 2.299000000000000057e+02
7.577600000000000000e+04 5.000000000000000000e+02
7.680000000000000000e+04 1.520999999999999943e+02
7.782400000000000000e+04 3.773000000000000114e+02
7.884800000000000000e+04 5.000000000000000000e+02
7.987200000000000000e+04 2.308000000000000114e+02
8.089600000000000000e+04 1.350000000000000000e+02
8.192000000000000000e+04 2.930000000000000000e+02
8.294400000000000000e+04 1.960999999999999943e+02
8.396800000000000000e+04 1.157999999999999972e+02
8.499200000000000000e+04 2.235999999999999943e+02
8.601600000000000000e+04 1.450999999999999943e+02
8.704000000000000000e+04 2.238000000000000114e+02
8.806400000000000000e+04 4.011000000000000227e+02
8.908800000000000000e+04 1.745999999999999943e+02
9.011200000000000000e+04 2.411999999999999886e+02
9.113600000000000000e+04 2.431999999999999886e+02
9.216000000000000000e+04 1.485999999999999943e+02
9.318400000000000000e+04 2.216999999999999886e+02
9.420800000000000000e+04 1.599000000000000057e+02
9.523200000000000000e+04 5.000000000000000000e+02
9.625600000000000000e+04 2.225000000000000000e+02
9.728000000000000000e+04 1.249000000000000057e+02
9.830400000000000000e+04 3.178999999999999773e+02
9.932800000000000000e+04 2.550999999999999943e+02
1.003520000000000000e+05 1.883000000000000114e+02
1.013760000000000000e+05 1.955000000000000000e+02
