0.000000000000000000e+00 1.700000000000000000e+01
1.024000000000000000e+03 3.829999999999999716e+01
2.048000000000000000e+03 4.329999999999999716e+01
3.072000000000000000e+03 4.510000000000000142e+01
4.096000000000000000e+03 7.270000000000000284e+01
5.120000000000000000e+03 4.700000000000000000e+01
6.144000000000000000e+03 6.659999999999999432e+01
7.168000000000000000e+03 7.920000000000000284e+01
8.192000000000000000e+03 3.760000000000000142e+01
9.216000000000000000e+03 1.077999999999999972e+02
1.024000000000000000e+04 9.650000000000000000e+01
1.126400000000000000e+04 1.295000000000000000e+02
1.228800000000000000e+04 9.290000000000000568e+01
1.331200000000000000e+04 2.468000000000000114e+02
1.433600000000000000e+04 1.583000000000000114e+02
1.536000000000000000e+04 1.445999999999999943e+02
1.638400000000000000e+04 3.353000000000000114e+02
1.740800000000000000e+04 2.876999999999999886e+02
1.843200000000000000e+04 2.380000000000000000e+02
1.945600000000000000e+04 1.450000000000000000e+02
2.048000000000000000e+04 1.791999999999999886e+02
2.150400000000000000e+04 3.581999999999999886e+02
2.252800000000000000e+04 4.318999999999999773e+02
2.355200000000000000e+04 4.223000000000000114e+02
2.457600000000000000e+04 1.443000000000000114e+02
2.560000000000000000e+04 1.538000000000000114e+02
2.662400000000000000e+04 3.366000000000000227e+02
2.764800000000000000e+04 1.633000000000000114e+02
2.867200000000000000e+04 4.558999999999999773e+02
2.969600000000000000e+04 1.310000000000000000e+02
3.072000000000000000e+04 4.898000000000000114e+02
3.174400000000000000e+04 1.560000000000000000e+02
3.276800000000000000e+04 3.851000000000000227e+02
3.379200000000000000e+04 2.965000000000000000e+02
3.481600000000000000e+04 4.651000000000000227e+02
3.584000000000000000e+04 4.843000000000000114e+02
3.686400000000000000e+04 4.871999999999999886e+02
3.788800000000000000e+04 1.575999999999999943e+02
3.891200000000000000e+04 2.633000000000000114e+02
3.993600000000000000e+04 1.858000000000000114e+02
4.096000000000000000e+04 1.699000000000000057e+02
4.198400000000000000e+04 2.039000000000000057e+02
4.300800000000000000e+04 1.915999999999999943e+02
4.403200000000000000e+04 1.324000000000000057e+02
4.505600000000000000e+04 1.219000000000000057e+02
4.608000000000000000e+04 1.740999999999999943e+02
4.710400000000000000e+04 2.060000000000000000e+02
4.812800000000000000e+04 2.656999999999999886e+02
4.915200000000000000e+04 3.096999999999999886e+02
5.017600000000000000e+04 1.204000000000000057e+02
5.120000000000000000e+04 4.880000000000000000e+02
5.222400000000000000e+04 2.195999999999999943e+02
5.324800000000000000e+04 4.536000000000000227e+02
5.427200000000000000e+04 2.094000000000000057e+02
5.529600000000000000e+04 1.227000000000000028e+02
5.632000000000000000e+04 1.488000000000000114e+02
5.734400000000000000e+04 1.229000000000000057e+02
5.836800000000000000e+04 3.660000000000000000e+02
5.939200000000000000e+04 1.177999999999999972e+02
6.041600000000000000e+04 1.353000000000000114e+02
6.144000000000000000e+04 1.676999999999999886e+02
6.246400000000000000e+04 1.175000000000000000e+02
6.348800000000000000e+04 1.659000000000000057e+02
6.451200000000000000e+04 1.451999999999999886e+02
6.553600000000000000e+04 2.295000000000000000e+02
6.656000000000000000e+04 1.267999999999999972e+02
6.758400000000000000e+04 1.167000000000000028e+02
6.860800000000000000e+04 1.423000000000000114e+02
6.963200000000000000e+04 1.445999999999999943e+02
7.065600000000000000e+04 5.910000000000000142e+01
7.168000000000000000e+04 1.050999999999999943e+02
7.270400000000000000e+04 6.779999999999999716e+01
7.372800000000000000e+04 2.223000000000000114e+02
7.475200000000000000e+04 1.473000000000000114e+02
7.577600000000000000e+04 4.621999999999999886e+02
7.680000000000000000e+04 1.338000000000000114e+02
7.782400000000000000e+04 2.270000000000000000e+02
7.884800000000000000e+04 1.470999999999999943e+02
7.987200000000000000e+04 1.639000000000000057e+02
8.089600000000000000e+04 1.305999999999999943e+02
8.192000000000000000e+04 1.195000000000000000e+02
8.294400000000000000e+04 2.143000000000000114e+02
8.396800000000000000e+04 1.860000000000000000e+02
8.499200000000000000e+04 1.531999999999999886e+02
8.601600000000000000e+04 3.860000000000000000e+02
8.704000000000000000e+04 2.545999999999999943e+02
8.806400000000000000e+04 1.255000000000000000e+02
8.908800000000000000e+04 1.361999999999999886e+02
9.011200000000000000e+04 1.285999999999999943e+02
9.113600000000000000e+04 1.202000000000000028e+02
9.216000000000000000e+04 1.197999999999999972e+02
9.318400000000000000e+04 2.155000000000000000e+02
9.420800000000000000e+04 2.748999999999999773e+02
9.523200000000000000e+04 1.456999999999999886e+02
9.625600000000000000e+04 1.032000000000000028e+02
9.728000000000000000e+04 1.070000000000000000e+02
9.830400000000000000e+04 1.119000000000000057e+02
9.932800000000000000e+04 1.265000000000000000e+02
1.003520000000000000e+05 1.303000000000000114e+02
1.013760000000000000e+05 1.285999999999999943e+02
