0.000000000000000000e+00 1.669999999999999929e+01
1.024000000000000000e+03 2.480000000000000071e+01
2.048000000000000000e+03 5.250000000000000000e+01
3.072000000000000000e+03 6.239999999999999858e+01
4.096000000000000000e+03 6.409999999999999432e+01
5.120000000000000000e+03 1.009000000000000057e+02
6.144000000000000000e+03 9.529999999999999716e+01
7.168000000000000000e+03 1.064000000000000057e+02
8.192000000000000000e+03 1.162000000000000028e+02
9.216000000000000000e+03 5.739999999999999858e+01
1.024000000000000000e+04 2.328000000000000114e+02
1.126400000000000000e+04 3.003000000000000114e+02
1.228800000000000000e+04 2.385000000000000000e+02
1.331200000000000000e+04 2.986000000000000227e+02
1.433600000000000000e+04 2.353000000000000114e+02
1.536000000000000000e+04 2.365000000000000000e+02
1.638400000000000000e+04 2.748000000000000114e+02
1.740800000000000000e+04 3.146000000000000227e+02
1.843200000000000000e+04 3.153000000000000114e+02
1.945600000000000000e+04 3.026000000000000227e+02
2.048000000000000000e+04 4.253000000000000114e+02
2.150400000000000000e+04 2.139000000000000057e+02
2.252800000000000000e+04 1.959000000000000057e+02
2.355200000000000000e+04 4.338000000000000114e+02
2.457600000000000000e+04 1.167999999999999972e+02
2.560000000000000000e+04 1.634000000000000057e+02
2.662400000000000000e+04 2.590000000000000000e+02
2.764800000000000000e+04 2.818000000000000114e+02
2.867200000000000000e+04 4.745000000000000000e+02
2.969600000000000000e+04 2.908999999999999773e+02
3.072000000000000000e+04 4.163000000000000114e+02
3.174400000000000000e+04 3.325000000000000000e+02
3.276800000000000000e+04 2.948000000000000114e+02
3.379200000000000000e+04 4.466000000000000227e+02
3.481600000000000000e+04 5.000000000000000000e+02
3.584000000000000000e+04 3.613999999999999773e+02
3.686400000000000000e+04 4.631999999999999886e+02
3.788800000000000000e+04 2.070000000000000000e+02
3.891200000000000000e+04 1.564000000000000057e+02
3.993600000000000000e+04 1.710999999999999943e+02
4.096000000000000000e+04 1.413000000000000114e+02
4.198400000000000000e+04 3.051999999999999886e+02
4.300800000000000000e+04 3.646000000000000227e+02
4.403200000000000000e+04 2.476999999999999886e+02
4.505600000000000000e+04 4.436999999999999886e+02
4.608000000000000000e+04 2.686999999999999886e+02
4.710400000000000000e+04 1.744000000000000057e+02
4.812800000000000000e+04 1.823000000000000114e+02
4.915200000000000000e+04 1.363000000000000114e+02
5.017600000000000000e+04 1.706999999999999886e+02
5.120000000000000000e+04 2.623999999999999773e+02
5.222400000000000000e+04 2.223000000000000114e+02
5.324800000000000000e+04 4.558000000000000114e+02
5.427200000000000000e+04 1.900999999999999943e+02
5.529600000000000000e+04 2.415000000000000000e+02
5.632000000000000000e+04 2.683000000000000114e+02
5.734400000000000000e+04 1.671999999999999886e+02
5.836800000000000000e+04 1.495999999999999943e+02
5.939200000000000000e+04 1.493000000000000114e+02
6.041600000000000000e+04 1.458000000000000114e+02
6.144000000000000000e+04 1.325999999999999943e+02
6.246400000000000000e+04 1.320000000000000000e+02
6.348800000000000000e+04 1.210000000000000000e+02
6.451200000000000000e+04 1.775000000000000000e+02
6.553600000000000000e+04 2.296999999999999886e+02
6.656000000000000000e+04 1.836999999999999886e+02
6.758400000000000000e+04 1.409000000000000057e+02
6.860800000000000000e+04 1.179000000000000057e+02
6.963200000000000000e+04 1.411999999999999886e+02
7.065600000000000000e+04 2.325999999999999943e+02
7.168000000000000000e+04 1.609000000000000057e+02
7.270400000000000000e+04 8.540000000000000568e+01
7.372800000000000000e+04 1.114000000000000057e+02
7.475200000000000000e+04 1.190000000000000000e+02
7.577600000000000000e+04 1.363000000000000114e+02
7.680000000000000000e+04 2.128000000000000114e+02
7.782400000000000000e+04 9.829999999999999716e+01
7.884800000000000000e+04 1.157999999999999972e+02
7.987200000000000000e+04 1.526999999999999886e+02
8.089600000000000000e+04 1.521999999999999886e+02
8.192000000000000000e+04 1.585000000000000000e+02
8.294400000000000000e+04 1.748000000000000114e+02
8.396800000000000000e+04 1.585999999999999943e+02
8.499200000000000000e+04 1.404000000000000057e+02
8.601600000000000000e+04 1.549000000000000057e+02
8.704000000000000000e+04 1.728000000000000114e+02
8.806400000000000000e+04 1.160000000000000000e+02
8.908800000000000000e+04 5.339999999999999858e+01
9.011200000000000000e+04 1.192999999999999972e+02
9.113600000000000000e+04 4.010000000000000142e+01
9.216000000000000000e+04 1.175000000000000000e+02
9.318400000000000000e+04 1.155000000000000000e+02
9.420800000000000000e+04 1.055999999999999943e+02
9.523200000000000000e+04 1.107999999999999972e+02
9.625600000000000000e+04 1.310000000000000000e+02
9.728000000000000000e+04 1.165999999999999943e+02
9.830400000000000000e+04 1.303000000000000114e+02
9.932800000000000000e+04 1.468000000000000114e+02
1.003520000000000000e+05 1.505999999999999943e+02
1.013760000000000000e+05 1.549000000000000057e+02
