0.000000000000000000e+00 1.190000000000000036e+01
1.024000000000000000e+03 3.220000000000000284e+01
2.048000000000000000e+03 5.050000000000000000e+01
3.072000000000000000e+03 3.460000000000000142e+01
4.096000000000000000e+03 4.000000000000000000e+01
5.120000000000000000e+03 6.060000000000000142e+01
6.144000000000000000e+03 7.200000000000000000e+01
7.168000000000000000e+03 5.350000000000000000e+01
8.192000000000000000e+03 2.330000000000000071e+01
9.216000000000000000e+03 1.626999999999999886e+02
1.024000000000000000e+04 1.945999999999999943e+02
1.126400000000000000e+04 2.531999999999999886e+02
1.228800000000000000e+04 2.083000000000000114e+02
1.331200000000000000e+04 1.579000000000000057e+02
1.433600000000000000e+04 1.324000000000000057e+02
1.536000000000000000e+04 1.573000000000000114e+02
1.638400000000000000e+04 1.680999999999999943e+02
1.740800000000000000e+04 1.430999999999999943e+02
1.843200000000000000e+04 1.980000000000000000e+02
1.945600000000000000e+04 1.265000000000000000e+02
2.048000000000000000e+04 2.030000000000000000e+02
2.150400000000000000e+04 1.349000000000000057e+02
2.252800000000000000e+04 2.280999999999999943e+02
2.355200000000000000e+04 1.749000000000000057e+02
2.457600000000000000e+04 9.800000000000000000e+01
2.560000000000000000e+04 1.354000000000000057e+02
2.662400000000000000e+04 1.925000000000000000e+02
2.764800000000000000e+04 1.234000000000000057e+02
2.867200000000000000e+04 1.928000000000000114e+02
2.969600000000000000e+04 1.240000000000000000e+02
3.072000000000000000e+04 9.870000000000000284e+01
3.174400000000000000e+04 2.150000000000000000e+02
3.276800000000000000e+04 1.388000000000000114e+02
3.379200000000000000e+04 2.226999999999999886e+02
3.481600000000000000e+04 2.625000000000000000e+02
3.584000000000000000e+04 1.660999999999999943e+02
3.686400000000000000e+04 1.304000000000000057e+02
3.788800000000000000e+04 1.859000000000000057e+02
3.891200000000000000e+04 1.970999999999999943e+02
3.993600000000000000e+04 1.486999999999999886e+02
4.096000000000000000e+04 2.083000000000000114e+02
4.198400000000000000e+04 1.401999999999999886e+02
4.300800000000000000e+04 1.795999999999999943e+02
4.403200000000000000e+04 1.711999999999999886e+02
4.505600000000000000e+04 1.075000000000000000e+02
4.608000000000000000e+04 2.439000000000000057e+02
4.710400000000000000e+04 3.173999999999999773e+02
4.812800000000000000e+04 1.969000000000000057e+02
4.915200000000000000e+04 1.978000000000000114e+02
5.017600000000000000e+04 1.338000000000000114e+02
5.120000000000000000e+04 1.565999999999999943e+02
5.222400000000000000e+04 1.803000000000000114e+02
5.324800000000000000e+04 1.172999999999999972e+02
5.427200000000000000e+04 1.535999999999999943e+02
5.529600000000000000e+04 1.334000000000000057e+02
5.632000000000000000e+04 1.330000000000000000e+02
5.734400000000000000e+04 1.200999999999999943e+02
5.836800000000000000e+04 1.476999999999999886e+02
5.939200000000000000e+04 1.107000000000000028e+02
6.041600000000000000e+04 1.187000000000000028e+02
6.144000000000000000e+04 1.240000000000000000e+02
6.246400000000000000e+04 1.303000000000000114e+02
6.348800000000000000e+04 1.275000000000000000e+02
6.451200000000000000e+04 1.095999999999999943e+02
6.553600000000000000e+04 1.364000000000000057e+02
6.656000000000000000e+04 1.326999999999999886e+02
6.758400000000000000e+04 1.244000000000000057e+02
6.860800000000000000e+04 1.316999999999999886e+02
6.963200000000000000e+04 1.134000000000000057e+02
7.065600000000000000e+04 1.205000000000000000e+02
7.168000000000000000e+04 1.242000000000000028e+02
7.270400000000000000e+04 1.535999999999999943e+02
7.372800000000000000e+04 1.469000000000000057e+02
7.475200000000000000e+04 2.249000000000000057e+02
7.577600000000000000e+04 2.731999999999999886e+02
7.680000000000000000e+04 2.218000000000000114e+02
7.782400000000000000e+04 1.249000000000000057e+02
7.884800000000000000e+04 1.703000000000000114e+02
7.987200000000000000e+04 1.230999999999999943e+02
8.089600000000000000e+04 1.505999999999999943e+02
8.192000000000000000e+04 1.811999999999999886e+02
8.294400000000000000e+04 1.235999999999999943e+02
8.396800000000000000e+04 1.300000000000000000e+02
8.499200000000000000e+04 2.808000000000000114e+02
8.601600000000000000e+04 1.904000000000000057e+02
8.704000000000000000e+04 2.069000000000000057e+02
8.806400000000000000e+04 1.855000000000000000e+02
8.908800000000000000e+04 1.778000000000000114e+02
9.011200000000000000e+04 2.290000000000000000e+02
9.113600000000000000e+04 1.320999999999999943e+02
9.216000000000000000e+04 1.245999999999999943e+02
9.318400000000000000e+04 1.718000000000000114e+02
9.420800000000000000e+04 1.925999999999999943e+02
9.523200000000000000e+04 2.140999999999999943e+02
9.625600000000000000e+04 2.088000000000000114e+02
9.728000000000000000e+04 1.097000000000000028e+02
9.830400000000000000e+04 1.104000000000000057e+02
9.932800000000000000e+04 1.358000000000000114e+02
1.003520000000000000e+05 1.700999999999999943e+02
1.013760000000000000e+05 1.851999999999999886e+02
