0.000000000000000000e+00 1.350000000000000000e+01
1.024000000000000000e+03 2.150000000000000000e+01
2.048000000000000000e+03 4.370000000000000284e+01
3.072000000000000000e+03 5.150000000000000000e+01
4.096000000000000000e+03 6.500000000000000000e+01
5.120000000000000000e+03 5.000000000000000000e+01
6.144000000000000000e+03 6.840000000000000568e+01
7.168000000000000000e+03 6.829999999999999716e+01
8.192000000000000000e+03 1.260000000000000000e+02
9.216000000000000000e+03 7.079999999999999716e+01
1.024000000000000000e+04 1.494000000000000057e+02
1.126400000000000000e+04 1.295000000000000000e+02
1.228800000000000000e+04 1.212000000000000028e+02
1.331200000000000000e+04 2.415999999999999943e+02
1.433600000000000000e+04 2.021999999999999886e+02
1.536000000000000000e+04 1.658000000000000114e+02
1.638400000000000000e+04 2.295000000000000000e+02
1.740800000000000000e+04 2.831999999999999886e+02
1.843200000000000000e+04 2.175000000000000000e+02
1.945600000000000000e+04 1.763000000000000114e+02
2.048000000000000000e+04 1.656999999999999886e+02
2.150400000000000000e+04 2.324000000000000057e+02
2.252800000000000000e+04 1.675999999999999943e+02
2.355200000000000000e+04 1.598000000000000114e+02
2.457600000000000000e+04 8.629999999999999716e+01
2.560000000000000000e+04 3.891000000000000227e+02
2.662400000000000000e+04 1.434000000000000057e+02
2.764800000000000000e+04 2.821999999999999886e+02
2.867200000000000000e+04 2.490999999999999943e+02
2.969600000000000000e+04 1.525999999999999943e+02
3.072000000000000000e+04 3.768999999999999773e+02
3.174400000000000000e+04 1.766999999999999886e+02
3.276800000000000000e+04 2.956000000000000227e+02
3.379200000000000000e+04 1.224000000000000057e+02
3.481600000000000000e+04 4.271000000000000227e+02
3.584000000000000000e+04 1.918000000000000114e+02
3.686400000000000000e+04 2.128000000000000114e+02
3.788800000000000000e+04 1.065000000000000000e+02
3.891200000000000000e+04 3.883000000000000114e+02
3.993600000000000000e+04 2.933999999999999773e+02
4.096000000000000000e+04 1.404000000000000057e+02
4.198400000000000000e+04 3.198999999999999773e+02
4.300800000000000000e+04 3.166999999999999886e+02
4.403200000000000000e+04 3.221000000000000227e+02
4.505600000000000000e+04 3.563999999999999773e+02
4.608000000000000000e+04 4.526999999999999886e+02
4.710400000000000000e+04 1.600999999999999943e+02
4.812800000000000000e+04 1.865000000000000000e+02
4.915200000000000000e+04 1.481999999999999886e+02
5.017600000000000000e+04 1.728000000000000114e+02
5.120000000000000000e+04 2.876999999999999886e+02
5.222400000000000000e+04 3.295000000000000000e+02
5.324800000000000000e+04 4.593000000000000114e+02
5.427200000000000000e+04 2.080999999999999943e+02
5.529600000000000000e+04 1.368000000000000114e+02
5.632000000000000000e+04 3.975000000000000000e+02
5.734400000000000000e+04 4.720000000000000000e+02
5.836800000000000000e+04 1.775999999999999943e+02
5.939200000000000000e+04 4.656000000000000227e+02
6.041600000000000000e+04 3.151999999999999886e+02
6.144000000000000000e+04 5.000000000000000000e+02
6.246400000000000000e+04 4.966000000000000227e+02
6.348800000000000000e+04 3.733999999999999773e+02
6.451200000000000000e+04 1.689000000000000057e+02
6.553600000000000000e+04 2.335999999999999943e+02
6.656000000000000000e+04 4.856000000000000227e+02
6.758400000000000000e+04 2.835000000000000000e+02
6.860800000000000000e+04 2.118000000000000114e+02
6.963200000000000000e+04 5.000000000000000000e+02
7.065600000000000000e+04 4.715000000000000000e+02
7.168000000000000000e+04 2.005000000000000000e+02
7.270400000000000000e+04 1.558000000000000114e+02
7.372800000000000000e+04 4.918999999999999773e+02
7.475200000000000000e+04 4.173999999999999773e+02
7.577600000000000000e+04 4.710000000000000000e+02
7.680000000000000000e+04 4.035000000000000000e+02
7.782400000000000000e+04 1.573000000000000114e+02
7.884800000000000000e+04 1.736999999999999886e+02
7.987200000000000000e+04 1.850999999999999943e+02
8.089600000000000000e+04 3.121000000000000227e+02
8.192000000000000000e+04 2.581999999999999886e+02
8.294400000000000000e+04 1.806999999999999886e+02
8.396800000000000000e+04 5.000000000000000000e+02
8.499200000000000000e+04 3.696000000000000227e+02
8.601600000000000000e+04 2.508000000000000114e+02
8.704000000000000000e+04 2.611000000000000227e+02
8.806400000000000000e+04 2.278000000000000114e+02
8.908800000000000000e+04 2.813999999999999773e+02
9.011200000000000000e+04 1.510999999999999943e+02
9.113600000000000000e+04 2.460999999999999943e+02
9.216000000000000000e+04 1.390999999999999943e+02
9.318400000000000000e+04 4.963999999999999773e+02
9.420800000000000000e+04 1.523000000000000114e+02
9.523200000000000000e+04 2.853000000000000114e+02
9.625600000000000000e+04 2.711000000000000227e+02
9.728000000000000000e+04 1.326999999999999886e+02
9.830400000000000000e+04 1.973000000000000114e+02
9.932800000000000000e+04 1.829000000000000057e+02
1.003520000000000000e+05 1.540999999999999943e+02
1.013760000000000000e+05 1.545999999999999943e+02
