0.000000000000000000e+00 3.689999999999999858e+01
1.024000000000000000e+03 2.280000000000000071e+01
2.048000000000000000e+03 3.460000000000000142e+01
3.072000000000000000e+03 3.650000000000000000e+01
4.096000000000000000e+03 4.729999999999999716e+01
5.120000000000000000e+03 5.720000000000000284e+01
6.144000000000000000e+03 8.470000000000000284e+01
7.168000000000000000e+03 5.479999999999999716e+01
8.192000000000000000e+03 6.970000000000000284e+01
9.216000000000000000e+03 7.670000000000000284e+01
1.024000000000000000e+04 1.024000000000000057e+02
1.126400000000000000e+04 1.197999999999999972e+02
1.228800000000000000e+04 1.644000000000000057e+02
1.331200000000000000e+04 3.286000000000000227e+02
1.433600000000000000e+04 2.415999999999999943e+02
1.536000000000000000e+04 2.468000000000000114e+02
1.638400000000000000e+04 1.650000000000000000e+02
1.740800000000000000e+04 1.674000000000000057e+02
1.843200000000000000e+04 1.765999999999999943e+02
1.945600000000000000e+04 3.006000000000000227e+02
2.048000000000000000e+04 1.315000000000000000e+02
2.150400000000000000e+04 3.753999999999999773e+02
2.252800000000000000e+04 1.673000000000000114e+02
2.355200000000000000e+04 1.870999999999999943e+02
2.457600000000000000e+04 3.121999999999999886e+02
2.560000000000000000e+04 3.811000000000000227e+02
2.662400000000000000e+04 2.341999999999999886e+02
2.764800000000000000e+04 1.308000000000000114e+02
2.867200000000000000e+04 4.048999999999999773e+02
2.969600000000000000e+04 4.726999999999999886e+02
3.072000000000000000e+04 4.335000000000000000e+02
3.174400000000000000e+04 3.743000000000000114e+02
3.276800000000000000e+04 3.486999999999999886e+02
3.379200000000000000e+04 1.563000000000000114e+02
3.481600000000000000e+04 1.805000000000000000e+02
3.584000000000000000e+04 1.834000000000000057e+02
3.686400000000000000e+04 4.466000000000000227e+02
3.788800000000000000e+04 1.444000000000000057e+02
3.891200000000000000e+04 5.000000000000000000e+02
3.993600000000000000e+04 1.359000000000000057e+02
4.096000000000000000e+04 1.794000000000000057e+02
4.198400000000000000e+04 4.741999999999999886e+02
4.300800000000000000e+04 1.513000000000000114e+02
4.403200000000000000e+04 3.845000000000000000e+02
4.505600000000000000e+04 2.578999999999999773e+02
4.608000000000000000e+04 3.753000000000000114e+02
4.710400000000000000e+04 5.000000000000000000e+02
4.812800000000000000e+04 3.828999999999999773e+02
4.915200000000000000e+04 1.699000000000000057e+02
5.017600000000000000e+04 1.135999999999999943e+02
5.120000000000000000e+04 5.000000000000000000e+02
5.222400000000000000e+04 1.423000000000000114e+02
5.324800000000000000e+04 4.646999999999999886e+02
5.427200000000000000e+04 5.000000000000000000e+02
5.529600000000000000e+04 1.182999999999999972e+02
5.632000000000000000e+04 1.863000000000000114e+02
5.734400000000000000e+04 2.036999999999999886e+02
5.836800000000000000e+04 1.680999999999999943e+02
5.939200000000000000e+04 1.821999999999999886e+02
6.041600000000000000e+04 5.000000000000000000e+02
6.144000000000000000e+04 2.144000000000000057e+02
6.246400000000000000e+04 5.000000000000000000e+02
6.348800000000000000e+04 4.175000000000000000e+02
6.451200000000000000e+04 1.436999999999999886e+02
6.553600000000000000e+04 1.341999999999999886e+02
6.656000000000000000e+04 1.720000000000000000e+02
6.758400000000000000e+04 5.000000000000000000e+02
6.860800000000000000e+04 1.511999999999999886e+02
6.963200000000000000e+04 1.340999999999999943e+02
7.065600000000000000e+04 5.000000000000000000e+02
7.168000000000000000e+04 5.000000000000000000e+02
7.270400000000000000e+04 4.966000000000000227e+02
7.372800000000000000e+04 2.876999999999999886e+02
7.475200000000000000e+04 1.611999999999999886e+02
7.577600000000000000e+04 2.751999999999999886e+02
7.680000000000000000e+04 4.651000000000000227e+02
7.782400000000000000e+04 2.230000000000000000e+02
7.884800000000000000e+04 5.000000000000000000e+02
7.987200000000000000e+04 4.543999999999999773e+02
8.089600000000000000e+04 4.436000000000000227e+02
8.192000000000000000e+04 1.638000000000000114e+02
8.294400000000000000e+04 5.000000000000000000e+02
8.396800000000000000e+04 2.000999999999999943e+02
8.499200000000000000e+04 3.475000000000000000e+02
8.601600000000000000e+04 1.955999999999999943e+02
8.704000000000000000e+04 4.860000000000000000e+02
8.806400000000000000e+04 5.000000000000000000e+02
8.908800000000000000e+04 5.000000000000000000e+02
9.011200000000000000e+04 5.000000000000000000e+02
9.113600000000000000e+04 5.000000000000000000e+02
9.216000000000000000e+04 3.891999999999999886e+02
9.318400000000000000e+04 3.486000000000000227e+02
9.420800000000000000e+04 3.596999999999999886e+02
9.523200000000000000e+04 1.606999999999999886e+02
9.625600000000000000e+04 4.800000000000000000e+02
9.728000000000000000e+04 3.023999999999999773e+02
9.830400000000000000e+04 3.141000000000000227e+02
9.932800000000000000e+04 5.000000000000000000e+02
1.003520000000000000e+05 4.875000000000000000e+02
1.013760000000000000e+05 3.033000000000000114e+02
