0.000000000000000000e+00 1.369999999999999929e+01
1.024000000000000000e+03 2.810000000000000142e+01
2.048000000000000000e+03 3.750000000000000000e+01
3.072000000000000000e+03 4.050000000000000000e+01
4.096000000000000000e+03 4.960000000000000142e+01
5.120000000000000000e+03 7.529999999999999716e+01
6.144000000000000000e+03 1.004000000000000057e+02
7.168000000000000000e+03 6.729999999999999716e+01
8.192000000000000000e+03 1.790999999999999943e+02
9.216000000000000000e+03 1.618000000000000114e+02
1.024000000000000000e+04 1.798000000000000114e+02
1.126400000000000000e+04 1.580000000000000000e+02
1.228800000000000000e+04 2.149000000000000057e+02
1.331200000000000000e+04 2.916999999999999886e+02
1.433600000000000000e+04 1.389000000000000057e+02
1.536000000000000000e+04 2.120000000000000000e+02
1.638400000000000000e+04 3.031999999999999886e+02
1.740800000000000000e+04 2.324000000000000057e+02
1.843200000000000000e+04 2.573000000000000114e+02
1.945600000000000000e+04 4.020000000000000000e+02
2.048000000000000000e+04 3.088000000000000114e+02
2.150400000000000000e+04 1.371999999999999886e+02
2.252800000000000000e+04 1.753000000000000114e+02
2.355200000000000000e+04 1.303000000000000114e+02
2.457600000000000000e+04 4.833999999999999773e+02
2.560000000000000000e+04 1.799000000000000057e+02
2.662400000000000000e+04 3.316999999999999886e+02
2.764800000000000000e+04 1.704000000000000057e+02
2.867200000000000000e+04 2.966999999999999886e+02
2.969600000000000000e+04 3.225000000000000000e+02
3.072000000000000000e+04 1.450000000000000000e+02
3.174400000000000000e+04 2.415000000000000000e+02
3.276800000000000000e+04 1.878000000000000114e+02
3.379200000000000000e+04 3.023999999999999773e+02
3.481600000000000000e+04 2.993999999999999773e+02
3.584000000000000000e+04 2.149000000000000057e+02
3.686400000000000000e+04 3.051999999999999886e+02
3.788800000000000000e+04 2.440000000000000000e+02
3.891200000000000000e+04 1.401999999999999886e+02
3.993600000000000000e+04 2.576000000000000227e+02
4.096000000000000000e+04 4.766999999999999886e+02
4.198400000000000000e+04 3.221000000000000227e+02
4.300800000000000000e+04 3.155000000000000000e+02
4.403200000000000000e+04 3.126000000000000227e+02
4.505600000000000000e+04 1.720999999999999943e+02
4.608000000000000000e+04 1.615000000000000000e+02
4.710400000000000000e+04 4.918000000000000114e+02
4.812800000000000000e+04 4.721999999999999886e+02
4.915200000000000000e+04 1.686999999999999886e+02
5.017600000000000000e+04 2.845000000000000000e+02
5.120000000000000000e+04 3.528000000000000114e+02
5.222400000000000000e+04 3.188000000000000114e+02
5.324800000000000000e+04 4.485000000000000000e+02
5.427200000000000000e+04 4.880000000000000000e+02
5.529600000000000000e+04 4.308999999999999773e+02
5.632000000000000000e+04 2.793000000000000114e+02
5.734400000000000000e+04 4.296999999999999886e+02
5.836800000000000000e+04 1.147000000000000028e+02
5.939200000000000000e+04 2.075999999999999943e+02
6.041600000000000000e+04 2.016999999999999886e+02
6.144000000000000000e+04 4.771999999999999886e+02
6.246400000000000000e+04 5.000000000000000000e+02
6.348800000000000000e+04 1.500999999999999943e+02
6.451200000000000000e+04 2.671000000000000227e+02
6.553600000000000000e+04 2.996000000000000227e+02
6.656000000000000000e+04 4.753000000000000114e+02
6.758400000000000000e+04 4.978999999999999773e+02
6.860800000000000000e+04 2.445999999999999943e+02
6.963200000000000000e+04 2.098000000000000114e+02
7.065600000000000000e+04 1.615000000000000000e+02
7.168000000000000000e+04 2.255000000000000000e+02
7.270400000000000000e+04 1.810000000000000000e+02
7.372800000000000000e+04 1.670000000000000000e+02
7.475200000000000000e+04 4.126000000000000227e+02
7.577600000000000000e+04 2.054000000000000057e+02
7.680000000000000000e+04 2.025000000000000000e+02
7.782400000000000000e+04 2.898000000000000114e+02
7.884800000000000000e+04 1.916999999999999886e+02
7.987200000000000000e+04 1.645000000000000000e+02
8.089600000000000000e+04 7.209999999999999432e+01
8.192000000000000000e+04 2.676999999999999886e+02
8.294400000000000000e+04 1.329000000000000057e+02
8.396800000000000000e+04 1.665999999999999943e+02
8.499200000000000000e+04 1.182999999999999972e+02
8.601600000000000000e+04 1.340000000000000000e+02
8.704000000000000000e+04 1.095000000000000000e+02
8.806400000000000000e+04 1.174000000000000057e+02
8.908800000000000000e+04 1.625999999999999943e+02
9.011200000000000000e+04 1.085000000000000000e+02
9.113600000000000000e+04 1.375999999999999943e+02
9.216000000000000000e+04 1.318000000000000114e+02
9.318400000000000000e+04 1.416999999999999886e+02
9.420800000000000000e+04 4.739999999999999858e+01
9.523200000000000000e+04 3.860000000000000142e+01
9.625600000000000000e+04 3.860000000000000142e+01
9.728000000000000000e+04 1.780000000000000071e+01
9.830400000000000000e+04 1.509999999999999964e+01
9.932800000000000000e+04 2.010000000000000142e+01
1.003520000000000000e+05 2.719999999999999929e+01
1.013760000000000000e+05 1.145000000000000000e+02
