0.000000000000000000e+00 3.970000000000000284e+01
1.024000000000000000e+03 3.379999999999999716e+01
2.048000000000000000e+03 3.820000000000000284e+01
3.072000000000000000e+03 5.070000000000000284e+01
4.096000000000000000e+03 5.070000000000000284e+01
5.120000000000000000e+03 7.170000000000000284e+01
6.144000000000000000e+03 1.331999999999999886e+02
7.168000000000000000e+03 1.355999999999999943e+02
8.192000000000000000e+03 1.596999999999999886e+02
9.216000000000000000e+03 5.060000000000000142e+01
1.024000000000000000e+04 1.466999999999999886e+02
1.126400000000000000e+04 1.855000000000000000e+02
1.228800000000000000e+04 2.144000000000000057e+02
1.331200000000000000e+04 1.850999999999999943e+02
1.433600000000000000e+04 2.881000000000000227e+02
1.536000000000000000e+04 2.910000000000000000e+02
1.638400000000000000e+04 1.185000000000000000e+02
1.740800000000000000e+04 3.511999999999999886e+02
1.843200000000000000e+04 3.698999999999999773e+02
1.945600000000000000e+04 3.268000000000000114e+02
2.048000000000000000e+04 3.161000000000000227e+02
2.150400000000000000e+04 3.096999999999999886e+02
2.252800000000000000e+04 1.525999999999999943e+02
2.355200000000000000e+04 3.531000000000000227e+02
2.457600000000000000e+04 2.783999999999999773e+02
2.560000000000000000e+04 4.023000000000000114e+02
2.662400000000000000e+04 4.955000000000000000e+02
2.764800000000000000e+04 2.420999999999999943e+02
2.867200000000000000e+04 2.770000000000000000e+02
2.969600000000000000e+04 4.883999999999999773e+02
3.072000000000000000e+04 4.571999999999999886e+02
3.174400000000000000e+04 4.526999999999999886e+02
3.276800000000000000e+04 3.888000000000000114e+02
3.379200000000000000e+04 2.146999999999999886e+02
3.481600000000000000e+04 4.410000000000000000e+02
3.584000000000000000e+04 4.996000000000000227e+02
3.686400000000000000e+04 1.340999999999999943e+02
3.788800000000000000e+04 3.178999999999999773e+02
3.891200000000000000e+04 4.845000000000000000e+02
3.993600000000000000e+04 4.981000000000000227e+02
4.096000000000000000e+04 3.301000000000000227e+02
4.198400000000000000e+04 1.663000000000000114e+02
4.300800000000000000e+04 1.921999999999999886e+02
4.403200000000000000e+04 2.648999999999999773e+02
4.505600000000000000e+04 4.040000000000000000e+02
4.608000000000000000e+04 4.231000000000000227e+02
4.710400000000000000e+04 4.401999999999999886e+02
4.812800000000000000e+04 1.323000000000000114e+02
4.915200000000000000e+04 2.925000000000000000e+02
5.017600000000000000e+04 2.186999999999999886e+02
5.120000000000000000e+04 5.000000000000000000e+02
5.222400000000000000e+04 3.670000000000000000e+02
5.324800000000000000e+04 4.985000000000000000e+02
5.427200000000000000e+04 3.715000000000000000e+02
5.529600000000000000e+04 4.936000000000000227e+02
5.632000000000000000e+04 1.719000000000000057e+02
5.734400000000000000e+04 5.000000000000000000e+02
5.836800000000000000e+04 3.820000000000000000e+02
5.939200000000000000e+04 4.888999999999999773e+02
6.041600000000000000e+04 3.233999999999999773e+02
6.144000000000000000e+04 5.000000000000000000e+02
6.246400000000000000e+04 5.000000000000000000e+02
6.348800000000000000e+04 4.781000000000000227e+02
6.451200000000000000e+04 1.638000000000000114e+02
6.553600000000000000e+04 2.305999999999999943e+02
6.656000000000000000e+04 1.638000000000000114e+02
6.758400000000000000e+04 3.643000000000000114e+02
6.860800000000000000e+04 3.816999999999999886e+02
6.963200000000000000e+04 2.901000000000000227e+02
7.065600000000000000e+04 4.851999999999999886e+02
7.168000000000000000e+04 3.666999999999999886e+02
7.270400000000000000e+04 5.000000000000000000e+02
7.372800000000000000e+04 1.600999999999999943e+02
7.475200000000000000e+04 4.970000000000000000e+02
7.577600000000000000e+04 4.936000000000000227e+02
7.680000000000000000e+04 4.698999999999999773e+02
7.782400000000000000e+04 4.793000000000000114e+02
7.884800000000000000e+04 3.618000000000000114e+02
7.987200000000000000e+04 2.875000000000000000e+02
8.089600000000000000e+04 1.694000000000000057e+02
8.192000000000000000e+04 4.351000000000000227e+02
8.294400000000000000e+04 4.073000000000000114e+02
8.396800000000000000e+04 4.813999999999999773e+02
8.499200000000000000e+04 1.345000000000000000e+02
8.601600000000000000e+04 2.645000000000000000e+02
8.704000000000000000e+04 3.441000000000000227e+02
8.806400000000000000e+04 4.785000000000000000e+02
8.908800000000000000e+04 4.581000000000000227e+02
9.011200000000000000e+04 1.545000000000000000e+02
9.113600000000000000e+04 2.496999999999999886e+02
9.216000000000000000e+04 1.785000000000000000e+02
9.318400000000000000e+04 4.408000000000000114e+02
9.420800000000000000e+04 5.000000000000000000e+02
9.523200000000000000e+04 3.465000000000000000e+02
9.625600000000000000e+04 5.000000000000000000e+02
9.728000000000000000e+04 1.257000000000000028e+02
9.830400000000000000e+04 1.431999999999999886e+02
9.932800000000000000e+04 3.506000000000000227e+02
1.003520000000000000e+05 5.000000000000000000e+02
1.013760000000000000e+05 2.791999999999999886e+02
