0.000000000000000000e+00 8.500000000000000000e+00
1.024000000000000000e+03 4.900000000000000355e+00
2.048000000000000000e+03 6.900000000000000355e+00
3.072000000000000000e+03 6.599999999999999645e+00
4.096000000000000000e+03 7.000000000000000000e+00
5.120000000000000000e+03 5.799999999999999822e+00
6.144000000000000000e+03 8.900000000000000355e+00
7.168000000000000000e+03 8.599999999999999645e+00
8.192000000000000000e+03 5.900000000000000355e+00
9.216000000000000000e+03 9.199999999999999289e+00
1.024000000000000000e+04 7.900000000000000355e+00
1.126400000000000000e+04 2.799999999999999822e+00
1.228800000000000000e+04 2.799999999999999822e+00
1.331200000000000000e+04 3.399999999999999911e+00
1.433600000000000000e+04 3.399999999999999911e+00
1.536000000000000000e+04 3.799999999999999822e+00
1.638400000000000000e+04 2.299999999999999822e+00
1.740800000000000000e+04 4.200000000000000178e+00
1.843200000000000000e+04 8.199999999999999289e+00
1.945600000000000000e+04 2.899999999999999911e+00
2.048000000000000000e+04 3.500000000000000000e+00
2.150400000000000000e+04 7.099999999999999645e+00
2.252800000000000000e+04 4.200000000000000178e+00
2.355200000000000000e+04 9.000000000000000000e+00
2.457600000000000000e+04 5.799999999999999822e+00
2.560000000000000000e+04 7.500000000000000000e+00
2.662400000000000000e+04 4.599999999999999645e+00
2.764800000000000000e+04 4.400000000000000355e+00
2.867200000000000000e+04 6.400000000000000355e+00
2.969600000000000000e+04 4.500000000000000000e+00
3.072000000000000000e+04 6.900000000000000355e+00
3.174400000000000000e+04 7.400000000000000355e+00
3.276800000000000000e+04 5.900000000000000355e+00
3.379200000000000000e+04 9.199999999999999289e+00
3.481600000000000000e+04 3.700000000000000178e+00
3.584000000000000000e+04 4.099999999999999645e+00
3.686400000000000000e+04 3.399999999999999911e+00
3.788800000000000000e+04 1.000000000000000000e+01
3.891200000000000000e+04 7.700000000000000178e+00
3.993600000000000000e+04 6.799999999999999822e+00
4.096000000000000000e+04 8.699999999999999289e+00
4.198400000000000000e+04 8.500000000000000000e+00
4.300800000000000000e+04 9.800000000000000711e+00
4.403200000000000000e+04 6.500000000000000000e+00
4.505600000000000000e+04 5.500000000000000000e+00
4.608000000000000000e+04 1.000000000000000000e+01
4.710400000000000000e+04 7.099999999999999645e+00
4.812800000000000000e+04 9.599999999999999645e+00
4.915200000000000000e+04 7.099999999999999645e+00
5.017600000000000000e+04 8.699999999999999289e+00
5.120000000000000000e+04 4.200000000000000178e+00
5.222400000000000000e+04 7.700000000000000178e+00
5.324800000000000000e+04 7.799999999999999822e+00
5.427200000000000000e+04 6.700000000000000178e+00
5.529600000000000000e+04 9.599999999999999645e+00
5.632000000000000000e+04 8.500000000000000000e+00
5.734400000000000000e+04 6.099999999999999645e+00
5.836800000000000000e+04 1.169999999999999929e+01
5.939200000000000000e+04 9.300000000000000711e+00
6.041600000000000000e+04 8.599999999999999645e+00
6.144000000000000000e+04 1.019999999999999929e+01
6.246400000000000000e+04 9.400000000000000355e+00
6.348800000000000000e+04 1.030000000000000071e+01
6.451200000000000000e+04 9.900000000000000355e+00
6.553600000000000000e+04 8.500000000000000000e+00
6.656000000000000000e+04 8.699999999999999289e+00
6.758400000000000000e+04 8.800000000000000711e+00
6.860800000000000000e+04 4.400000000000000355e+00
6.963200000000000000e+04 5.400000000000000355e+00
7.065600000000000000e+04 6.900000000000000355e+00
7.168000000000000000e+04 9.400000000000000355e+00
7.270400000000000000e+04 3.600000000000000089e+00
7.372800000000000000e+04 4.799999999999999822e+00
7.475200000000000000e+04 1.159999999999999964e+01
7.577600000000000000e+04 5.700000000000000178e+00
7.680000000000000000e+04 4.799999999999999822e+00
7.782400000000000000e+04 5.099999999999999645e+00
7.884800000000000000e+04 6.500000000000000000e+00
7.987200000000000000e+04 7.299999999999999822e+00
8.089600000000000000e+04 8.699999999999999289e+00
8.192000000000000000e+04 9.699999999999999289e+00
8.294400000000000000e+04 8.800000000000000711e+00
8.396800000000000000e+04 6.599999999999999645e+00
8.499200000000000000e+04 5.900000000000000355e+00
8.601600000000000000e+04 5.099999999999999645e+00
8.704000000000000000e+04 4.799999999999999822e+00
8.806400000000000000e+04 3.899999999999999911e+00
8.908800000000000000e+04 5.200000000000000178e+00
9.011200000000000000e+04 3.299999999999999822e+00
9.113600000000000000e+04 2.799999999999999822e+00
9.216000000000000000e+04 2.500000000000000000e+00
9.318400000000000000e+04 2.399999999999999911e+00
9.420800000000000000e+04 5.599999999999999645e+00
9.523200000000000000e+04 5.000000000000000000e+00
9.625600000000000000e+04 4.799999999999999822e+00
9.728000000000000000e+04 9.300000000000000711e+00
9.830400000000000000e+04 5.099999999999999645e+00
9.932800000000000000e+04 5.400000000000000355e+00
1.003520000000000000e+05 8.500000000000000000e+00
1.013760000000000000e+05 8.199999999999999289e+00
