0.000000000000000000e+00 2.260000000000000142e+01
1.024000000000000000e+03 1.290000000000000036e+01
2.048000000000000000e+03 2.650000000000000000e+01
3.072000000000000000e+03 6.890000000000000568e+01
4.096000000000000000e+03 5.860000000000000142e+01
5.120000000000000000e+03 5.800000000000000000e+01
6.144000000000000000e+03 6.070000000000000284e+01
7.168000000000000000e+03 6.559999999999999432e+01
8.192000000000000000e+03 5.589999999999999858e+01
9.216000000000000000e+03 6.150000000000000000e+01
1.024000000000000000e+04 5.620000000000000284e+01
1.126400000000000000e+04 6.759999999999999432e+01
1.228800000000000000e+04 6.909999999999999432e+01
1.331200000000000000e+04 6.129999999999999716e+01
1.433600000000000000e+04 5.610000000000000142e+01
1.536000000000000000e+04 3.620000000000000284e+01
1.638400000000000000e+04 6.720000000000000284e+01
1.740800000000000000e+04 4.439999999999999858e+01
1.843200000000000000e+04 7.070000000000000284e+01
1.945600000000000000e+04 6.770000000000000284e+01
2.048000000000000000e+04 9.950000000000000000e+01
2.150400000000000000e+04 4.810000000000000142e+01
2.252800000000000000e+04 8.329999999999999716e+01
2.355200000000000000e+04 6.700000000000000000e+01
2.457600000000000000e+04 6.189999999999999858e+01
2.560000000000000000e+04 4.329999999999999716e+01
2.662400000000000000e+04 5.650000000000000000e+01
2.764800000000000000e+04 3.239999999999999858e+01
2.867200000000000000e+04 3.900000000000000000e+01
2.969600000000000000e+04 5.229999999999999716e+01
3.072000000000000000e+04 7.840000000000000568e+01
3.174400000000000000e+04 9.340000000000000568e+01
3.276800000000000000e+04 8.090000000000000568e+01
3.379200000000000000e+04 6.079999999999999716e+01
3.481600000000000000e+04 8.009999999999999432e+01
3.584000000000000000e+04 4.750000000000000000e+01
3.686400000000000000e+04 1.459000000000000057e+02
3.788800000000000000e+04 1.047000000000000028e+02
3.891200000000000000e+04 1.340999999999999943e+02
3.993600000000000000e+04 7.970000000000000284e+01
4.096000000000000000e+04 1.240000000000000000e+02
4.198400000000000000e+04 1.040999999999999943e+02
4.300800000000000000e+04 1.279000000000000057e+02
4.403200000000000000e+04 1.423000000000000114e+02
4.505600000000000000e+04 1.334000000000000057e+02
4.608000000000000000e+04 1.020999999999999943e+02
4.710400000000000000e+04 1.775999999999999943e+02
4.812800000000000000e+04 1.130999999999999943e+02
4.915200000000000000e+04 1.785999999999999943e+02
5.017600000000000000e+04 2.156999999999999886e+02
5.120000000000000000e+04 1.581999999999999886e+02
5.222400000000000000e+04 1.485999999999999943e+02
5.324800000000000000e+04 5.960000000000000142e+01
5.427200000000000000e+04 7.520000000000000284e+01
5.529600000000000000e+04 3.260000000000000142e+01
5.632000000000000000e+04 3.100000000000000000e+01
5.734400000000000000e+04 1.164000000000000057e+02
5.836800000000000000e+04 2.713000000000000114e+02
5.939200000000000000e+04 3.238999999999999773e+02
6.041600000000000000e+04 1.217000000000000028e+02
6.144000000000000000e+04 1.820000000000000000e+02
6.246400000000000000e+04 1.985999999999999943e+02
6.348800000000000000e+04 2.085999999999999943e+02
6.451200000000000000e+04 2.691999999999999886e+02
6.553600000000000000e+04 1.799000000000000057e+02
6.656000000000000000e+04 1.100999999999999943e+02
6.758400000000000000e+04 3.373000000000000114e+02
6.860800000000000000e+04 3.196999999999999886e+02
6.963200000000000000e+04 1.700999999999999943e+02
7.065600000000000000e+04 1.260999999999999943e+02
7.168000000000000000e+04 2.770000000000000000e+02
7.270400000000000000e+04 2.386999999999999886e+02
7.372800000000000000e+04 9.720000000000000284e+01
7.475200000000000000e+04 1.376999999999999886e+02
7.577600000000000000e+04 1.316999999999999886e+02
7.680000000000000000e+04 2.365000000000000000e+02
7.782400000000000000e+04 2.878000000000000114e+02
7.884800000000000000e+04 3.040000000000000000e+02
7.987200000000000000e+04 1.343000000000000114e+02
8.089600000000000000e+04 7.140000000000000568e+01
8.192000000000000000e+04 2.389999999999999858e+01
8.294400000000000000e+04 1.207000000000000028e+02
8.396800000000000000e+04 2.048000000000000114e+02
8.499200000000000000e+04 1.575000000000000000e+02
8.601600000000000000e+04 2.419000000000000057e+02
8.704000000000000000e+04 2.014000000000000057e+02
8.806400000000000000e+04 1.234000000000000057e+02
8.908800000000000000e+04 1.135999999999999943e+02
9.011200000000000000e+04 1.985000000000000000e+02
9.113600000000000000e+04 1.720999999999999943e+02
9.216000000000000000e+04 1.491999999999999886e+02
9.318400000000000000e+04 1.439000000000000057e+02
9.420800000000000000e+04 2.260000000000000000e+02
9.523200000000000000e+04 3.326999999999999886e+02
9.625600000000000000e+04 2.093000000000000114e+02
9.728000000000000000e+04 2.519000000000000057e+02
9.830400000000000000e+04 1.585000000000000000e+02
9.932800000000000000e+04 2.175000000000000000e+02
1.003520000000000000e+05 2.938999999999999773e+02
1.013760000000000000e+05 4.070000000000000000e+02
