0.000000000000000000e+00 4.220000000000000284e+01
1.024000000000000000e+03 1.300000000000000000e+01
2.048000000000000000e+03 3.689999999999999858e+01
3.072000000000000000e+03 2.869999999999999929e+01
4.096000000000000000e+03 4.560000000000000142e+01
5.120000000000000000e+03 4.570000000000000284e+01
6.144000000000000000e+03 4.600000000000000000e+01
7.168000000000000000e+03 5.610000000000000142e+01
8.192000000000000000e+03 6.540000000000000568e+01
9.216000000000000000e+03 8.690000000000000568e+01
1.024000000000000000e+04 2.066999999999999886e+02
1.126400000000000000e+04 1.721999999999999886e+02
1.228800000000000000e+04 1.658000000000000114e+02
1.331200000000000000e+04 1.084000000000000057e+02
1.433600000000000000e+04 1.230000000000000000e+02
1.536000000000000000e+04 1.406999999999999886e+02
1.638400000000000000e+04 2.841000000000000227e+02
1.740800000000000000e+04 2.270000000000000000e+02
1.843200000000000000e+04 3.106999999999999886e+02
1.945600000000000000e+04 1.458000000000000114e+02
2.048000000000000000e+04 3.051999999999999886e+02
2.150400000000000000e+04 1.441999999999999886e+02
2.252800000000000000e+04 3.703999999999999773e+02
2.355200000000000000e+04 3.728999999999999773e+02
2.457600000000000000e+04 2.795000000000000000e+02
2.560000000000000000e+04 8.140000000000000568e+01
2.662400000000000000e+04 2.565000000000000000e+02
2.764800000000000000e+04 3.778000000000000114e+02
2.867200000000000000e+04 2.046999999999999886e+02
2.969600000000000000e+04 9.540000000000000568e+01
3.072000000000000000e+04 2.988999999999999773e+02
3.174400000000000000e+04 1.219000000000000057e+02
3.276800000000000000e+04 1.680000000000000000e+02
3.379200000000000000e+04 2.060000000000000000e+02
3.481600000000000000e+04 1.230000000000000000e+02
3.584000000000000000e+04 1.335000000000000000e+02
3.686400000000000000e+04 3.511999999999999886e+02
3.788800000000000000e+04 1.715000000000000000e+02
3.891200000000000000e+04 3.550000000000000000e+02
3.993600000000000000e+04 4.208999999999999773e+02
4.096000000000000000e+04 3.388999999999999773e+02
4.198400000000000000e+04 1.295999999999999943e+02
4.300800000000000000e+04 2.978999999999999773e+02
4.403200000000000000e+04 1.197000000000000028e+02
4.505600000000000000e+04 2.188000000000000114e+02
4.608000000000000000e+04 4.073999999999999773e+02
4.710400000000000000e+04 2.270000000000000000e+02
4.812800000000000000e+04 3.116999999999999886e+02
4.915200000000000000e+04 1.718000000000000114e+02
5.017600000000000000e+04 3.600000000000000000e+02
5.120000000000000000e+04 1.630999999999999943e+02
5.222400000000000000e+04 3.503999999999999773e+02
5.324800000000000000e+04 1.217000000000000028e+02
5.427200000000000000e+04 9.259999999999999432e+01
5.529600000000000000e+04 2.421999999999999886e+02
5.632000000000000000e+04 2.323000000000000114e+02
5.734400000000000000e+04 1.336999999999999886e+02
5.836800000000000000e+04 1.215999999999999943e+02
5.939200000000000000e+04 1.440000000000000000e+02
6.041600000000000000e+04 3.791999999999999886e+02
6.144000000000000000e+04 1.115999999999999943e+02
6.246400000000000000e+04 1.570000000000000000e+02
6.348800000000000000e+04 3.461000000000000227e+02
6.451200000000000000e+04 3.363999999999999773e+02
6.553600000000000000e+04 1.928000000000000114e+02
6.656000000000000000e+04 3.303000000000000114e+02
6.758400000000000000e+04 2.645000000000000000e+02
6.860800000000000000e+04 2.533000000000000114e+02
6.963200000000000000e+04 4.556000000000000227e+02
7.065600000000000000e+04 1.641999999999999886e+02
7.168000000000000000e+04 1.344000000000000057e+02
7.270400000000000000e+04 1.047999999999999972e+02
7.372800000000000000e+04 1.333000000000000114e+02
7.475200000000000000e+04 1.145000000000000000e+02
7.577600000000000000e+04 4.041999999999999886e+02
7.680000000000000000e+04 2.658000000000000114e+02
7.782400000000000000e+04 4.445000000000000000e+02
7.884800000000000000e+04 2.756999999999999886e+02
7.987200000000000000e+04 1.775999999999999943e+02
8.089600000000000000e+04 4.041000000000000227e+02
8.192000000000000000e+04 2.765000000000000000e+02
8.294400000000000000e+04 3.053000000000000114e+02
8.396800000000000000e+04 1.182000000000000028e+02
8.499200000000000000e+04 4.386000000000000227e+02
8.601600000000000000e+04 4.488999999999999773e+02
8.704000000000000000e+04 1.710999999999999943e+02
8.806400000000000000e+04 6.070000000000000284e+01
8.908800000000000000e+04 2.608999999999999773e+02
9.011200000000000000e+04 3.700000000000000000e+02
9.113600000000000000e+04 3.023999999999999773e+02
9.216000000000000000e+04 4.141000000000000227e+02
9.318400000000000000e+04 1.443000000000000114e+02
9.420800000000000000e+04 1.290000000000000000e+02
9.523200000000000000e+04 3.238999999999999773e+02
9.625600000000000000e+04 1.553000000000000114e+02
9.728000000000000000e+04 2.204000000000000057e+02
9.830400000000000000e+04 1.898000000000000114e+02
9.932800000000000000e+04 1.583000000000000114e+02
1.003520000000000000e+05 1.324000000000000057e+02
1.013760000000000000e+05 2.558000000000000114e+02
