0.000000000000000000e+00 4.470000000000000284e+01
1.024000000000000000e+03 4.350000000000000000e+01
2.048000000000000000e+03 4.539999999999999858e+01
3.072000000000000000e+03 4.129999999999999716e+01
4.096000000000000000e+03 4.350000000000000000e+01
5.120000000000000000e+03 4.089999999999999858e+01
6.144000000000000000e+03 5.450000000000000000e+01
7.168000000000000000e+03 3.850000000000000000e+01
8.192000000000000000e+03 4.560000000000000142e+01
9.216000000000000000e+03 3.610000000000000142e+01
1.024000000000000000e+04 3.529999999999999716e+01
1.126400000000000000e+04 4.450000000000000000e+01
1.228800000000000000e+04 3.920000000000000284e+01
1.331200000000000000e+04 5.229999999999999716e+01
1.433600000000000000e+04 3.939999999999999858e+01
1.536000000000000000e+04 3.729999999999999716e+01
1.638400000000000000e+04 4.150000000000000000e+01
1.740800000000000000e+04 4.120000000000000284e+01
1.843200000000000000e+04 3.320000000000000284e+01
1.945600000000000000e+04 4.070000000000000284e+01
2.048000000000000000e+04 3.550000000000000000e+01
2.150400000000000000e+04 3.760000000000000142e+01
2.252800000000000000e+04 4.189999999999999858e+01
2.355200000000000000e+04 3.329999999999999716e+01
2.457600000000000000e+04 4.389999999999999858e+01
2.560000000000000000e+04 3.670000000000000284e+01
2.662400000000000000e+04 3.979999999999999716e+01
2.764800000000000000e+04 3.169999999999999929e+01
2.867200000000000000e+04 3.360000000000000142e+01
2.969600000000000000e+04 3.310000000000000142e+01
3.072000000000000000e+04 3.220000000000000284e+01
3.174400000000000000e+04 2.960000000000000142e+01
3.276800000000000000e+04 3.379999999999999716e+01
3.379200000000000000e+04 3.150000000000000000e+01
3.481600000000000000e+04 3.539999999999999858e+01
3.584000000000000000e+04 4.510000000000000142e+01
3.686400000000000000e+04 3.739999999999999858e+01
3.788800000000000000e+04 3.300000000000000000e+01
3.891200000000000000e+04 3.589999999999999858e+01
3.993600000000000000e+04 3.270000000000000284e+01
4.096000000000000000e+04 3.150000000000000000e+01
4.198400000000000000e+04 4.239999999999999858e+01
4.300800000000000000e+04 3.529999999999999716e+01
4.403200000000000000e+04 3.410000000000000142e+01
4.505600000000000000e+04 3.339999999999999858e+01
4.608000000000000000e+04 3.169999999999999929e+01
4.710400000000000000e+04 3.879999999999999716e+01
4.812800000000000000e+04 3.019999999999999929e+01
4.915200000000000000e+04 3.300000000000000000e+01
5.017600000000000000e+04 3.139999999999999858e+01
5.120000000000000000e+04 3.210000000000000142e+01
5.222400000000000000e+04 3.239999999999999858e+01
5.324800000000000000e+04 3.760000000000000142e+01
5.427200000000000000e+04 3.600000000000000000e+01
5.529600000000000000e+04 3.389999999999999858e+01
5.632000000000000000e+04 3.589999999999999858e+01
5.734400000000000000e+04 3.789999999999999858e+01
5.836800000000000000e+04 3.989999999999999858e+01
5.939200000000000000e+04 4.289999999999999858e+01
6.041600000000000000e+04 4.779999999999999716e+01
6.144000000000000000e+04 4.579999999999999716e+01
6.246400000000000000e+04 4.079999999999999716e+01
6.348800000000000000e+04 4.410000000000000142e+01
6.451200000000000000e+04 3.950000000000000000e+01
6.553600000000000000e+04 3.989999999999999858e+01
6.656000000000000000e+04 3.629999999999999716e+01
6.758400000000000000e+04 4.370000000000000284e+01
6.860800000000000000e+04 4.460000000000000142e+01
6.963200000000000000e+04 4.139999999999999858e+01
7.065600000000000000e+04 3.250000000000000000e+01
7.168000000000000000e+04 2.930000000000000071e+01
7.270400000000000000e+04 3.410000000000000142e+01
7.372800000000000000e+04 3.850000000000000000e+01
7.475200000000000000e+04 4.270000000000000284e+01
7.577600000000000000e+04 5.020000000000000284e+01
7.680000000000000000e+04 3.520000000000000284e+01
7.782400000000000000e+04 4.089999999999999858e+01
7.884800000000000000e+04 3.639999999999999858e+01
7.987200000000000000e+04 4.370000000000000284e+01
8.089600000000000000e+04 4.160000000000000142e+01
8.192000000000000000e+04 3.839999999999999858e+01
8.294400000000000000e+04 3.529999999999999716e+01
8.396800000000000000e+04 3.629999999999999716e+01
8.499200000000000000e+04 3.539999999999999858e+01
8.601600000000000000e+04 3.760000000000000142e+01
8.704000000000000000e+04 4.129999999999999716e+01
8.806400000000000000e+04 2.939999999999999858e+01
8.908800000000000000e+04 3.030000000000000071e+01
9.011200000000000000e+04 2.860000000000000142e+01
9.113600000000000000e+04 3.560000000000000142e+01
9.216000000000000000e+04 3.189999999999999858e+01
9.318400000000000000e+04 2.730000000000000071e+01
9.420800000000000000e+04 4.120000000000000284e+01
9.523200000000000000e+04 3.279999999999999716e+01
9.625600000000000000e+04 2.789999999999999858e+01
9.728000000000000000e+04 3.360000000000000142e+01
9.830400000000000000e+04 2.630000000000000071e+01
9.932800000000000000e+04 3.069999999999999929e+01
1.003520000000000000e+05 3.679999999999999716e+01
1.013760000000000000e+05 2.560000000000000142e+01
