0.000000000000000000e+00 2.989999999999999858e+01
1.024000000000000000e+03 2.700000000000000000e+01
2.048000000000000000e+03 4.220000000000000284e+01
3.072000000000000000e+03 5.050000000000000000e+01
4.096000000000000000e+03 7.120000000000000284e+01
5.120000000000000000e+03 4.850000000000000000e+01
6.144000000000000000e+03 8.750000000000000000e+01
7.168000000000000000e+03 7.459999999999999432e+01
8.192000000000000000e+03 7.370000000000000284e+01
9.216000000000000000e+03 7.590000000000000568e+01
1.024000000000000000e+04 7.879999999999999716e+01
1.126400000000000000e+04 7.829999999999999716e+01
1.228800000000000000e+04 1.040999999999999943e+02
1.331200000000000000e+04 1.035999999999999943e+02
1.433600000000000000e+04 1.185000000000000000e+02
1.536000000000000000e+04 9.820000000000000284e+01
1.638400000000000000e+04 1.605999999999999943e+02
1.740800000000000000e+04 2.768999999999999773e+02
1.843200000000000000e+04 1.891999999999999886e+02
1.945600000000000000e+04 1.150999999999999943e+02
2.048000000000000000e+04 1.227999999999999972e+02
2.150400000000000000e+04 1.548000000000000114e+02
2.252800000000000000e+04 3.575000000000000000e+02
2.355200000000000000e+04 1.794000000000000057e+02
2.457600000000000000e+04 1.329000000000000057e+02
2.560000000000000000e+04 5.629999999999999716e+01
2.662400000000000000e+04 3.729999999999999716e+01
2.764800000000000000e+04 3.479999999999999716e+01
2.867200000000000000e+04 3.279999999999999716e+01
2.969600000000000000e+04 4.439999999999999858e+01
3.072000000000000000e+04 1.370999999999999943e+02
3.174400000000000000e+04 4.979999999999999716e+01
3.276800000000000000e+04 3.950000000000000000e+01
3.379200000000000000e+04 6.640000000000000568e+01
3.481600000000000000e+04 1.580999999999999943e+02
3.584000000000000000e+04 2.936000000000000227e+02
3.686400000000000000e+04 2.898000000000000114e+02
3.788800000000000000e+04 4.771000000000000227e+02
3.891200000000000000e+04 4.868000000000000114e+02
3.993600000000000000e+04 5.000000000000000000e+02
4.096000000000000000e+04 3.510000000000000000e+02
4.198400000000000000e+04 1.404000000000000057e+02
4.300800000000000000e+04 5.000000000000000000e+02
4.403200000000000000e+04 1.340000000000000000e+02
4.505600000000000000e+04 2.090000000000000000e+02
4.608000000000000000e+04 3.918000000000000114e+02
4.710400000000000000e+04 4.136000000000000227e+02
4.812800000000000000e+04 2.628999999999999773e+02
4.915200000000000000e+04 3.478000000000000114e+02
5.017600000000000000e+04 4.021000000000000227e+02
5.120000000000000000e+04 3.176000000000000227e+02
5.222400000000000000e+04 3.260000000000000000e+02
5.324800000000000000e+04 2.771999999999999886e+02
5.427200000000000000e+04 3.233999999999999773e+02
5.529600000000000000e+04 4.835000000000000000e+02
5.632000000000000000e+04 5.000000000000000000e+02
5.734400000000000000e+04 3.240000000000000000e+02
5.836800000000000000e+04 3.368999999999999773e+02
5.939200000000000000e+04 3.346000000000000227e+02
6.041600000000000000e+04 3.228000000000000114e+02
6.144000000000000000e+04 2.339000000000000057e+02
6.246400000000000000e+04 3.926999999999999886e+02
6.348800000000000000e+04 3.993000000000000114e+02
6.451200000000000000e+04 3.458999999999999773e+02
6.553600000000000000e+04 4.753999999999999773e+02
6.656000000000000000e+04 2.556999999999999886e+02
6.758400000000000000e+04 2.756000000000000227e+02
6.860800000000000000e+04 2.836000000000000227e+02
6.963200000000000000e+04 2.853000000000000114e+02
7.065600000000000000e+04 2.195000000000000000e+02
7.168000000000000000e+04 1.835999999999999943e+02
7.270400000000000000e+04 2.364000000000000057e+02
7.372800000000000000e+04 2.656999999999999886e+02
7.475200000000000000e+04 2.946000000000000227e+02
7.577600000000000000e+04 3.343999999999999773e+02
7.680000000000000000e+04 2.780000000000000000e+02
7.782400000000000000e+04 2.301999999999999886e+02
7.884800000000000000e+04 2.005000000000000000e+02
7.987200000000000000e+04 1.551999999999999886e+02
8.089600000000000000e+04 2.359000000000000057e+02
8.192000000000000000e+04 2.258000000000000114e+02
8.294400000000000000e+04 1.616999999999999886e+02
8.396800000000000000e+04 1.741999999999999886e+02
8.499200000000000000e+04 1.760999999999999943e+02
8.601600000000000000e+04 2.408000000000000114e+02
8.704000000000000000e+04 2.698000000000000114e+02
8.806400000000000000e+04 2.876000000000000227e+02
8.908800000000000000e+04 2.665000000000000000e+02
9.011200000000000000e+04 2.105000000000000000e+02
9.113600000000000000e+04 2.756000000000000227e+02
9.216000000000000000e+04 1.756999999999999886e+02
9.318400000000000000e+04 2.723999999999999773e+02
9.420800000000000000e+04 3.630000000000000000e+02
9.523200000000000000e+04 4.596000000000000227e+02
9.625600000000000000e+04 1.280000000000000000e+02
9.728000000000000000e+04 3.933999999999999773e+02
9.830400000000000000e+04 2.851000000000000227e+02
9.932800000000000000e+04 2.703000000000000114e+02
1.003520000000000000e+05 2.973999999999999773e+02
1.013760000000000000e+05 4.761000000000000227e+02
