0.000000000000000000e+00 2.989999999999999858e+01
1.024000000000000000e+03 2.160000000000000142e+01
2.048000000000000000e+03 3.570000000000000284e+01
3.072000000000000000e+03 5.000000000000000000e+01
4.096000000000000000e+03 4.710000000000000142e+01
5.120000000000000000e+03 4.900000000000000000e+01
6.144000000000000000e+03 5.410000000000000142e+01
7.168000000000000000e+03 5.150000000000000000e+01
8.192000000000000000e+03 5.710000000000000142e+01
9.216000000000000000e+03 6.279999999999999716e+01
1.024000000000000000e+04 5.689999999999999858e+01
1.126400000000000000e+04 6.289999999999999858e+01
1.228800000000000000e+04 7.020000000000000284e+01
1.331200000000000000e+04 7.009999999999999432e+01
1.433600000000000000e+04 7.100000000000000000e+01
1.536000000000000000e+04 9.550000000000000000e+01
1.638400000000000000e+04 1.007999999999999972e+02
1.740800000000000000e+04 5.700000000000000000e+01
1.843200000000000000e+04 4.420000000000000284e+01
1.945600000000000000e+04 1.180000000000000000e+02
2.048000000000000000e+04 9.140000000000000568e+01
2.150400000000000000e+04 9.920000000000000284e+01
2.252800000000000000e+04 6.929999999999999716e+01
2.355200000000000000e+04 4.529999999999999716e+01
2.457600000000000000e+04 1.265000000000000000e+02
2.560000000000000000e+04 9.150000000000000000e+01
2.662400000000000000e+04 9.179999999999999716e+01
2.764800000000000000e+04 1.270000000000000000e+02
2.867200000000000000e+04 1.242000000000000028e+02
2.969600000000000000e+04 1.115999999999999943e+02
3.072000000000000000e+04 1.634000000000000057e+02
3.174400000000000000e+04 1.473000000000000114e+02
3.276800000000000000e+04 1.815999999999999943e+02
3.379200000000000000e+04 6.189999999999999858e+01
3.481600000000000000e+04 7.979999999999999716e+01
3.584000000000000000e+04 1.615000000000000000e+02
3.686400000000000000e+04 1.606999999999999886e+02
3.788800000000000000e+04 1.715999999999999943e+02
3.891200000000000000e+04 7.959999999999999432e+01
3.993600000000000000e+04 1.305999999999999943e+02
4.096000000000000000e+04 1.122000000000000028e+02
4.198400000000000000e+04 8.709999999999999432e+01
4.300800000000000000e+04 1.102999999999999972e+02
4.403200000000000000e+04 1.277000000000000028e+02
4.505600000000000000e+04 1.395999999999999943e+02
4.608000000000000000e+04 6.640000000000000568e+01
4.710400000000000000e+04 1.448000000000000114e+02
4.812800000000000000e+04 1.400999999999999943e+02
4.915200000000000000e+04 1.279000000000000057e+02
5.017600000000000000e+04 8.829999999999999716e+01
5.120000000000000000e+04 2.059000000000000057e+02
5.222400000000000000e+04 2.565000000000000000e+02
5.324800000000000000e+04 4.286999999999999886e+02
5.427200000000000000e+04 1.369000000000000057e+02
5.529600000000000000e+04 1.420000000000000000e+02
5.632000000000000000e+04 1.525000000000000000e+02
5.734400000000000000e+04 1.039000000000000057e+02
5.836800000000000000e+04 1.130000000000000000e+02
5.939200000000000000e+04 1.187999999999999972e+02
6.041600000000000000e+04 1.341999999999999886e+02
6.144000000000000000e+04 1.355999999999999943e+02
6.246400000000000000e+04 2.083000000000000114e+02
6.348800000000000000e+04 2.309000000000000057e+02
6.451200000000000000e+04 9.850000000000000000e+01
6.553600000000000000e+04 1.820000000000000000e+02
6.656000000000000000e+04 4.143999999999999773e+02
6.758400000000000000e+04 2.938999999999999773e+02
6.860800000000000000e+04 1.072999999999999972e+02
6.963200000000000000e+04 1.072999999999999972e+02
7.065600000000000000e+04 1.134000000000000057e+02
7.168000000000000000e+04 1.065000000000000000e+02
7.270400000000000000e+04 4.120000000000000284e+01
7.372800000000000000e+04 1.124000000000000057e+02
7.475200000000000000e+04 1.254000000000000057e+02
7.577600000000000000e+04 8.979999999999999716e+01
7.680000000000000000e+04 1.155000000000000000e+02
7.782400000000000000e+04 1.845000000000000000e+02
7.884800000000000000e+04 1.232999999999999972e+02
7.987200000000000000e+04 2.660000000000000000e+02
8.089600000000000000e+04 4.776999999999999886e+02
8.192000000000000000e+04 2.708000000000000114e+02
8.294400000000000000e+04 2.024000000000000057e+02
8.396800000000000000e+04 1.194000000000000057e+02
8.499200000000000000e+04 4.570000000000000284e+01
8.601600000000000000e+04 1.650999999999999943e+02
8.704000000000000000e+04 4.115000000000000000e+02
8.806400000000000000e+04 2.606999999999999886e+02
8.908800000000000000e+04 1.443000000000000114e+02
9.011200000000000000e+04 2.486999999999999886e+02
9.113600000000000000e+04 4.051999999999999886e+02
9.216000000000000000e+04 5.000000000000000000e+02
9.318400000000000000e+04 2.923000000000000114e+02
9.420800000000000000e+04 4.103999999999999773e+02
9.523200000000000000e+04 2.474000000000000057e+02
9.625600000000000000e+04 3.645000000000000000e+02
9.728000000000000000e+04 4.206000000000000227e+02
9.830400000000000000e+04 2.798000000000000114e+02
9.932800000000000000e+04 1.674000000000000057e+02
1.003520000000000000e+05 1.250999999999999943e+02
1.013760000000000000e+05 1.049000000000000057e+02
