0.000000000000000000e+00 1.739999999999999858e+01
1.024000000000000000e+03 2.000000000000000000e+01
2.048000000000000000e+03 3.989999999999999858e+01
3.072000000000000000e+03 2.719999999999999929e+01
4.096000000000000000e+03 6.120000000000000284e+01
5.120000000000000000e+03 1.490000000000000000e+02
6.144000000000000000e+03 1.017999999999999972e+02
7.168000000000000000e+03 8.209999999999999432e+01
8.192000000000000000e+03 4.839999999999999858e+01
9.216000000000000000e+03 8.129999999999999716e+01
1.024000000000000000e+04 1.366999999999999886e+02
1.126400000000000000e+04 1.713000000000000114e+02
1.228800000000000000e+04 1.539000000000000057e+02
1.331200000000000000e+04 1.120000000000000000e+02
1.433600000000000000e+04 2.741999999999999886e+02
1.536000000000000000e+04 1.257000000000000028e+02
1.638400000000000000e+04 1.774000000000000057e+02
1.740800000000000000e+04 1.311999999999999886e+02
1.843200000000000000e+04 3.215000000000000000e+02
1.945600000000000000e+04 1.144000000000000057e+02
2.048000000000000000e+04 2.325999999999999943e+02
2.150400000000000000e+04 1.308000000000000114e+02
2.252800000000000000e+04 1.523000000000000114e+02
2.355200000000000000e+04 3.128999999999999773e+02
2.457600000000000000e+04 2.793000000000000114e+02
2.560000000000000000e+04 1.105999999999999943e+02
2.662400000000000000e+04 1.365000000000000000e+02
2.764800000000000000e+04 1.378000000000000114e+02
2.867200000000000000e+04 1.341999999999999886e+02
2.969600000000000000e+04 3.566999999999999886e+02
3.072000000000000000e+04 1.281999999999999886e+02
3.174400000000000000e+04 1.550000000000000000e+02
3.276800000000000000e+04 2.128000000000000114e+02
3.379200000000000000e+04 1.174000000000000057e+02
3.481600000000000000e+04 1.376999999999999886e+02
3.584000000000000000e+04 1.459000000000000057e+02
3.686400000000000000e+04 4.153000000000000114e+02
3.788800000000000000e+04 1.340999999999999943e+02
3.891200000000000000e+04 1.175000000000000000e+02
3.993600000000000000e+04 1.308000000000000114e+02
4.096000000000000000e+04 1.354000000000000057e+02
4.198400000000000000e+04 1.396999999999999886e+02
4.300800000000000000e+04 1.574000000000000057e+02
4.403200000000000000e+04 1.421999999999999886e+02
4.505600000000000000e+04 3.218999999999999773e+02
4.608000000000000000e+04 3.561999999999999886e+02
4.710400000000000000e+04 1.368000000000000114e+02
4.812800000000000000e+04 8.909999999999999432e+01
4.915200000000000000e+04 2.855000000000000000e+02
5.017600000000000000e+04 2.321999999999999886e+02
5.120000000000000000e+04 1.546999999999999886e+02
5.222400000000000000e+04 2.001999999999999886e+02
5.324800000000000000e+04 1.410000000000000000e+02
5.427200000000000000e+04 3.038000000000000114e+02
5.529600000000000000e+04 1.871999999999999886e+02
5.632000000000000000e+04 3.148999999999999773e+02
5.734400000000000000e+04 1.483000000000000114e+02
5.836800000000000000e+04 1.505999999999999943e+02
5.939200000000000000e+04 4.471999999999999886e+02
6.041600000000000000e+04 1.725000000000000000e+02
6.144000000000000000e+04 3.280000000000000000e+02
6.246400000000000000e+04 2.691999999999999886e+02
6.348800000000000000e+04 2.346999999999999886e+02
6.451200000000000000e+04 1.411999999999999886e+02
6.553600000000000000e+04 3.853000000000000114e+02
6.656000000000000000e+04 6.370000000000000284e+01
6.758400000000000000e+04 3.123000000000000114e+02
6.860800000000000000e+04 5.000000000000000000e+02
6.963200000000000000e+04 1.565999999999999943e+02
7.065600000000000000e+04 1.956999999999999886e+02
7.168000000000000000e+04 3.518000000000000114e+02
7.270400000000000000e+04 4.663999999999999773e+02
7.372800000000000000e+04 3.985000000000000000e+02
7.475200000000000000e+04 1.162000000000000028e+02
7.577600000000000000e+04 1.468000000000000114e+02
7.680000000000000000e+04 2.369000000000000057e+02
7.782400000000000000e+04 1.534000000000000057e+02
7.884800000000000000e+04 2.530999999999999943e+02
7.987200000000000000e+04 5.000000000000000000e+02
8.089600000000000000e+04 5.000000000000000000e+02
8.192000000000000000e+04 1.651999999999999886e+02
8.294400000000000000e+04 3.505000000000000000e+02
8.396800000000000000e+04 3.268999999999999773e+02
8.499200000000000000e+04 1.345000000000000000e+02
8.601600000000000000e+04 4.226999999999999886e+02
8.704000000000000000e+04 3.478000000000000114e+02
8.806400000000000000e+04 4.503999999999999773e+02
8.908800000000000000e+04 3.313000000000000114e+02
9.011200000000000000e+04 2.221999999999999886e+02
9.113600000000000000e+04 1.319000000000000057e+02
9.216000000000000000e+04 1.222000000000000028e+02
9.318400000000000000e+04 1.300000000000000000e+02
9.420800000000000000e+04 1.242000000000000028e+02
9.523200000000000000e+04 5.000000000000000000e+02
9.625600000000000000e+04 3.581000000000000227e+02
9.728000000000000000e+04 4.471000000000000227e+02
9.830400000000000000e+04 3.183999999999999773e+02
9.932800000000000000e+04 1.304000000000000057e+02
1.003520000000000000e+05 5.000000000000000000e+02
1.013760000000000000e+05 5.000000000000000000e+02
