0.000000000000000000e+00 1.559999999999999964e+01
1.024000000000000000e+03 2.369999999999999929e+01
2.048000000000000000e+03 5.489999999999999858e+01
3.072000000000000000e+03 6.740000000000000568e+01
4.096000000000000000e+03 1.025000000000000000e+02
5.120000000000000000e+03 8.020000000000000284e+01
6.144000000000000000e+03 6.279999999999999716e+01
7.168000000000000000e+03 5.610000000000000142e+01
8.192000000000000000e+03 6.670000000000000284e+01
9.216000000000000000e+03 6.070000000000000284e+01
1.024000000000000000e+04 5.960000000000000142e+01
1.126400000000000000e+04 7.109999999999999432e+01
1.228800000000000000e+04 9.179999999999999716e+01
1.331200000000000000e+04 9.120000000000000284e+01
1.433600000000000000e+04 1.194000000000000057e+02
1.536000000000000000e+04 8.729999999999999716e+01
1.638400000000000000e+04 1.035999999999999943e+02
1.740800000000000000e+04 1.524000000000000057e+02
1.843200000000000000e+04 8.829999999999999716e+01
1.945600000000000000e+04 1.871999999999999886e+02
2.048000000000000000e+04 3.613999999999999773e+02
2.150400000000000000e+04 1.425999999999999943e+02
2.252800000000000000e+04 9.390000000000000568e+01
2.355200000000000000e+04 1.851999999999999886e+02
2.457600000000000000e+04 1.341999999999999886e+02
2.560000000000000000e+04 3.201000000000000227e+02
2.662400000000000000e+04 3.623000000000000114e+02
2.764800000000000000e+04 1.931999999999999886e+02
2.867200000000000000e+04 2.298000000000000114e+02
2.969600000000000000e+04 2.108000000000000114e+02
3.072000000000000000e+04 1.167999999999999972e+02
3.174400000000000000e+04 1.966999999999999886e+02
3.276800000000000000e+04 1.825000000000000000e+02
3.379200000000000000e+04 1.399000000000000057e+02
3.481600000000000000e+04 1.979000000000000057e+02
3.584000000000000000e+04 1.438000000000000114e+02
3.686400000000000000e+04 1.450000000000000000e+02
3.788800000000000000e+04 1.125999999999999943e+02
3.891200000000000000e+04 9.579999999999999716e+01
3.993600000000000000e+04 2.355999999999999943e+02
4.096000000000000000e+04 2.075000000000000000e+02
4.198400000000000000e+04 1.443000000000000114e+02
4.300800000000000000e+04 2.068000000000000114e+02
4.403200000000000000e+04 5.000000000000000000e+02
4.505600000000000000e+04 1.445999999999999943e+02
4.608000000000000000e+04 1.783000000000000114e+02
4.710400000000000000e+04 2.049000000000000057e+02
4.812800000000000000e+04 1.490000000000000000e+02
4.915200000000000000e+04 4.553999999999999773e+02
5.017600000000000000e+04 1.633000000000000114e+02
5.120000000000000000e+04 1.440999999999999943e+02
5.222400000000000000e+04 1.375999999999999943e+02
5.324800000000000000e+04 1.830000000000000000e+02
5.427200000000000000e+04 1.421999999999999886e+02
5.529600000000000000e+04 1.530000000000000000e+02
5.632000000000000000e+04 1.578000000000000114e+02
5.734400000000000000e+04 1.561999999999999886e+02
5.836800000000000000e+04 1.478000000000000114e+02
5.939200000000000000e+04 2.155999999999999943e+02
6.041600000000000000e+04 1.776999999999999886e+02
6.144000000000000000e+04 1.515999999999999943e+02
6.246400000000000000e+04 1.130999999999999943e+02
6.348800000000000000e+04 1.630999999999999943e+02
6.451200000000000000e+04 1.888000000000000114e+02
6.553600000000000000e+04 1.920000000000000000e+02
6.656000000000000000e+04 1.094000000000000057e+02
6.758400000000000000e+04 1.630000000000000000e+02
6.860800000000000000e+04 1.625000000000000000e+02
6.963200000000000000e+04 1.275000000000000000e+02
7.065600000000000000e+04 1.704000000000000057e+02
7.168000000000000000e+04 2.045000000000000000e+02
7.270400000000000000e+04 1.606999999999999886e+02
7.372800000000000000e+04 2.420000000000000000e+02
7.475200000000000000e+04 1.775000000000000000e+02
7.577600000000000000e+04 1.366999999999999886e+02
7.680000000000000000e+04 1.070000000000000000e+02
7.782400000000000000e+04 1.468000000000000114e+02
7.884800000000000000e+04 6.900000000000000000e+01
7.987200000000000000e+04 4.910000000000000142e+01
8.089600000000000000e+04 3.210000000000000142e+01
8.192000000000000000e+04 1.750000000000000000e+01
8.294400000000000000e+04 1.700000000000000000e+01
8.396800000000000000e+04 2.589999999999999858e+01
8.499200000000000000e+04 2.619999999999999929e+01
8.601600000000000000e+04 3.410000000000000142e+01
8.704000000000000000e+04 3.260000000000000142e+01
8.806400000000000000e+04 3.700000000000000000e+01
8.908800000000000000e+04 2.560000000000000142e+01
9.011200000000000000e+04 3.080000000000000071e+01
9.113600000000000000e+04 3.343999999999999773e+02
9.216000000000000000e+04 2.630000000000000071e+01
9.318400000000000000e+04 1.680000000000000071e+01
9.420800000000000000e+04 2.180000000000000071e+01
9.523200000000000000e+04 2.260000000000000142e+01
9.625600000000000000e+04 3.370000000000000284e+01
9.728000000000000000e+04 1.197000000000000028e+02
9.830400000000000000e+04 2.325999999999999943e+02
9.932800000000000000e+04 2.823999999999999773e+02
1.003520000000000000e+05 5.000000000000000000e+02
1.013760000000000000e+05 4.911000000000000227e+02
