0.000000000000000000e+00 5.760000000000000142e+01
1.024000000000000000e+03 3.679999999999999716e+01
2.048000000000000000e+03 2.980000000000000071e+01
3.072000000000000000e+03 5.710000000000000142e+01
4.096000000000000000e+03 5.370000000000000284e+01
5.120000000000000000e+03 5.400000000000000000e+01
6.144000000000000000e+03 5.979999999999999716e+01
7.168000000000000000e+03 5.379999999999999716e+01
8.192000000000000000e+03 5.260000000000000142e+01
9.216000000000000000e+03 3.750000000000000000e+01
1.024000000000000000e+04 6.740000000000000568e+01
1.126400000000000000e+04 6.179999999999999716e+01
1.228800000000000000e+04 5.420000000000000284e+01
1.331200000000000000e+04 7.529999999999999716e+01
1.433600000000000000e+04 6.470000000000000284e+01
1.536000000000000000e+04 9.309999999999999432e+01
1.638400000000000000e+04 4.679999999999999716e+01
1.740800000000000000e+04 8.000000000000000000e+01
1.843200000000000000e+04 9.790000000000000568e+01
1.945600000000000000e+04 1.990999999999999943e+02
2.048000000000000000e+04 1.155000000000000000e+02
2.150400000000000000e+04 6.570000000000000284e+01
2.252800000000000000e+04 1.170000000000000000e+02
2.355200000000000000e+04 1.376999999999999886e+02
2.457600000000000000e+04 5.850000000000000000e+01
2.560000000000000000e+04 2.053000000000000114e+02
2.662400000000000000e+04 3.910000000000000142e+01
2.764800000000000000e+04 1.786999999999999886e+02
2.867200000000000000e+04 2.239000000000000057e+02
2.969600000000000000e+04 1.269000000000000057e+02
3.072000000000000000e+04 2.200999999999999943e+02
3.174400000000000000e+04 1.820999999999999943e+02
3.276800000000000000e+04 2.401999999999999886e+02
3.379200000000000000e+04 2.461999999999999886e+02
3.481600000000000000e+04 1.895999999999999943e+02
3.584000000000000000e+04 2.151999999999999886e+02
3.686400000000000000e+04 2.086999999999999886e+02
3.788800000000000000e+04 1.378000000000000114e+02
3.891200000000000000e+04 1.490999999999999943e+02
3.993600000000000000e+04 1.833000000000000114e+02
4.096000000000000000e+04 2.515000000000000000e+02
4.198400000000000000e+04 2.140000000000000000e+02
4.300800000000000000e+04 2.204000000000000057e+02
4.403200000000000000e+04 1.561999999999999886e+02
4.505600000000000000e+04 1.410999999999999943e+02
4.608000000000000000e+04 1.649000000000000057e+02
4.710400000000000000e+04 1.745000000000000000e+02
4.812800000000000000e+04 2.008000000000000114e+02
4.915200000000000000e+04 1.985999999999999943e+02
5.017600000000000000e+04 2.178000000000000114e+02
5.120000000000000000e+04 1.609000000000000057e+02
5.222400000000000000e+04 1.669000000000000057e+02
5.324800000000000000e+04 1.418000000000000114e+02
5.427200000000000000e+04 8.909999999999999432e+01
5.529600000000000000e+04 1.090999999999999943e+02
5.632000000000000000e+04 1.973000000000000114e+02
5.734400000000000000e+04 7.100000000000000000e+01
5.836800000000000000e+04 1.345000000000000000e+02
5.939200000000000000e+04 1.818000000000000114e+02
6.041600000000000000e+04 1.645000000000000000e+02
6.144000000000000000e+04 2.245999999999999943e+02
6.246400000000000000e+04 1.770999999999999943e+02
6.348800000000000000e+04 3.335000000000000000e+02
6.451200000000000000e+04 2.651999999999999886e+02
6.553600000000000000e+04 2.776999999999999886e+02
6.656000000000000000e+04 4.013999999999999773e+02
6.758400000000000000e+04 3.338999999999999773e+02
6.860800000000000000e+04 2.881999999999999886e+02
6.963200000000000000e+04 2.436999999999999886e+02
7.065600000000000000e+04 9.959999999999999432e+01
7.168000000000000000e+04 1.269000000000000057e+02
7.270400000000000000e+04 1.824000000000000057e+02
7.372800000000000000e+04 2.726999999999999886e+02
7.475200000000000000e+04 2.446999999999999886e+02
7.577600000000000000e+04 2.608000000000000114e+02
7.680000000000000000e+04 2.566999999999999886e+02
7.782400000000000000e+04 2.406999999999999886e+02
7.884800000000000000e+04 1.590999999999999943e+02
7.987200000000000000e+04 1.915999999999999943e+02
8.089600000000000000e+04 1.325000000000000000e+02
8.192000000000000000e+04 1.087999999999999972e+02
8.294400000000000000e+04 1.080999999999999943e+02
8.396800000000000000e+04 1.162999999999999972e+02
8.499200000000000000e+04 1.446999999999999886e+02
8.601600000000000000e+04 3.020000000000000000e+02
8.704000000000000000e+04 2.931000000000000227e+02
8.806400000000000000e+04 3.406999999999999886e+02
8.908800000000000000e+04 1.257000000000000028e+02
9.011200000000000000e+04 1.097999999999999972e+02
9.113600000000000000e+04 1.401999999999999886e+02
9.216000000000000000e+04 1.529000000000000057e+02
9.318400000000000000e+04 1.207000000000000028e+02
9.420800000000000000e+04 1.300000000000000000e+02
9.523200000000000000e+04 9.390000000000000568e+01
9.625600000000000000e+04 1.430000000000000000e+02
9.728000000000000000e+04 1.358000000000000114e+02
9.830400000000000000e+04 1.710000000000000000e+02
9.932800000000000000e+04 2.074000000000000057e+02
1.003520000000000000e+05 2.848000000000000114e+02
1.013760000000000000e+05 3.128000000000000114e+02
