0.000000000000000000e+00 1.319999999999999929e+01
1.024000000000000000e+03 3.069999999999999929e+01
2.048000000000000000e+03 4.120000000000000284e+01
3.072000000000000000e+03 8.350000000000000000e+01
4.096000000000000000e+03 7.090000000000000568e+01
5.120000000000000000e+03 6.850000000000000000e+01
6.144000000000000000e+03 8.559999999999999432e+01
7.168000000000000000e+03 6.750000000000000000e+01
8.192000000000000000e+03 8.740000000000000568e+01
9.216000000000000000e+03 1.229000000000000057e+02
1.024000000000000000e+04 1.094000000000000057e+02
1.126400000000000000e+04 2.530999999999999943e+02
1.228800000000000000e+04 2.265000000000000000e+02
1.331200000000000000e+04 7.079999999999999716e+01
1.433600000000000000e+04 1.565000000000000000e+02
1.536000000000000000e+04 1.560000000000000000e+02
1.638400000000000000e+04 1.670000000000000000e+02
1.740800000000000000e+04 8.690000000000000568e+01
1.843200000000000000e+04 1.738000000000000114e+02
1.945600000000000000e+04 1.212000000000000028e+02
2.048000000000000000e+04 1.313000000000000114e+02
2.150400000000000000e+04 1.646999999999999886e+02
2.252800000000000000e+04 1.785000000000000000e+02
2.355200000000000000e+04 2.355999999999999943e+02
2.457600000000000000e+04 2.828999999999999773e+02
2.560000000000000000e+04 3.301999999999999886e+02
2.662400000000000000e+04 1.199000000000000057e+02
2.764800000000000000e+04 2.170000000000000000e+02
2.867200000000000000e+04 1.204000000000000057e+02
2.969600000000000000e+04 2.875000000000000000e+02
3.072000000000000000e+04 2.036999999999999886e+02
3.174400000000000000e+04 2.311999999999999886e+02
3.276800000000000000e+04 7.370000000000000284e+01
3.379200000000000000e+04 3.258999999999999773e+02
3.481600000000000000e+04 4.916999999999999886e+02
3.584000000000000000e+04 2.503000000000000114e+02
3.686400000000000000e+04 1.219000000000000057e+02
3.788800000000000000e+04 1.481999999999999886e+02
3.891200000000000000e+04 1.776999999999999886e+02
3.993600000000000000e+04 1.760000000000000000e+02
4.096000000000000000e+04 1.385000000000000000e+02
4.198400000000000000e+04 1.370000000000000000e+02
4.300800000000000000e+04 4.978000000000000114e+02
4.403200000000000000e+04 2.234000000000000057e+02
4.505600000000000000e+04 5.000000000000000000e+02
4.608000000000000000e+04 4.920000000000000000e+02
4.710400000000000000e+04 1.237999999999999972e+02
4.812800000000000000e+04 1.157000000000000028e+02
4.915200000000000000e+04 1.318000000000000114e+02
5.017600000000000000e+04 1.316999999999999886e+02
5.120000000000000000e+04 4.898000000000000114e+02
5.222400000000000000e+04 2.683000000000000114e+02
5.324800000000000000e+04 1.948000000000000114e+02
5.427200000000000000e+04 3.036000000000000227e+02
5.529600000000000000e+04 1.340000000000000000e+02
5.632000000000000000e+04 1.373000000000000114e+02
5.734400000000000000e+04 1.192000000000000028e+02
5.836800000000000000e+04 4.000000000000000000e+01
5.939200000000000000e+04 1.666999999999999886e+02
6.041600000000000000e+04 1.293000000000000114e+02
6.144000000000000000e+04 2.534000000000000057e+02
6.246400000000000000e+04 4.661000000000000227e+02
6.348800000000000000e+04 5.000000000000000000e+02
6.451200000000000000e+04 2.886000000000000227e+02
6.553600000000000000e+04 1.336999999999999886e+02
6.656000000000000000e+04 2.936999999999999886e+02
6.758400000000000000e+04 1.480000000000000000e+02
6.860800000000000000e+04 9.620000000000000284e+01
6.963200000000000000e+04 8.470000000000000284e+01
7.065600000000000000e+04 1.990000000000000000e+02
7.168000000000000000e+04 2.113000000000000114e+02
7.270400000000000000e+04 2.035000000000000000e+02
7.372800000000000000e+04 1.435000000000000000e+02
7.475200000000000000e+04 2.250999999999999943e+02
7.577600000000000000e+04 3.928999999999999773e+02
7.680000000000000000e+04 2.105999999999999943e+02
7.782400000000000000e+04 5.000000000000000000e+02
7.884800000000000000e+04 4.340000000000000000e+02
7.987200000000000000e+04 4.206999999999999886e+02
8.089600000000000000e+04 2.801999999999999886e+02
8.192000000000000000e+04 2.281999999999999886e+02
8.294400000000000000e+04 1.505999999999999943e+02
8.396800000000000000e+04 2.761999999999999886e+02
8.499200000000000000e+04 1.526999999999999886e+02
8.601600000000000000e+04 3.281999999999999886e+02
8.704000000000000000e+04 1.571999999999999886e+02
8.806400000000000000e+04 4.681000000000000227e+02
8.908800000000000000e+04 4.191999999999999886e+02
9.011200000000000000e+04 4.721000000000000227e+02
9.113600000000000000e+04 6.520000000000000284e+01
9.216000000000000000e+04 1.501999999999999886e+02
9.318400000000000000e+04 2.030000000000000000e+02
9.420800000000000000e+04 3.465000000000000000e+02
9.523200000000000000e+04 3.876000000000000227e+02
9.625600000000000000e+04 5.000000000000000000e+02
9.728000000000000000e+04 4.801999999999999886e+02
9.830400000000000000e+04 1.910999999999999943e+02
9.932800000000000000e+04 1.868000000000000114e+02
1.003520000000000000e+05 2.445000000000000000e+02
1.013760000000000000e+05 1.272000000000000028e+02
