0.000000000000000000e+00 2.810000000000000142e+01
1.024000000000000000e+03 2.900000000000000000e+01
2.048000000000000000e+03 7.090000000000000568e+01
3.072000000000000000e+03 5.579999999999999716e+01
4.096000000000000000e+03 5.179999999999999716e+01
5.120000000000000000e+03 5.210000000000000142e+01
6.144000000000000000e+03 5.150000000000000000e+01
7.168000000000000000e+03 5.989999999999999858e+01
8.192000000000000000e+03 6.260000000000000142e+01
9.216000000000000000e+03 4.929999999999999716e+01
1.024000000000000000e+04 5.379999999999999716e+01
1.126400000000000000e+04 6.260000000000000142e+01
1.228800000000000000e+04 6.300000000000000000e+01
1.331200000000000000e+04 6.990000000000000568e+01
1.433600000000000000e+04 7.429999999999999716e+01
1.536000000000000000e+04 5.500000000000000000e+01
1.638400000000000000e+04 7.250000000000000000e+01
1.740800000000000000e+04 5.300000000000000000e+01
1.843200000000000000e+04 8.650000000000000000e+01
1.945600000000000000e+04 5.100000000000000000e+01
2.048000000000000000e+04 7.300000000000000000e+01
2.150400000000000000e+04 1.177000000000000028e+02
2.252800000000000000e+04 1.157999999999999972e+02
2.355200000000000000e+04 5.910000000000000142e+01
2.457600000000000000e+04 9.309999999999999432e+01
2.560000000000000000e+04 1.110000000000000000e+02
2.662400000000000000e+04 5.420000000000000284e+01
2.764800000000000000e+04 9.529999999999999716e+01
2.867200000000000000e+04 1.212000000000000028e+02
2.969600000000000000e+04 1.390000000000000000e+02
3.072000000000000000e+04 1.375999999999999943e+02
3.174400000000000000e+04 1.439000000000000057e+02
3.276800000000000000e+04 1.721999999999999886e+02
3.379200000000000000e+04 1.015999999999999943e+02
3.481600000000000000e+04 9.159999999999999432e+01
3.584000000000000000e+04 2.476999999999999886e+02
3.686400000000000000e+04 1.240999999999999943e+02
3.788800000000000000e+04 1.468000000000000114e+02
3.891200000000000000e+04 1.774000000000000057e+02
3.993600000000000000e+04 1.799000000000000057e+02
4.096000000000000000e+04 2.453000000000000114e+02
4.198400000000000000e+04 2.670000000000000000e+02
4.300800000000000000e+04 2.379000000000000057e+02
4.403200000000000000e+04 3.198999999999999773e+02
4.505600000000000000e+04 3.238999999999999773e+02
4.608000000000000000e+04 2.486999999999999886e+02
4.710400000000000000e+04 2.515000000000000000e+02
4.812800000000000000e+04 2.219000000000000057e+02
4.915200000000000000e+04 1.675000000000000000e+02
5.017600000000000000e+04 2.073000000000000114e+02
5.120000000000000000e+04 1.205000000000000000e+02
5.222400000000000000e+04 1.137000000000000028e+02
5.324800000000000000e+04 1.115000000000000000e+02
5.427200000000000000e+04 3.970000000000000284e+01
5.529600000000000000e+04 6.010000000000000142e+01
5.632000000000000000e+04 7.070000000000000284e+01
5.734400000000000000e+04 1.306999999999999886e+02
5.836800000000000000e+04 1.152999999999999972e+02
5.939200000000000000e+04 1.389000000000000057e+02
6.041600000000000000e+04 1.431999999999999886e+02
6.144000000000000000e+04 2.486999999999999886e+02
6.246400000000000000e+04 1.499000000000000057e+02
6.348800000000000000e+04 2.425000000000000000e+02
6.451200000000000000e+04 2.281999999999999886e+02
6.553600000000000000e+04 3.373999999999999773e+02
6.656000000000000000e+04 1.728000000000000114e+02
6.758400000000000000e+04 2.185000000000000000e+02
6.860800000000000000e+04 2.561999999999999886e+02
6.963200000000000000e+04 3.005000000000000000e+02
7.065600000000000000e+04 1.880000000000000000e+02
7.168000000000000000e+04 1.696999999999999886e+02
7.270400000000000000e+04 1.465000000000000000e+02
7.372800000000000000e+04 1.275999999999999943e+02
7.475200000000000000e+04 2.415999999999999943e+02
7.577600000000000000e+04 3.076999999999999886e+02
7.680000000000000000e+04 2.996999999999999886e+02
7.782400000000000000e+04 2.518000000000000114e+02
7.884800000000000000e+04 2.706000000000000227e+02
7.987200000000000000e+04 3.221999999999999886e+02
8.089600000000000000e+04 2.646000000000000227e+02
8.192000000000000000e+04 1.748000000000000114e+02
8.294400000000000000e+04 3.175000000000000000e+02
8.396800000000000000e+04 3.373000000000000114e+02
8.499200000000000000e+04 2.320999999999999943e+02
8.601600000000000000e+04 1.345999999999999943e+02
8.704000000000000000e+04 1.505999999999999943e+02
8.806400000000000000e+04 1.405000000000000000e+02
8.908800000000000000e+04 1.711999999999999886e+02
9.011200000000000000e+04 2.403000000000000114e+02
9.113600000000000000e+04 2.380999999999999943e+02
9.216000000000000000e+04 2.540999999999999943e+02
9.318400000000000000e+04 2.288000000000000114e+02
9.420800000000000000e+04 2.121999999999999886e+02
9.523200000000000000e+04 2.250000000000000000e+02
9.625600000000000000e+04 2.678000000000000114e+02
9.728000000000000000e+04 2.326999999999999886e+02
9.830400000000000000e+04 2.461999999999999886e+02
9.932800000000000000e+04 3.130000000000000000e+02
1.003520000000000000e+05 1.960000000000000000e+02
1.013760000000000000e+05 1.881999999999999886e+02
