0.000000000000000000e+00 2.469999999999999929e+01
1.024000000000000000e+03 1.660000000000000142e+01
2.048000000000000000e+03 2.400000000000000000e+01
3.072000000000000000e+03 2.719999999999999929e+01
4.096000000000000000e+03 3.060000000000000142e+01
5.120000000000000000e+03 3.189999999999999858e+01
6.144000000000000000e+03 3.960000000000000142e+01
7.168000000000000000e+03 2.730000000000000071e+01
8.192000000000000000e+03 4.010000000000000142e+01
9.216000000000000000e+03 4.970000000000000284e+01
1.024000000000000000e+04 5.579999999999999716e+01
1.126400000000000000e+04 4.470000000000000284e+01
1.228800000000000000e+04 4.620000000000000284e+01
1.331200000000000000e+04 4.689999999999999858e+01
1.433600000000000000e+04 5.600000000000000000e+01
1.536000000000000000e+04 5.550000000000000000e+01
1.638400000000000000e+04 5.770000000000000284e+01
1.740800000000000000e+04 5.489999999999999858e+01
1.843200000000000000e+04 6.809999999999999432e+01
1.945600000000000000e+04 6.620000000000000284e+01
2.048000000000000000e+04 6.490000000000000568e+01
2.150400000000000000e+04 6.770000000000000284e+01
2.252800000000000000e+04 6.840000000000000568e+01
2.355200000000000000e+04 8.750000000000000000e+01
2.457600000000000000e+04 1.558000000000000114e+02
2.560000000000000000e+04 1.376999999999999886e+02
2.662400000000000000e+04 1.510999999999999943e+02
2.764800000000000000e+04 1.550999999999999943e+02
2.867200000000000000e+04 1.666999999999999886e+02
2.969600000000000000e+04 1.735000000000000000e+02
3.072000000000000000e+04 6.720000000000000284e+01
3.174400000000000000e+04 2.621000000000000227e+02
3.276800000000000000e+04 1.070999999999999943e+02
3.379200000000000000e+04 9.000000000000000000e+01
3.481600000000000000e+04 2.175999999999999943e+02
3.584000000000000000e+04 1.634000000000000057e+02
3.686400000000000000e+04 2.660000000000000000e+02
3.788800000000000000e+04 2.265999999999999943e+02
3.891200000000000000e+04 2.256999999999999886e+02
3.993600000000000000e+04 1.616999999999999886e+02
4.096000000000000000e+04 1.711999999999999886e+02
4.198400000000000000e+04 1.610000000000000000e+02
4.300800000000000000e+04 3.268000000000000114e+02
4.403200000000000000e+04 2.373000000000000114e+02
4.505600000000000000e+04 2.330000000000000000e+02
4.608000000000000000e+04 1.479000000000000057e+02
4.710400000000000000e+04 1.270000000000000000e+02
4.812800000000000000e+04 2.568000000000000114e+02
4.915200000000000000e+04 2.393000000000000114e+02
5.017600000000000000e+04 2.875000000000000000e+02
5.120000000000000000e+04 2.081999999999999886e+02
5.222400000000000000e+04 1.879000000000000057e+02
5.324800000000000000e+04 2.410999999999999943e+02
5.427200000000000000e+04 2.645000000000000000e+02
5.529600000000000000e+04 2.031999999999999886e+02
5.632000000000000000e+04 2.456999999999999886e+02
5.734400000000000000e+04 3.458999999999999773e+02
5.836800000000000000e+04 3.290000000000000000e+02
5.939200000000000000e+04 2.551999999999999886e+02
6.041600000000000000e+04 2.521999999999999886e+02
6.144000000000000000e+04 3.056000000000000227e+02
6.246400000000000000e+04 1.918000000000000114e+02
6.348800000000000000e+04 1.953000000000000114e+02
6.451200000000000000e+04 1.819000000000000057e+02
6.553600000000000000e+04 2.626000000000000227e+02
6.656000000000000000e+04 2.818000000000000114e+02
6.758400000000000000e+04 4.950000000000000000e+02
6.860800000000000000e+04 4.768000000000000114e+02
6.963200000000000000e+04 4.996999999999999886e+02
7.065600000000000000e+04 3.831999999999999886e+02
7.168000000000000000e+04 2.686999999999999886e+02
7.270400000000000000e+04 3.261999999999999886e+02
7.372800000000000000e+04 2.220000000000000000e+02
7.475200000000000000e+04 3.181000000000000227e+02
7.577600000000000000e+04 3.793000000000000114e+02
7.680000000000000000e+04 3.618000000000000114e+02
7.782400000000000000e+04 4.436999999999999886e+02
7.884800000000000000e+04 4.636999999999999886e+02
7.987200000000000000e+04 3.556000000000000227e+02
8.089600000000000000e+04 2.196999999999999886e+02
8.192000000000000000e+04 2.611000000000000227e+02
8.294400000000000000e+04 2.471999999999999886e+02
8.396800000000000000e+04 3.001999999999999886e+02
8.499200000000000000e+04 2.791000000000000227e+02
8.601600000000000000e+04 3.458999999999999773e+02
8.704000000000000000e+04 2.525000000000000000e+02
8.806400000000000000e+04 3.191999999999999886e+02
8.908800000000000000e+04 1.480000000000000000e+02
9.011200000000000000e+04 2.348000000000000114e+02
9.113600000000000000e+04 2.373000000000000114e+02
9.216000000000000000e+04 2.630000000000000000e+02
9.318400000000000000e+04 3.050000000000000000e+02
9.420800000000000000e+04 4.083999999999999773e+02
9.523200000000000000e+04 2.906999999999999886e+02
9.625600000000000000e+04 1.393000000000000114e+02
9.728000000000000000e+04 1.426999999999999886e+02
9.830400000000000000e+04 1.363000000000000114e+02
9.932800000000000000e+04 3.696999999999999886e+02
1.003520000000000000e+05 3.273000000000000114e+02
1.013760000000000000e+05 1.162999999999999972e+02
