0.000000000000000000e+00 1.980000000000000071e+01
1.024000000000000000e+03 3.860000000000000142e+01
2.048000000000000000e+03 4.389999999999999858e+01
3.072000000000000000e+03 2.889999999999999858e+01
4.096000000000000000e+03 4.739999999999999858e+01
5.120000000000000000e+03 3.119999999999999929e+01
6.144000000000000000e+03 7.550000000000000000e+01
7.168000000000000000e+03 6.529999999999999716e+01
8.192000000000000000e+03 5.900000000000000000e+01
9.216000000000000000e+03 8.920000000000000284e+01
1.024000000000000000e+04 5.470000000000000284e+01
1.126400000000000000e+04 4.539999999999999858e+01
1.228800000000000000e+04 7.390000000000000568e+01
1.331200000000000000e+04 7.950000000000000000e+01
1.433600000000000000e+04 4.039999999999999858e+01
1.536000000000000000e+04 3.910000000000000142e+01
1.638400000000000000e+04 1.020999999999999943e+02
1.740800000000000000e+04 6.620000000000000284e+01
1.843200000000000000e+04 1.037999999999999972e+02
1.945600000000000000e+04 1.165999999999999943e+02
2.048000000000000000e+04 3.839999999999999858e+01
2.150400000000000000e+04 5.989999999999999858e+01
2.252800000000000000e+04 1.252000000000000028e+02
2.355200000000000000e+04 4.820000000000000284e+01
2.457600000000000000e+04 1.129000000000000057e+02
2.560000000000000000e+04 9.259999999999999432e+01
2.662400000000000000e+04 1.455000000000000000e+02
2.764800000000000000e+04 6.459999999999999432e+01
2.867200000000000000e+04 6.360000000000000142e+01
2.969600000000000000e+04 1.356999999999999886e+02
3.072000000000000000e+04 1.525000000000000000e+02
3.174400000000000000e+04 1.257999999999999972e+02
3.276800000000000000e+04 1.593000000000000114e+02
3.379200000000000000e+04 1.525999999999999943e+02
3.481600000000000000e+04 7.979999999999999716e+01
3.584000000000000000e+04 8.970000000000000284e+01
3.686400000000000000e+04 7.759999999999999432e+01
3.788800000000000000e+04 3.800000000000000000e+01
3.891200000000000000e+04 3.289999999999999858e+01
3.993600000000000000e+04 4.029999999999999716e+01
4.096000000000000000e+04 4.489999999999999858e+01
4.198400000000000000e+04 1.738000000000000114e+02
4.300800000000000000e+04 6.079999999999999716e+01
4.403200000000000000e+04 1.150000000000000000e+02
4.505600000000000000e+04 6.679999999999999716e+01
4.608000000000000000e+04 7.840000000000000568e+01
4.710400000000000000e+04 1.660000000000000000e+02
4.812800000000000000e+04 1.790999999999999943e+02
4.915200000000000000e+04 8.390000000000000568e+01
5.017600000000000000e+04 1.649000000000000057e+02
5.120000000000000000e+04 1.403000000000000114e+02
5.222400000000000000e+04 5.939999999999999858e+01
5.324800000000000000e+04 5.260000000000000142e+01
5.427200000000000000e+04 4.529999999999999716e+01
5.529600000000000000e+04 4.110000000000000142e+01
5.632000000000000000e+04 4.000000000000000000e+01
5.734400000000000000e+04 2.900000000000000000e+01
5.836800000000000000e+04 4.689999999999999858e+01
5.939200000000000000e+04 7.929999999999999716e+01
6.041600000000000000e+04 1.094000000000000057e+02
6.144000000000000000e+04 1.944000000000000057e+02
6.246400000000000000e+04 2.425000000000000000e+02
6.348800000000000000e+04 1.765000000000000000e+02
6.451200000000000000e+04 1.918000000000000114e+02
6.553600000000000000e+04 1.451999999999999886e+02
6.656000000000000000e+04 1.311999999999999886e+02
6.758400000000000000e+04 3.110000000000000142e+01
6.860800000000000000e+04 8.659999999999999432e+01
6.963200000000000000e+04 1.689000000000000057e+02
7.065600000000000000e+04 1.055999999999999943e+02
7.168000000000000000e+04 1.289000000000000057e+02
7.270400000000000000e+04 1.381999999999999886e+02
7.372800000000000000e+04 1.570999999999999943e+02
7.475200000000000000e+04 1.796999999999999886e+02
7.577600000000000000e+04 1.438000000000000114e+02
7.680000000000000000e+04 1.695999999999999943e+02
7.782400000000000000e+04 1.440999999999999943e+02
7.884800000000000000e+04 1.336999999999999886e+02
7.987200000000000000e+04 1.639000000000000057e+02
8.089600000000000000e+04 1.569000000000000057e+02
8.192000000000000000e+04 2.004000000000000057e+02
8.294400000000000000e+04 1.197000000000000028e+02
8.396800000000000000e+04 1.159000000000000057e+02
8.499200000000000000e+04 1.150999999999999943e+02
8.601600000000000000e+04 1.609000000000000057e+02
8.704000000000000000e+04 1.370000000000000000e+02
8.806400000000000000e+04 1.438000000000000114e+02
8.908800000000000000e+04 8.850000000000000000e+01
9.011200000000000000e+04 2.653999999999999773e+02
9.113600000000000000e+04 4.233000000000000114e+02
9.216000000000000000e+04 3.980000000000000000e+02
9.318400000000000000e+04 3.091999999999999886e+02
9.420800000000000000e+04 4.021999999999999886e+02
9.523200000000000000e+04 1.983000000000000114e+02
9.625600000000000000e+04 1.831999999999999886e+02
9.728000000000000000e+04 1.045000000000000000e+02
9.830400000000000000e+04 2.020000000000000000e+02
9.932800000000000000e+04 1.651999999999999886e+02
1.003520000000000000e+05 1.458000000000000114e+02
1.013760000000000000e+05 1.824000000000000057e+02
