0.000000000000000000e+00 3.100000000000000000e+01
1.024000000000000000e+03 1.739999999999999858e+01
2.048000000000000000e+03 2.550000000000000000e+01
3.072000000000000000e+03 5.210000000000000142e+01
4.096000000000000000e+03 5.920000000000000284e+01
5.120000000000000000e+03 5.410000000000000142e+01
6.144000000000000000e+03 6.250000000000000000e+01
7.168000000000000000e+03 6.509999999999999432e+01
8.192000000000000000e+03 1.035999999999999943e+02
9.216000000000000000e+03 9.000000000000000000e+01
1.024000000000000000e+04 1.705000000000000000e+02
1.126400000000000000e+04 1.610000000000000000e+02
1.228800000000000000e+04 1.333000000000000114e+02
1.331200000000000000e+04 1.754000000000000057e+02
1.433600000000000000e+04 2.039000000000000057e+02
1.536000000000000000e+04 1.249000000000000057e+02
1.638400000000000000e+04 2.318000000000000114e+02
1.740800000000000000e+04 1.330000000000000000e+02
1.843200000000000000e+04 1.603000000000000114e+02
1.945600000000000000e+04 7.390000000000000568e+01
2.048000000000000000e+04 1.483000000000000114e+02
2.150400000000000000e+04 2.563000000000000114e+02
2.252800000000000000e+04 2.390999999999999943e+02
2.355200000000000000e+04 2.355999999999999943e+02
2.457600000000000000e+04 1.613000000000000114e+02
2.560000000000000000e+04 1.065999999999999943e+02
2.662400000000000000e+04 1.363000000000000114e+02
2.764800000000000000e+04 2.873000000000000114e+02
2.867200000000000000e+04 1.796999999999999886e+02
2.969600000000000000e+04 3.015000000000000000e+02
3.072000000000000000e+04 2.231999999999999886e+02
3.174400000000000000e+04 1.495999999999999943e+02
3.276800000000000000e+04 9.679999999999999716e+01
3.379200000000000000e+04 1.941999999999999886e+02
3.481600000000000000e+04 2.249000000000000057e+02
3.584000000000000000e+04 1.311999999999999886e+02
3.686400000000000000e+04 3.045000000000000000e+02
3.788800000000000000e+04 3.610000000000000142e+01
3.891200000000000000e+04 1.435999999999999943e+02
3.993600000000000000e+04 3.186000000000000227e+02
4.096000000000000000e+04 2.191999999999999886e+02
4.198400000000000000e+04 2.796999999999999886e+02
4.300800000000000000e+04 1.730999999999999943e+02
4.403200000000000000e+04 1.631999999999999886e+02
4.505600000000000000e+04 2.630000000000000000e+02
4.608000000000000000e+04 2.478000000000000114e+02
4.710400000000000000e+04 8.629999999999999716e+01
4.812800000000000000e+04 2.394000000000000057e+02
4.915200000000000000e+04 3.058000000000000114e+02
5.017600000000000000e+04 1.285999999999999943e+02
5.120000000000000000e+04 3.886999999999999886e+02
5.222400000000000000e+04 1.022999999999999972e+02
5.324800000000000000e+04 1.330999999999999943e+02
5.427200000000000000e+04 1.331999999999999886e+02
5.529600000000000000e+04 3.273999999999999773e+02
5.632000000000000000e+04 3.740000000000000000e+02
5.734400000000000000e+04 6.509999999999999432e+01
5.836800000000000000e+04 6.000000000000000000e+01
5.939200000000000000e+04 3.596999999999999886e+02
6.041600000000000000e+04 1.441999999999999886e+02
6.144000000000000000e+04 1.499000000000000057e+02
6.246400000000000000e+04 1.678000000000000114e+02
6.348800000000000000e+04 1.519000000000000057e+02
6.451200000000000000e+04 1.775000000000000000e+02
6.553600000000000000e+04 1.232999999999999972e+02
6.656000000000000000e+04 1.398000000000000114e+02
6.758400000000000000e+04 8.120000000000000284e+01
6.860800000000000000e+04 1.656999999999999886e+02
6.963200000000000000e+04 1.237000000000000028e+02
7.065600000000000000e+04 1.660999999999999943e+02
7.168000000000000000e+04 2.898999999999999773e+02
7.270400000000000000e+04 3.003999999999999773e+02
7.372800000000000000e+04 2.006999999999999886e+02
7.475200000000000000e+04 2.561999999999999886e+02
7.577600000000000000e+04 3.275000000000000000e+02
7.680000000000000000e+04 4.246999999999999886e+02
7.782400000000000000e+04 3.673000000000000114e+02
7.884800000000000000e+04 2.264000000000000057e+02
7.987200000000000000e+04 4.360000000000000000e+02
8.089600000000000000e+04 3.565000000000000000e+02
8.192000000000000000e+04 2.996000000000000227e+02
8.294400000000000000e+04 4.293999999999999773e+02
8.396800000000000000e+04 3.155000000000000000e+02
8.499200000000000000e+04 4.593000000000000114e+02
8.601600000000000000e+04 3.543999999999999773e+02
8.704000000000000000e+04 3.616000000000000227e+02
8.806400000000000000e+04 3.288000000000000114e+02
8.908800000000000000e+04 2.159000000000000057e+02
9.011200000000000000e+04 1.909000000000000057e+02
9.113600000000000000e+04 3.543999999999999773e+02
9.216000000000000000e+04 3.713000000000000114e+02
9.318400000000000000e+04 2.613999999999999773e+02
9.420800000000000000e+04 2.806999999999999886e+02
9.523200000000000000e+04 4.078999999999999773e+02
9.625600000000000000e+04 3.586999999999999886e+02
9.728000000000000000e+04 2.056999999999999886e+02
9.830400000000000000e+04 1.395000000000000000e+02
9.932800000000000000e+04 3.538000000000000114e+02
1.003520000000000000e+05 1.654000000000000057e+02
1.013760000000000000e+05 6.550000000000000000e+01
1.024000000000000000e+05 1.219000000000000057e+02
