0.000000000000000000e+00 1.269999999999999929e+01
1.024000000000000000e+03 2.789999999999999858e+01
2.048000000000000000e+03 2.369999999999999929e+01
3.072000000000000000e+03 3.400000000000000000e+01
4.096000000000000000e+03 4.839999999999999858e+01
5.120000000000000000e+03 5.479999999999999716e+01
6.144000000000000000e+03 9.220000000000000284e+01
7.168000000000000000e+03 4.000000000000000000e+01
8.192000000000000000e+03 6.550000000000000000e+01
9.216000000000000000e+03 3.410000000000000142e+01
1.024000000000000000e+04 6.150000000000000000e+01
1.126400000000000000e+04 5.789999999999999858e+01
1.228800000000000000e+04 6.100000000000000000e+01
1.331200000000000000e+04 4.320000000000000284e+01
1.433600000000000000e+04 5.939999999999999858e+01
1.536000000000000000e+04 1.095000000000000000e+02
1.638400000000000000e+04 1.395999999999999943e+02
1.740800000000000000e+04 1.350999999999999943e+02
1.843200000000000000e+04 4.179999999999999716e+01
1.945600000000000000e+04 1.608000000000000114e+02
2.048000000000000000e+04 7.109999999999999432e+01
2.150400000000000000e+04 1.503000000000000114e+02
2.252800000000000000e+04 1.710999999999999943e+02
2.355200000000000000e+04 1.448000000000000114e+02
2.457600000000000000e+04 1.351999999999999886e+02
2.560000000000000000e+04 5.400000000000000000e+01
2.662400000000000000e+04 8.970000000000000284e+01
2.764800000000000000e+04 9.270000000000000284e+01
2.867200000000000000e+04 7.570000000000000284e+01
2.969600000000000000e+04 8.659999999999999432e+01
3.072000000000000000e+04 6.479999999999999716e+01
3.174400000000000000e+04 1.403000000000000114e+02
3.276800000000000000e+04 1.090999999999999943e+02
3.379200000000000000e+04 1.185000000000000000e+02
3.481600000000000000e+04 4.329999999999999716e+01
3.584000000000000000e+04 6.379999999999999716e+01
3.686400000000000000e+04 4.579999999999999716e+01
3.788800000000000000e+04 5.970000000000000284e+01
3.891200000000000000e+04 1.060999999999999943e+02
3.993600000000000000e+04 6.000000000000000000e+01
4.096000000000000000e+04 5.329999999999999716e+01
4.198400000000000000e+04 1.052000000000000028e+02
4.300800000000000000e+04 3.416000000000000227e+02
4.403200000000000000e+04 2.783000000000000114e+02
4.505600000000000000e+04 2.841999999999999886e+02
4.608000000000000000e+04 2.250999999999999943e+02
4.710400000000000000e+04 2.736000000000000227e+02
4.812800000000000000e+04 2.309000000000000057e+02
4.915200000000000000e+04 1.640000000000000000e+02
5.017600000000000000e+04 2.325000000000000000e+02
5.120000000000000000e+04 1.335000000000000000e+02
5.222400000000000000e+04 1.082999999999999972e+02
5.324800000000000000e+04 1.620999999999999943e+02
5.427200000000000000e+04 1.815999999999999943e+02
5.529600000000000000e+04 1.833000000000000114e+02
5.632000000000000000e+04 1.578000000000000114e+02
5.734400000000000000e+04 3.048000000000000114e+02
5.836800000000000000e+04 2.013000000000000114e+02
5.939200000000000000e+04 3.486000000000000227e+02
6.041600000000000000e+04 2.988999999999999773e+02
6.144000000000000000e+04 2.906999999999999886e+02
6.246400000000000000e+04 2.653999999999999773e+02
6.348800000000000000e+04 2.970000000000000000e+02
6.451200000000000000e+04 2.591999999999999886e+02
6.553600000000000000e+04 2.911999999999999886e+02
6.656000000000000000e+04 3.210000000000000000e+02
6.758400000000000000e+04 1.340000000000000000e+02
6.860800000000000000e+04 1.280000000000000000e+02
6.963200000000000000e+04 1.389000000000000057e+02
7.065600000000000000e+04 1.719000000000000057e+02
7.168000000000000000e+04 2.245000000000000000e+02
7.270400000000000000e+04 1.197999999999999972e+02
7.372800000000000000e+04 4.216000000000000227e+02
7.475200000000000000e+04 4.238999999999999773e+02
7.577600000000000000e+04 2.738999999999999773e+02
7.680000000000000000e+04 2.070000000000000000e+02
7.782400000000000000e+04 2.345999999999999943e+02
7.884800000000000000e+04 1.074000000000000057e+02
7.987200000000000000e+04 1.040999999999999943e+02
8.089600000000000000e+04 2.244000000000000057e+02
8.192000000000000000e+04 1.425999999999999943e+02
8.294400000000000000e+04 1.790000000000000000e+02
8.396800000000000000e+04 3.531000000000000227e+02
8.499200000000000000e+04 3.141000000000000227e+02
8.601600000000000000e+04 3.825000000000000000e+02
8.704000000000000000e+04 4.868000000000000114e+02
8.806400000000000000e+04 4.916000000000000227e+02
8.908800000000000000e+04 4.060000000000000000e+02
9.011200000000000000e+04 3.081000000000000227e+02
9.113600000000000000e+04 3.295000000000000000e+02
9.216000000000000000e+04 1.055999999999999943e+02
9.318400000000000000e+04 9.759999999999999432e+01
9.420800000000000000e+04 1.110999999999999943e+02
9.523200000000000000e+04 1.360999999999999943e+02
9.625600000000000000e+04 1.461999999999999886e+02
9.728000000000000000e+04 1.483000000000000114e+02
9.830400000000000000e+04 1.591999999999999886e+02
9.932800000000000000e+04 9.040000000000000568e+01
1.003520000000000000e+05 2.275000000000000000e+02
1.013760000000000000e+05 2.325000000000000000e+02
