0.000000000000000000e+00 1.989999999999999858e+01
1.024000000000000000e+03 1.780000000000000071e+01
2.048000000000000000e+03 2.800000000000000000e+01
3.072000000000000000e+03 2.810000000000000142e+01
4.096000000000000000e+03 3.939999999999999858e+01
5.120000000000000000e+03 3.600000000000000000e+01
6.144000000000000000e+03 4.800000000000000000e+01
7.168000000000000000e+03 2.600000000000000000e+01
8.192000000000000000e+03 5.429999999999999716e+01
9.216000000000000000e+03 5.160000000000000142e+01
1.024000000000000000e+04 4.310000000000000142e+01
1.126400000000000000e+04 3.550000000000000000e+01
1.228800000000000000e+04 7.220000000000000284e+01
1.331200000000000000e+04 5.920000000000000284e+01
1.433600000000000000e+04 7.129999999999999716e+01
1.536000000000000000e+04 7.440000000000000568e+01
1.638400000000000000e+04 7.229999999999999716e+01
1.740800000000000000e+04 7.059999999999999432e+01
1.843200000000000000e+04 6.379999999999999716e+01
1.945600000000000000e+04 6.329999999999999716e+01
2.048000000000000000e+04 9.709999999999999432e+01
2.150400000000000000e+04 1.112000000000000028e+02
2.252800000000000000e+04 1.105000000000000000e+02
2.355200000000000000e+04 5.950000000000000000e+01
2.457600000000000000e+04 6.909999999999999432e+01
2.560000000000000000e+04 1.002000000000000028e+02
2.662400000000000000e+04 1.157000000000000028e+02
2.764800000000000000e+04 9.609999999999999432e+01
2.867200000000000000e+04 5.589999999999999858e+01
2.969600000000000000e+04 1.257999999999999972e+02
3.072000000000000000e+04 7.300000000000000000e+01
3.174400000000000000e+04 7.570000000000000284e+01
3.276800000000000000e+04 7.279999999999999716e+01
3.379200000000000000e+04 1.094000000000000057e+02
3.481600000000000000e+04 1.125999999999999943e+02
3.584000000000000000e+04 6.979999999999999716e+01
3.686400000000000000e+04 1.142999999999999972e+02
3.788800000000000000e+04 6.450000000000000000e+01
3.891200000000000000e+04 1.090000000000000000e+02
3.993600000000000000e+04 1.195999999999999943e+02
4.096000000000000000e+04 1.214000000000000057e+02
4.198400000000000000e+04 8.900000000000000000e+01
4.300800000000000000e+04 8.100000000000000000e+01
4.403200000000000000e+04 1.464000000000000057e+02
4.505600000000000000e+04 7.890000000000000568e+01
4.608000000000000000e+04 8.829999999999999716e+01
4.710400000000000000e+04 1.097000000000000028e+02
4.812800000000000000e+04 1.295000000000000000e+02
4.915200000000000000e+04 1.393000000000000114e+02
5.017600000000000000e+04 7.590000000000000568e+01
5.120000000000000000e+04 1.535999999999999943e+02
5.222400000000000000e+04 7.829999999999999716e+01
5.324800000000000000e+04 5.789999999999999858e+01
5.427200000000000000e+04 8.559999999999999432e+01
5.529600000000000000e+04 1.995999999999999943e+02
5.632000000000000000e+04 8.570000000000000284e+01
5.734400000000000000e+04 2.255999999999999943e+02
5.836800000000000000e+04 1.306999999999999886e+02
5.939200000000000000e+04 1.728000000000000114e+02
6.041600000000000000e+04 2.156999999999999886e+02
6.144000000000000000e+04 1.759000000000000057e+02
6.246400000000000000e+04 9.850000000000000000e+01
6.348800000000000000e+04 1.501999999999999886e+02
6.451200000000000000e+04 6.429999999999999716e+01
6.553600000000000000e+04 5.279999999999999716e+01
6.656000000000000000e+04 4.079999999999999716e+01
6.758400000000000000e+04 7.450000000000000000e+01
6.860800000000000000e+04 1.644000000000000057e+02
6.963200000000000000e+04 1.012999999999999972e+02
7.065600000000000000e+04 1.275999999999999943e+02
7.168000000000000000e+04 8.950000000000000000e+01
7.270400000000000000e+04 1.395999999999999943e+02
7.372800000000000000e+04 6.270000000000000284e+01
7.475200000000000000e+04 6.490000000000000568e+01
7.577600000000000000e+04 9.690000000000000568e+01
7.680000000000000000e+04 9.420000000000000284e+01
7.782400000000000000e+04 1.037999999999999972e+02
7.884800000000000000e+04 8.720000000000000284e+01
7.987200000000000000e+04 7.100000000000000000e+01
8.089600000000000000e+04 1.204000000000000057e+02
8.192000000000000000e+04 9.559999999999999432e+01
8.294400000000000000e+04 1.159000000000000057e+02
8.396800000000000000e+04 7.129999999999999716e+01
8.499200000000000000e+04 4.329999999999999716e+01
8.601600000000000000e+04 1.219000000000000057e+02
8.704000000000000000e+04 6.339999999999999858e+01
8.806400000000000000e+04 1.002000000000000028e+02
8.908800000000000000e+04 8.620000000000000284e+01
9.011200000000000000e+04 8.409999999999999432e+01
9.113600000000000000e+04 1.147000000000000028e+02
9.216000000000000000e+04 9.320000000000000284e+01
9.318400000000000000e+04 6.229999999999999716e+01
9.420800000000000000e+04 6.740000000000000568e+01
9.523200000000000000e+04 9.479999999999999716e+01
9.625600000000000000e+04 8.629999999999999716e+01
9.728000000000000000e+04 9.840000000000000568e+01
9.830400000000000000e+04 5.800000000000000000e+01
9.932800000000000000e+04 1.431999999999999886e+02
1.003520000000000000e+05 1.755999999999999943e+02
1.013760000000000000e+05 2.120000000000000000e+02
