0.000000000000000000e+00 1.459999999999999964e+01
1.024000000000000000e+03 2.110000000000000142e+01
2.048000000000000000e+03 3.150000000000000000e+01
3.072000000000000000e+03 3.550000000000000000e+01
4.096000000000000000e+03 4.620000000000000284e+01
5.120000000000000000e+03 6.709999999999999432e+01
6.144000000000000000e+03 5.710000000000000142e+01
7.168000000000000000e+03 4.900000000000000000e+01
8.192000000000000000e+03 5.589999999999999858e+01
9.216000000000000000e+03 5.579999999999999716e+01
1.024000000000000000e+04 5.500000000000000000e+01
1.126400000000000000e+04 5.600000000000000000e+01
1.228800000000000000e+04 5.850000000000000000e+01
1.331200000000000000e+04 5.450000000000000000e+01
1.433600000000000000e+04 8.440000000000000568e+01
1.536000000000000000e+04 4.729999999999999716e+01
1.638400000000000000e+04 6.300000000000000000e+01
1.740800000000000000e+04 6.429999999999999716e+01
1.843200000000000000e+04 5.400000000000000000e+01
1.945600000000000000e+04 3.180000000000000071e+01
2.048000000000000000e+04 5.800000000000000000e+01
2.150400000000000000e+04 6.820000000000000284e+01
2.252800000000000000e+04 6.379999999999999716e+01
2.355200000000000000e+04 7.070000000000000284e+01
2.457600000000000000e+04 7.490000000000000568e+01
2.560000000000000000e+04 8.479999999999999716e+01
2.662400000000000000e+04 8.359999999999999432e+01
2.764800000000000000e+04 1.232000000000000028e+02
2.867200000000000000e+04 1.089000000000000057e+02
2.969600000000000000e+04 1.217000000000000028e+02
3.072000000000000000e+04 4.250000000000000000e+01
3.174400000000000000e+04 2.760000000000000142e+01
3.276800000000000000e+04 4.200000000000000000e+01
3.379200000000000000e+04 1.381999999999999886e+02
3.481600000000000000e+04 1.799000000000000057e+02
3.584000000000000000e+04 1.220999999999999943e+02
3.686400000000000000e+04 1.005000000000000000e+02
3.788800000000000000e+04 9.879999999999999716e+01
3.891200000000000000e+04 1.110999999999999943e+02
3.993600000000000000e+04 6.300000000000000000e+01
4.096000000000000000e+04 2.141999999999999886e+02
4.198400000000000000e+04 2.530999999999999943e+02
4.300800000000000000e+04 2.220999999999999943e+02
4.403200000000000000e+04 1.489000000000000057e+02
4.505600000000000000e+04 1.092000000000000028e+02
4.608000000000000000e+04 1.435000000000000000e+02
4.710400000000000000e+04 1.500999999999999943e+02
4.812800000000000000e+04 2.428000000000000114e+02
4.915200000000000000e+04 1.740000000000000000e+02
5.017600000000000000e+04 3.841999999999999886e+02
5.120000000000000000e+04 1.825999999999999943e+02
5.222400000000000000e+04 3.058999999999999773e+02
5.324800000000000000e+04 3.491999999999999886e+02
5.427200000000000000e+04 2.234000000000000057e+02
5.529600000000000000e+04 1.324000000000000057e+02
5.632000000000000000e+04 1.859000000000000057e+02
5.734400000000000000e+04 1.676999999999999886e+02
5.836800000000000000e+04 1.050999999999999943e+02
5.939200000000000000e+04 1.062999999999999972e+02
6.041600000000000000e+04 2.750000000000000000e+02
6.144000000000000000e+04 2.878999999999999773e+02
6.246400000000000000e+04 1.846999999999999886e+02
6.348800000000000000e+04 1.344000000000000057e+02
6.451200000000000000e+04 1.568000000000000114e+02
6.553600000000000000e+04 2.025999999999999943e+02
6.656000000000000000e+04 1.418000000000000114e+02
6.758400000000000000e+04 1.112000000000000028e+02
6.860800000000000000e+04 1.324000000000000057e+02
6.963200000000000000e+04 1.296999999999999886e+02
7.065600000000000000e+04 1.619000000000000057e+02
7.168000000000000000e+04 1.855999999999999943e+02
7.270400000000000000e+04 2.116999999999999886e+02
7.372800000000000000e+04 3.755000000000000000e+02
7.475200000000000000e+04 1.423000000000000114e+02
7.577600000000000000e+04 1.668000000000000114e+02
7.680000000000000000e+04 2.775000000000000000e+02
7.782400000000000000e+04 2.178000000000000114e+02
7.884800000000000000e+04 4.955000000000000000e+02
7.987200000000000000e+04 4.903000000000000114e+02
8.089600000000000000e+04 2.731000000000000227e+02
8.192000000000000000e+04 4.471000000000000227e+02
8.294400000000000000e+04 2.856000000000000227e+02
8.396800000000000000e+04 2.144000000000000057e+02
8.499200000000000000e+04 1.229000000000000057e+02
8.601600000000000000e+04 2.458000000000000114e+02
8.704000000000000000e+04 2.070999999999999943e+02
8.806400000000000000e+04 2.951999999999999886e+02
8.908800000000000000e+04 3.393999999999999773e+02
9.011200000000000000e+04 1.500000000000000000e+02
9.113600000000000000e+04 3.148999999999999773e+02
9.216000000000000000e+04 3.666999999999999886e+02
9.318400000000000000e+04 3.773000000000000114e+02
9.420800000000000000e+04 2.470999999999999943e+02
9.523200000000000000e+04 1.485000000000000000e+02
9.625600000000000000e+04 1.575999999999999943e+02
9.728000000000000000e+04 3.145000000000000000e+02
9.830400000000000000e+04 1.272999999999999972e+02
9.932800000000000000e+04 1.441999999999999886e+02
1.003520000000000000e+05 1.275000000000000000e+02
1.013760000000000000e+05 3.891999999999999886e+02
