0.000000000000000000e+00 1.850000000000000000e+01
1.024000000000000000e+03 3.389999999999999858e+01
2.048000000000000000e+03 4.170000000000000284e+01
3.072000000000000000e+03 3.439999999999999858e+01
4.096000000000000000e+03 3.950000000000000000e+01
5.120000000000000000e+03 4.070000000000000284e+01
6.144000000000000000e+03 2.619999999999999929e+01
7.168000000000000000e+03 3.789999999999999858e+01
8.192000000000000000e+03 2.919999999999999929e+01
9.216000000000000000e+03 3.889999999999999858e+01
1.024000000000000000e+04 3.289999999999999858e+01
1.126400000000000000e+04 4.310000000000000142e+01
1.228800000000000000e+04 3.389999999999999858e+01
1.331200000000000000e+04 3.650000000000000000e+01
1.433600000000000000e+04 4.429999999999999716e+01
1.536000000000000000e+04 3.929999999999999716e+01
1.638400000000000000e+04 3.019999999999999929e+01
1.740800000000000000e+04 3.570000000000000284e+01
1.843200000000000000e+04 3.529999999999999716e+01
1.945600000000000000e+04 3.679999999999999716e+01
2.048000000000000000e+04 4.120000000000000284e+01
2.150400000000000000e+04 3.360000000000000142e+01
2.252800000000000000e+04 4.820000000000000284e+01
2.355200000000000000e+04 3.379999999999999716e+01
2.457600000000000000e+04 3.479999999999999716e+01
2.560000000000000000e+04 4.289999999999999858e+01
2.662400000000000000e+04 3.450000000000000000e+01
2.764800000000000000e+04 4.050000000000000000e+01
2.867200000000000000e+04 3.500000000000000000e+01
2.969600000000000000e+04 3.689999999999999858e+01
3.072000000000000000e+04 4.060000000000000142e+01
3.174400000000000000e+04 3.439999999999999858e+01
3.276800000000000000e+04 3.729999999999999716e+01
3.379200000000000000e+04 5.000000000000000000e+01
3.481600000000000000e+04 3.760000000000000142e+01
3.584000000000000000e+04 4.889999999999999858e+01
3.686400000000000000e+04 3.779999999999999716e+01
3.788800000000000000e+04 4.770000000000000284e+01
3.891200000000000000e+04 3.600000000000000000e+01
3.993600000000000000e+04 3.979999999999999716e+01
4.096000000000000000e+04 3.979999999999999716e+01
4.198400000000000000e+04 3.310000000000000142e+01
4.300800000000000000e+04 4.720000000000000284e+01
4.403200000000000000e+04 4.760000000000000142e+01
4.505600000000000000e+04 4.689999999999999858e+01
4.608000000000000000e+04 5.360000000000000142e+01
4.710400000000000000e+04 4.610000000000000142e+01
4.812800000000000000e+04 3.789999999999999858e+01
4.915200000000000000e+04 5.239999999999999858e+01
5.017600000000000000e+04 8.279999999999999716e+01
5.120000000000000000e+04 6.809999999999999432e+01
5.222400000000000000e+04 6.990000000000000568e+01
5.324800000000000000e+04 6.850000000000000000e+01
5.427200000000000000e+04 5.350000000000000000e+01
5.529600000000000000e+04 8.329999999999999716e+01
5.632000000000000000e+04 6.529999999999999716e+01
5.734400000000000000e+04 6.559999999999999432e+01
5.836800000000000000e+04 6.870000000000000284e+01
5.939200000000000000e+04 1.353000000000000114e+02
6.041600000000000000e+04 1.378000000000000114e+02
6.144000000000000000e+04 1.139000000000000057e+02
6.246400000000000000e+04 1.590000000000000000e+02
6.348800000000000000e+04 1.044000000000000057e+02
6.451200000000000000e+04 1.586999999999999886e+02
6.553600000000000000e+04 9.270000000000000284e+01
6.656000000000000000e+04 1.573000000000000114e+02
6.758400000000000000e+04 1.819000000000000057e+02
6.860800000000000000e+04 1.539000000000000057e+02
6.963200000000000000e+04 1.719000000000000057e+02
7.065600000000000000e+04 2.089000000000000057e+02
7.168000000000000000e+04 1.709000000000000057e+02
7.270400000000000000e+04 1.445000000000000000e+02
7.372800000000000000e+04 1.418000000000000114e+02
7.475200000000000000e+04 1.729000000000000057e+02
7.577600000000000000e+04 1.985999999999999943e+02
7.680000000000000000e+04 1.299000000000000057e+02
7.782400000000000000e+04 1.576999999999999886e+02
7.884800000000000000e+04 2.149000000000000057e+02
7.987200000000000000e+04 1.856999999999999886e+02
8.089600000000000000e+04 1.745999999999999943e+02
8.192000000000000000e+04 1.659000000000000057e+02
8.294400000000000000e+04 1.794000000000000057e+02
8.396800000000000000e+04 1.771999999999999886e+02
8.499200000000000000e+04 1.480999999999999943e+02
8.601600000000000000e+04 1.949000000000000057e+02
8.704000000000000000e+04 1.984000000000000057e+02
8.806400000000000000e+04 1.435999999999999943e+02
8.908800000000000000e+04 1.298000000000000114e+02
9.011200000000000000e+04 1.242999999999999972e+02
9.113600000000000000e+04 1.413000000000000114e+02
9.216000000000000000e+04 9.320000000000000284e+01
9.318400000000000000e+04 1.212999999999999972e+02
9.420800000000000000e+04 1.075999999999999943e+02
9.523200000000000000e+04 7.379999999999999716e+01
9.625600000000000000e+04 8.200000000000000000e+01
9.728000000000000000e+04 4.789999999999999858e+01
9.830400000000000000e+04 4.250000000000000000e+01
9.932800000000000000e+04 5.329999999999999716e+01
1.003520000000000000e+05 8.140000000000000568e+01
1.013760000000000000e+05 8.520000000000000284e+01
