0.000000000000000000e+00 3.610000000000000142e+01
1.024000000000000000e+03 4.620000000000000284e+01
2.048000000000000000e+03 3.489999999999999858e+01
3.072000000000000000e+03 3.180000000000000071e+01
4.096000000000000000e+03 5.620000000000000284e+01
5.120000000000000000e+03 6.900000000000000000e+01
6.144000000000000000e+03 9.429999999999999716e+01
7.168000000000000000e+03 4.689999999999999858e+01
8.192000000000000000e+03 1.384000000000000057e+02
9.216000000000000000e+03 1.576999999999999886e+02
1.024000000000000000e+04 1.244000000000000057e+02
1.126400000000000000e+04 1.249000000000000057e+02
1.228800000000000000e+04 7.500000000000000000e+01
1.331200000000000000e+04 1.816999999999999886e+02
1.433600000000000000e+04 1.242999999999999972e+02
1.536000000000000000e+04 1.780999999999999943e+02
1.638400000000000000e+04 3.208000000000000114e+02
1.740800000000000000e+04 1.848000000000000114e+02
1.843200000000000000e+04 1.090999999999999943e+02
1.945600000000000000e+04 1.605000000000000000e+02
2.048000000000000000e+04 2.218000000000000114e+02
2.150400000000000000e+04 1.430999999999999943e+02
2.252800000000000000e+04 3.393000000000000114e+02
2.355200000000000000e+04 3.563999999999999773e+02
2.457600000000000000e+04 1.575000000000000000e+02
2.560000000000000000e+04 4.471000000000000227e+02
2.662400000000000000e+04 3.025000000000000000e+02
2.764800000000000000e+04 2.330999999999999943e+02
2.867200000000000000e+04 1.890000000000000000e+02
2.969600000000000000e+04 1.585000000000000000e+02
3.072000000000000000e+04 1.137000000000000028e+02
3.174400000000000000e+04 3.406999999999999886e+02
3.276800000000000000e+04 1.039000000000000057e+02
3.379200000000000000e+04 3.005000000000000000e+02
3.481600000000000000e+04 1.863000000000000114e+02
3.584000000000000000e+04 1.217000000000000028e+02
3.686400000000000000e+04 3.548999999999999773e+02
3.788800000000000000e+04 3.726999999999999886e+02
3.891200000000000000e+04 3.446999999999999886e+02
3.993600000000000000e+04 3.465000000000000000e+02
4.096000000000000000e+04 2.980000000000000000e+02
4.198400000000000000e+04 1.990999999999999943e+02
4.300800000000000000e+04 2.953999999999999773e+02
4.403200000000000000e+04 2.284000000000000057e+02
4.505600000000000000e+04 4.881999999999999886e+02
4.608000000000000000e+04 1.530999999999999943e+02
4.710400000000000000e+04 3.976999999999999886e+02
4.812800000000000000e+04 1.494000000000000057e+02
4.915200000000000000e+04 3.073000000000000114e+02
5.017600000000000000e+04 1.751999999999999886e+02
5.120000000000000000e+04 1.614000000000000057e+02
5.222400000000000000e+04 1.305999999999999943e+02
5.324800000000000000e+04 1.745999999999999943e+02
5.427200000000000000e+04 2.095000000000000000e+02
5.529600000000000000e+04 1.202000000000000028e+02
5.632000000000000000e+04 2.970000000000000000e+02
5.734400000000000000e+04 1.340999999999999943e+02
5.836800000000000000e+04 5.000000000000000000e+02
5.939200000000000000e+04 4.171999999999999886e+02
6.041600000000000000e+04 1.210000000000000000e+02
6.144000000000000000e+04 3.858000000000000114e+02
6.246400000000000000e+04 2.226999999999999886e+02
6.348800000000000000e+04 4.661999999999999886e+02
6.451200000000000000e+04 1.676999999999999886e+02
6.553600000000000000e+04 3.151999999999999886e+02
6.656000000000000000e+04 1.884000000000000057e+02
6.758400000000000000e+04 3.861000000000000227e+02
6.860800000000000000e+04 1.503000000000000114e+02
6.963200000000000000e+04 5.000000000000000000e+02
7.065600000000000000e+04 1.790000000000000000e+02
7.168000000000000000e+04 1.481999999999999886e+02
7.270400000000000000e+04 1.775999999999999943e+02
7.372800000000000000e+04 2.775000000000000000e+02
7.475200000000000000e+04 1.590999999999999943e+02
7.577600000000000000e+04 1.398000000000000114e+02
7.680000000000000000e+04 2.928000000000000114e+02
7.782400000000000000e+04 1.300999999999999943e+02
7.884800000000000000e+04 2.691999999999999886e+02
7.987200000000000000e+04 1.754000000000000057e+02
8.089600000000000000e+04 1.825000000000000000e+02
8.192000000000000000e+04 2.135999999999999943e+02
8.294400000000000000e+04 1.858000000000000114e+02
8.396800000000000000e+04 1.845000000000000000e+02
8.499200000000000000e+04 2.045000000000000000e+02
8.601600000000000000e+04 1.340999999999999943e+02
8.704000000000000000e+04 1.466999999999999886e+02
8.806400000000000000e+04 2.836999999999999886e+02
8.908800000000000000e+04 2.853000000000000114e+02
9.011200000000000000e+04 1.434000000000000057e+02
9.113600000000000000e+04 1.421999999999999886e+02
9.216000000000000000e+04 1.476999999999999886e+02
9.318400000000000000e+04 1.315000000000000000e+02
9.420800000000000000e+04 1.595000000000000000e+02
9.523200000000000000e+04 2.465000000000000000e+02
9.625600000000000000e+04 2.250999999999999943e+02
9.728000000000000000e+04 3.295000000000000000e+02
9.830400000000000000e+04 2.360999999999999943e+02
9.932800000000000000e+04 1.488000000000000114e+02
1.003520000000000000e+05 3.388999999999999773e+02
1.013760000000000000e+05 4.956000000000000227e+02
1.024000000000000000e+05 3.315000000000000000e+02
