0.000000000000000000e+00 4.889999999999999858e+01
5.000000000000000000e+03 5.379999999999999716e+01
1.000000000000000000e+04 3.829999999999999716e+01
1.500000000000000000e+04 1.293000000000000114e+02
2.000000000000000000e+04 2.088000000000000114e+02
2.500000000000000000e+04 2.233000000000000114e+02
3.000000000000000000e+04 2.926999999999999886e+02
3.500000000000000000e+04 1.127999999999999972e+02
4.000000000000000000e+04 3.051000000000000227e+02
4.500000000000000000e+04 1.360999999999999943e+02
5.000000000000000000e+04 2.463000000000000114e+02
5.500000000000000000e+04 9.159999999999999432e+01
6.000000000000000000e+04 2.203000000000000114e+02
6.500000000000000000e+04 4.526000000000000227e+02
7.000000000000000000e+04 1.559999999999999964e+01
7.500000000000000000e+04 9.890000000000000568e+01
8.000000000000000000e+04 2.155000000000000000e+02
8.500000000000000000e+04 2.970000000000000000e+02
9.000000000000000000e+04 6.200000000000000000e+01
9.500000000000000000e+04 2.495000000000000000e+02
1.000000000000000000e+05 2.089999999999999858e+01
