0.000000000000000000e+00 1.380000000000000071e+01
5.000000000000000000e+03 8.599999999999999645e+00
1.000000000000000000e+04 8.900000000000000355e+00
1.500000000000000000e+04 8.300000000000000711e+00
2.000000000000000000e+04 7.799999999999999822e+00
2.500000000000000000e+04 7.799999999999999822e+00
3.000000000000000000e+04 7.900000000000000355e+00
3.500000000000000000e+04 8.000000000000000000e+00
4.000000000000000000e+04 7.599999999999999645e+00
4.500000000000000000e+04 8.199999999999999289e+00
5.000000000000000000e+04 7.900000000000000355e+00
5.500000000000000000e+04 7.500000000000000000e+00
6.000000000000000000e+04 7.599999999999999645e+00
6.500000000000000000e+04 7.799999999999999822e+00
7.000000000000000000e+04 7.900000000000000355e+00
7.500000000000000000e+04 8.000000000000000000e+00
8.000000000000000000e+04 8.000000000000000000e+00
8.500000000000000000e+04 7.500000000000000000e+00
9.000000000000000000e+04 8.000000000000000000e+00
9.500000000000000000e+04 7.599999999999999645e+00
1.000000000000000000e+05 7.799999999999999822e+00
